"../../../Engine/Content/Animation/DefaultAnimCurveCompressionSettings.uasset" 0
"../../../Engine/Content/Functions/Engine_MaterialFunctions01/Opacity/CameraDepthFade.uasset" 1
"../../../Engine/Content/EngineMaterials/T_Default_Material_Grid_M.uasset" 2
"../../../Engine/Content/EngineMaterials/T_Default_Material_Grid_N.uasset" 3
"../../../Engine/Content/EngineMaterials/WorldGridMaterial.uasset" 4
"../../../Engine/Content/ArtTools/RenderToTexture/Meshes/S_1_Unit_Plane.uasset" 5
"../../../Engine/Content/EngineMaterials/DefaultMaterial.uasset" 6
"../../../Engine/Content/BasicShapes/Cone.uasset" 7
"../../../Engine/Content/BasicShapes/Cube.uasset" 8
"../../../Engine/Content/BasicShapes/Plane.uasset" 9
"../../../Engine/Content/EditorLandscapeResources/DataLayer.uasset" 10
"../../../Engine/Content/EditorLandscapeResources/DefaultAlphaTexture.uasset" 11
"../../../Engine/Content/EditorMaterials/GizmoMaterial.uasset" 12
"../../../Engine/Content/EditorMaterials/MAT_Groups_Toggle.uasset" 13
"../../../Engine/Content/EditorMaterials/MAT_Groups_Visibility.uasset" 14
"../../../Engine/Content/EditorMaterials/PreviewShadowIndicator.uasset" 15
"../../../Engine/Content/EditorMaterials/PreviewShadowIndicatorMaterial.uasset" 16
"../../../Engine/Content/EditorMaterials/MatineeGroups/MAT_ColorTrack.uasset" 17
"../../../Engine/Content/EditorMaterials/MatineeGroups/MAT_Groups_Anim.uasset" 18
"../../../Engine/Content/EditorMaterials/MatineeGroups/MAT_Groups_AudioMaster.uasset" 19
"../../../Engine/Content/EditorMaterials/MatineeGroups/MAT_Groups_Director.uasset" 20
"../../../Engine/Content/EditorMaterials/MatineeGroups/MAT_Groups_Event.uasset" 21
"../../../Engine/Content/EditorMaterials/MatineeGroups/MAT_Groups_Fade.uasset" 22
"../../../Engine/Content/EditorMaterials/MatineeGroups/MAT_Groups_Float.uasset" 23
"../../../Engine/Content/EditorMaterials/MatineeGroups/MAT_Groups_Move.uasset" 24
"../../../Engine/Content/EditorMaterials/MatineeGroups/MAT_Groups_Slomo.uasset" 25
"../../../Engine/Content/EditorMaterials/MatineeGroups/MAT_Groups_Sound.uasset" 26
"../../../Engine/Content/EditorMaterials/MatineeGroups/MAT_Groups_Vector.uasset" 27
"../../../Engine/Content/EditorMaterials/ParticleSystems/PSysThumbnail_NoImage.uasset" 28
"../../../Engine/Content/EditorMaterials/ParticleSystems/PSysThumbnail_OOD.uasset" 29
"../../../Engine/Content/EditorMaterials/Camera/CineMat.uasset" 30
"../../../Engine/Content/EditorMaterials/Camera/MI_CineMat_Rig.uasset" 31
"../../../Engine/Content/EditorMeshes/Camera/SM_CraneRig_Arm.uasset" 32
"../../../Engine/Content/EditorMeshes/Camera/SM_CraneRig_Base.uasset" 33
"../../../Engine/Content/EditorMeshes/Camera/SM_CraneRig_Body.uasset" 34
"../../../Engine/Content/EditorMeshes/Camera/SM_CraneRig_Mount.uasset" 35
"../../../Engine/Content/EditorMeshes/Camera/SM_RailRig_Mount.uasset" 36
"../../../Engine/Content/EditorMeshes/Camera/SM_RailRig_Track.uasset" 37
"../../../Engine/Content/EditorResources/BSPVertex.uasset" 38
"../../../Engine/Content/EditorResources/EmptyActor.uasset" 39
"../../../Engine/Content/EditorResources/S_Actor.uasset" 40
"../../../Engine/Content/EditorResources/S_Note.uasset" 41
"../../../Engine/Content/EditorResources/S_Terrain.uasset" 42
"../../../Engine/Content/EditorResources/S_Trigger.uasset" 43
"../../../Engine/Content/EditorResources/LightIcons/S_LightError.uasset" 44
"../../../Engine/Content/EditorResources/SequenceRecorder/Countdown.uasset" 45
"../../../Engine/Content/EditorResources/SequenceRecorder/RecordingIndicator.uasset" 46
"../../../Engine/Content/EditorSounds/Notifications/CompileFailed.uasset" 47
"../../../Engine/Content/EditorSounds/Notifications/CompileFailed_Cue.uasset" 48
"../../../Engine/Content/EditorSounds/Notifications/CompileSuccess.uasset" 49
"../../../Engine/Content/EditorSounds/Notifications/CompileStart_Cue.uasset" 50
"../../../Engine/Content/EditorSounds/Notifications/CompileSuccess_Cue.uasset" 51
"../../../Engine/Content/EngineDamageTypes/DmgTypeBP_Environmental.uasset" 52
"../../../Engine/Content/EngineDebugMaterials/HeatmapGradient.uasset" 53
"../../../Engine/Content/EngineDebugMaterials/BoneWeightMaterial.uasset" 54
"../../../Engine/Content/EngineDebugMaterials/ClothMaterial.uasset" 55
"../../../Engine/Content/EngineDebugMaterials/ClothMaterial_WF.uasset" 56
"../../../Engine/Content/EngineDebugMaterials/DebugEditorMaterial.uasset" 57
"../../../Engine/Content/EngineDebugMaterials/DebugMeshMaterial.uasset" 58
"../../../Engine/Content/EngineDebugMaterials/GeomMaterial.uasset" 59
"../../../Engine/Content/EngineDebugMaterials/M_SimpleTranslucent.uasset" 60
"../../../Engine/Content/EngineFonts/Faces/RobotoBold.uasset" 61
"../../../Engine/Content/EngineFonts/Faces/RobotoBoldItalic.uasset" 62
"../../../Engine/Content/EngineFonts/Faces/RobotoItalic.uasset" 63
"../../../Engine/Content/EngineFonts/Faces/RobotoLight.uasset" 64
"../../../Engine/Content/EngineFonts/Faces/RobotoRegular.uasset" 65
"../../../Engine/Content/EngineFonts/Roboto.uasset" 66
"../../../Engine/Content/EngineFonts/Faces/RobotoTiny.uasset" 67
"../../../Engine/Content/EngineFonts/RobotoTiny.uasset" 68
"../../../Engine/Content/EngineMaterials/BaseFlattenDiffuseMap.uasset" 69
"../../../Engine/Content/EngineMaterials/BaseFlattenEmissiveMap.uasset" 70
"../../../Engine/Content/EngineMaterials/BaseFlattenGrayscaleMap.uasset" 71
"../../../Engine/Content/EngineMaterials/BaseFlattenNormalMap.uasset" 72
"../../../Engine/Content/EngineMaterials/BaseFlattenMaterial.uasset" 73
"../../../Engine/Content/EngineMaterials/DefaultBloomKernel.uasset" 74
"../../../Engine/Content/EngineMaterials/DefaultBokeh.uasset" 75
"../../../Engine/Content/EngineMaterials/DefaultDiffuse.uasset" 76
"../../../Engine/Content/EngineMaterials/DefaultDeferredDecalMaterial.uasset" 77
"../../../Engine/Content/EngineMaterials/DefaultLightFunctionMaterial.uasset" 78
"../../../Engine/Content/EngineMaterials/DefaultPhysicalMaterial.uasset" 79
"../../../Engine/Content/Functions/Engine_MaterialFunctions02/Utility/BreakOutFloat2Components.uasset" 80
"../../../Engine/Content/EngineMaterials/DefaultPostProcessMaterial.uasset" 81
"../../../Engine/Content/EngineFonts/RobotoDistanceField.uasset" 82
"../../../Engine/Content/EngineMaterials/DefaultTextMaterialOpaque.uasset" 83
"../../../Engine/Content/EngineMaterials/DefaultWhiteGrid.uasset" 84
"../../../Engine/Content/EngineMaterials/EditorBrushMaterial.uasset" 85
"../../../Engine/Content/EngineMaterials/MiniFont.uasset" 86
"../../../Engine/Content/EngineMaterials/InvalidLightmapSettings.uasset" 87
"../../../Engine/Content/EngineMaterials/M_InvalidLightmapSettings.uasset" 88
"../../../Engine/Content/Functions/Engine_MaterialFunctions02/WorldPositionOffset/CameraOffset.uasset" 89
"../../../Engine/Content/EngineMaterials/PhAT_JointLimitMaterial.uasset" 90
"../../../Engine/Content/EngineMaterials/PreintegratedSkinBRDF.uasset" 91
"../../../Engine/Content/EngineMaterials/RemoveSurfaceMaterial.uasset" 92
"../../../Engine/Content/EngineMaterials/WeightMapPlaceholderTexture.uasset" 93
"../../../Engine/Content/EngineResources/WhiteSquareTexture.uasset" 94
"../../../Engine/Content/EngineMaterials/Widget3DPassThrough.uasset" 95
"../../../Engine/Content/EngineMaterials/Widget3DPassThrough_Masked.uasset" 96
"../../../Engine/Content/EngineMaterials/Widget3DPassThrough_Opaque.uasset" 97
"../../../Engine/Content/EngineMaterials/Widget3DPassThrough_Masked_OneSided.uasset" 98
"../../../Engine/Content/EngineMaterials/Widget3DPassThrough_Opaque_OneSided.uasset" 99
"../../../Engine/Content/EngineMaterials/Widget3DPassThrough_Translucent.uasset" 100
"../../../Engine/Content/EngineMaterials/Widget3DPassThrough_Translucent_OneSided.uasset" 101
"../../../Engine/Content/EngineMeshes/Cylinder.uasset" 102
"../../../Engine/Content/EngineMeshes/Sphere.uasset" 103
"../../../Engine/Content/EngineResources/Black.uasset" 104
"../../../Engine/Content/EngineResources/DefaultTexture.uasset" 105
"../../../Engine/Content/EngineResources/DefaultTextureCube.uasset" 106
"../../../Engine/Content/EngineResources/DefaultVolumeTexture2D.uasset" 107
"../../../Engine/Content/EngineResources/DefaultVolumeTexture.uasset" 108
"../../../Engine/Content/EngineResources/GradientTexture0.uasset" 109
"../../../Engine/Content/EngineSounds/Master.uasset" 110
"../../../Engine/Content/Functions/Engine_MaterialFunctions01/Shading/ConvertFromDiffSpec.uasset" 111
"../../../Engine/Content/Functions/Engine_MaterialFunctions01/Shading/PowerToRoughness.uasset" 112
"../../../Engine/Content/Maps/Templates/Thumbnails/Default.uasset" 113
"../../../Engine/Content/Maps/Templates/Thumbnails/VR-Basic.uasset" 114
"../../../Engine/Content/MobileResources/T_MobileControls_texture.uasset" 115
"../../../Engine/Content/MobileResources/T_MobileMenu2.uasset" 116
"../../../Engine/Content/MobileResources/HUD/AnalogHat.uasset" 117
"../../../Engine/Content/MobileResources/HUD/VirtualJoystick_Background.uasset" 118
"../../../Engine/Content/MobileResources/HUD/VirtualJoystick_Thumb.uasset" 119
"../../../Engine/Content/MobileResources/HUD/DefaultVirtualJoysticks.uasset" 120
"../../../Engine/Content/MobileResources/HUD/LeftVirtualJoystickOnly.uasset" 121
"../../../Engine/Content/MobileResources/HUD/MobileHUDButton1_off.uasset" 122
"../../../Engine/Content/MobileResources/HUD/MobileHUDButton1_on.uasset" 123
"../../../Engine/Content/MobileResources/HUD/MobileHUDButton2_off.uasset" 124
"../../../Engine/Content/MobileResources/HUD/MobileHUDButton2_on.uasset" 125
"../../../Engine/Content/MobileResources/HUD/MobileHUDButton3.uasset" 126
"../../../Engine/Content/MobileResources/HUD/MobileHUDButtonFire.uasset" 127
"../../../Engine/Content/MobileResources/HUD/MobileHUDDirectionPad.uasset" 128
"../../../Engine/Content/MobileResources/HUD/MobileHUDDirectionPad2.uasset" 129
"../../../Engine/Content/MobileResources/HUD/MobileHUDDirectionPad3.uasset" 130
"../../../Engine/Content/MobileResources/HUD/MobileHUDDirectionStick.uasset" 131
"../../../Engine/Content/MobileResources/HUD/T_Castle_ThumbstickInner.uasset" 132
"../../../Engine/Content/MobileResources/HUD/T_Castle_ThumbstickOutter.uasset" 133
"../../../Engine/Content/Tutorial/ContentIntroCurve.uasset" 134
"../../../Engine/Content/Tutorial/Basics/LevelEditorAttract.uasset" 135
"../../../Engine/Content/Tutorial/Basics/TutorialAssets/icon_tab_Levels_40x.uasset" 136
"../../../Engine/Content/Tutorial/Basics/LevelEditorOverview.uasset" 137
"../../../Engine/Content/Tutorial/SubEditors/GettingSubstance.uasset" 138
"../../../Engine/Content/VREditor/LaserPointer/VR_LaserPower_01.uasset" 139
"../../../Engine/Content/VREditor/TransformGizmo/TransformGizmoMaterial.uasset" 140
"../../../Engine/Content/VREditor/TransformGizmo/TranslucentTransformGizmoMaterial.uasset" 141
"../../../Engine/Content/VREditor/TransformGizmo/BoundingBoxCorner.uasset" 142
"../../../Engine/Content/VREditor/TransformGizmo/BoundingBoxEdge.uasset" 143
"../../../Engine/Content/VREditor/TransformGizmo/PlaneTranslationHandle.uasset" 144
"../../../Engine/Content/VREditor/TransformGizmo/Main.uasset" 145
"../../../Engine/Content/VREditor/TransformGizmo/Xray.uasset" 146
"../../../Engine/Content/VREditor/TransformGizmo/SM_Sequencer_Key.uasset" 147
"../../../Engine/Content/VREditor/TransformGizmo/SM_Sequencer_Node.uasset" 148
"../../Plugins/2D/Paper2D/Content/PlaceholderTextures/DummySpriteTexture.uasset" 149
"../../Plugins/2D/Paper2D/Content/DummySprite.uasset" 150
"../../Plugins/2D/Paper2D/Content/DefaultPaperTerrainMaterial.uasset" 151
"../../Plugins/2D/Paper2D/Content/DummySpriteTexture.uasset" 152
"../../Plugins/2D/Paper2D/Content/DefaultSpriteMaterial.uasset" 153
"../../Plugins/2D/Paper2D/Content/MaskedUnlitSpriteMaterial.uasset" 154
"../../Plugins/2D/Paper2D/Content/OpaqueUnlitSpriteMaterial.uasset" 155
"../../../Engine/Content/Functions/Engine_MaterialFunctions01/Texturing/FlattenNormal.uasset" 156
"../../../Engine/Content/EngineMaterials/FlatNormal.uasset" 157
"../../Plugins/Enterprise/DatasmithContent/Content/Materials/CE_BaseMaster.uasset" 158
"../../Plugins/Enterprise/DatasmithContent/Content/Materials/CE_OpacityMaster.uasset" 159
"../../Plugins/Enterprise/DatasmithContent/Content/Materials/CE_OpacitySimpleMaster.uasset" 160
"../../Plugins/Enterprise/DatasmithContent/Content/Materials/CE_OpaqueMaster.uasset" 161
"../../../Engine/Content/Functions/Engine_MaterialFunctions01/Texturing/ComputeMipLevel.uasset" 162
"../../../Engine/Content/Functions/Engine_MaterialFunctions01/Texturing/TextureCropping.uasset" 163
"../../../Engine/Content/Functions/Engine_MaterialFunctions02/Utility/BreakOutFloat3Components.uasset" 164
"../../../Engine/Content/Functions/Engine_MaterialFunctions02/ExampleContent/DebugNumberStrip.uasset" 165
"../../../Engine/Content/Functions/Engine_MaterialFunctions02/ExampleContent/Textures/DebugNumberPeriod.uasset" 166
"../../../Engine/Content/Functions/Engine_MaterialFunctions02/Utility/DebugScalarValues.uasset" 167
"../../../Engine/Content/Functions/Engine_MaterialFunctions02/Utility/DebugFloat3Values.uasset" 168
"../../../Engine/Content/Functions/Engine_MaterialFunctions02/Utility/MakeFloat3.uasset" 169
"../../../Engine/Content/Functions/Engine_MaterialFunctions02/Math/RGBtoHSV.uasset" 170
"../../Plugins/Enterprise/DatasmithContent/Content/Materials/Datasmith_Color.uasset" 171
"../../../Engine/Content/Functions/Engine_MaterialFunctions02/ExampleContent/Textures/flipbook.uasset" 172
"../../Plugins/Enterprise/DatasmithContent/Content/Materials/ExtractColor.uasset" 173
"../../Plugins/Enterprise/DatasmithContent/Content/Materials/TileMirrorAxis.uasset" 174
"../../../Engine/Content/Functions/Engine_MaterialFunctions02/Texturing/CustomRotator.uasset" 175
"../../Plugins/Enterprise/DatasmithContent/Content/Materials/UVEdit.uasset" 176
"../../Plugins/Enterprise/DatasmithContent/Content/Materials/Datasmith_Material.uasset" 177
"../../../Engine/Content/Functions/Engine_MaterialFunctions03/Procedurals/NormalFromHeightmap.uasset" 178
"../../../Engine/Content/ArtTools/RenderToTexture/Textures/127grey.uasset" 179
"../../Plugins/Enterprise/DatasmithContent/Content/Materials/RevitMaster.uasset" 180
"../../Plugins/Enterprise/DatasmithContent/Content/Materials/SketchUpMaster.uasset" 181
"../../Plugins/Enterprise/DatasmithContent/Content/Materials/FBXImporter/DeltaGenUVEdit.uasset" 182
"../../Plugins/Enterprise/DatasmithContent/Content/Materials/FBXImporter/DeltaGenBase.uasset" 183
"../../../Engine/Content/EngineMaterials/T_Default_Normal.uasset" 184
"../../Plugins/Enterprise/DatasmithContent/Content/Materials/FBXImporter/DeltaGenMaster.uasset" 185
"../../Plugins/Enterprise/DatasmithContent/Content/Materials/FBXImporter/DeltaGenMasterTransparent.uasset" 186
"../../Plugins/Enterprise/DatasmithContent/Content/Materials/FBXImporter/VRED/VREDRepeatMode.uasset" 187
"../../../Engine/Content/Functions/Engine_MaterialFunctions02/WorldPositionOffset/LocalPosition.uasset" 188
"../../Plugins/Enterprise/DatasmithContent/Content/Materials/FBXImporter/VRED/PlanarMapping.uasset" 189
"../../Plugins/Enterprise/DatasmithContent/Content/Materials/FBXImporter/VRED/ProcessNormal.uasset" 190
"../../../Engine/Content/Functions/Engine_MaterialFunctions02/Utility/MakeFloat2.uasset" 191
"../../../Engine/Content/Functions/Engine_MaterialFunctions02/Utility/VectorLength.uasset" 192
"../../../Engine/Content/Functions/Engine_MaterialFunctions02/WorldPositionOffset/ObjectScale.uasset" 193
"../../Plugins/Enterprise/DatasmithContent/Content/Materials/FBXImporter/VRED/TriplanarMapping.uasset" 194
"../../Plugins/Enterprise/DatasmithContent/Content/Materials/FBXImporter/VRED/UVMapping.uasset" 195
"../../Plugins/Enterprise/DatasmithContent/Content/Materials/FBXImporter/VRED/VREDTextureRead.uasset" 196
"../../../Engine/Content/Functions/Engine_MaterialFunctions01/Texturing/BakedDisplacement.uasset" 197
"../../../Engine/Content/Functions/Engine_MaterialFunctions02/Fresnel_Function.uasset" 198
"../../Plugins/Enterprise/DatasmithContent/Content/Materials/FBXImporter/VRED/Glass.uasset" 199
"../../Plugins/Enterprise/DatasmithContent/Content/Materials/FBXImporter/VRED/Phong.uasset" 200
"../../Plugins/Enterprise/DatasmithContent/Content/Materials/FBXImporter/VRED/Plastic.uasset" 201
"../../Plugins/Runtime/Oculus/OculusVR/Content/OculusMR_RenderTarget.uasset" 202
"../../../Engine/Content/Functions/Engine_MaterialFunctions02/Utility/BreakOutFloat4Components.uasset" 203
"../../Plugins/Runtime/Oculus/OculusVR/Content/Materials/OculusMR_ChromaKey.uasset" 204
"../../Plugins/Runtime/Oculus/OculusVR/Content/Materials/OculusMR_ChromaKey_Lit.uasset" 205
"../../Plugins/Runtime/Oculus/OculusVR/Content/Materials/OculusMR_OpaqueColoredMaterial.uasset" 206
"../../Plugins/Runtime/Oculus/OculusVR/Content/Materials/OculusMR_WhiteMaterial.uasset" 207
"../../Plugins/Runtime/Oculus/OculusVR/Content/Materials/PokeAHoleMaterial.uasset" 208
"../../Plugins/Runtime/Oculus/OculusVR/Content/Textures/GearVRController_AO.uasset" 209
"../../Plugins/Runtime/Oculus/OculusVR/Content/Textures/GearVRController_Color.uasset" 210
"../../Plugins/Runtime/Oculus/OculusVR/Content/Textures/GearVRController_Normal.uasset" 211
"../../Plugins/Runtime/Oculus/OculusVR/Content/Materials/GearVRControllerMaterial.uasset" 212
"../../Plugins/Runtime/Oculus/OculusVR/Content/Meshes/GearVrController.uasset" 213
"../../Plugins/Runtime/Oculus/OculusVR/Content/Textures/touchController_albedo.uasset" 214
"../../Plugins/Runtime/Oculus/OculusVR/Content/Textures/touchController_controlmap.uasset" 215
"../../Plugins/Runtime/Oculus/OculusVR/Content/Materials/touchController_mat.uasset" 216
"../../Plugins/Runtime/Oculus/OculusVR/Content/Meshes/LeftTouchController.uasset" 217
"../../Plugins/Runtime/Oculus/OculusVR/Content/Meshes/RiftHMD.uasset" 218
"../../Plugins/Runtime/Oculus/OculusVR/Content/Meshes/RightTouchController.uasset" 219
"../../../Engine/Content/EditorBlueprintResources/StandardMacros.uasset" 220
"../../../Engine/Content/EngineSky/C_Sky_Cloud_Color.uasset" 221
"../../../Engine/Content/EngineSky/C_Sky_Horizon_Color.uasset" 222
"../../../Engine/Content/EngineSky/C_Sky_Zenith_Color.uasset" 223
"../../../Engine/Content/EngineSky/T_Sky_Blue.uasset" 224
"../../../Engine/Content/EngineSky/T_Sky_Clouds_M.uasset" 225
"../../../Engine/Content/EngineSky/T_Sky_Stars.uasset" 226
"../../../Engine/Content/EngineSky/M_Sky_Panning_Clouds2.uasset" 227
"../../../Engine/Content/EngineSky/SM_SkySphere.uasset" 228
"../../../Engine/Content/EngineSky/BP_Sky_Sphere.uasset" 229
"../../../../../Documents/Unreal Projects/UEVRtrasco/UEVRtrasco/Content/VirtualRealityBP/Blueprints/PickupActorInterface.uasset" 230
"../../../../../Documents/Unreal Projects/UEVRtrasco/UEVRtrasco/Content/VirtualReality/Materials/M_BaseMaterial.uasset" 231
"../../../../../Documents/Unreal Projects/UEVRtrasco/UEVRtrasco/Content/VirtualReality/Materials/MI_SmallCubes.uasset" 232
"../../../../../Documents/Unreal Projects/UEVRtrasco/UEVRtrasco/Content/Geometry/Meshes/CubeMaterial.uasset" 233
"../../../../../Documents/Unreal Projects/UEVRtrasco/UEVRtrasco/Content/Geometry/Meshes/1M_Cube.uasset" 234
"../../../../../Documents/Unreal Projects/UEVRtrasco/UEVRtrasco/Content/My/BP/BP_CubeInt.uasset" 235
"../../../../../Documents/Unreal Projects/UEVRtrasco/UEVRtrasco/Content/My/Widget/Widget_Float.uasset" 236
"../../../../../Documents/Unreal Projects/UEVRtrasco/UEVRtrasco/Content/My/BP/BP_WidgetFloatBack.uasset" 237
"../../../../../Documents/Unreal Projects/UEVRtrasco/UEVRtrasco/Content/VirtualReality/Mannequin/Character/Mesh/MannequinHand_Right_Skeleton.uasset" 238
"../../../../../Documents/Unreal Projects/UEVRtrasco/UEVRtrasco/Content/VirtualReality/Mannequin/Animations/MannequinHand_Right_CanGrab.uasset" 239
"../../../../../Documents/Unreal Projects/UEVRtrasco/UEVRtrasco/Content/VirtualReality/Mannequin/Animations/MannequinHand_Right_Grab.uasset" 240
"../../../../../Documents/Unreal Projects/UEVRtrasco/UEVRtrasco/Content/VirtualReality/Mannequin/Animations/MannequinHand_Right_Open.uasset" 241
"../../../../../Documents/Unreal Projects/UEVRtrasco/UEVRtrasco/Content/VirtualReality/Mannequin/Animations/RightGrip_BS.uasset" 242
"../../../../../Documents/Unreal Projects/UEVRtrasco/UEVRtrasco/Content/VirtualRealityBP/Blueprints/GripEnum.uasset" 243
"../../../../../Documents/Unreal Projects/UEVRtrasco/UEVRtrasco/Content/VirtualReality/Mannequin/Animations/RightHand_AnimBP.uasset" 244
"../../../../../Documents/Unreal Projects/UEVRtrasco/UEVRtrasco/Content/VirtualRealityBP/Blueprints/MotionControllerHaptics.uasset" 245
"../../../Engine/Content/Functions/Engine_MaterialFunctions01/Texturing/ScaleUVsByCenter.uasset" 246
"../../../Engine/Content/Functions/Engine_MaterialFunctions02/ScreenResolution.uasset" 247
"../../../Engine/Content/Functions/Engine_MaterialFunctions02/Texturing/ScreenAlignedUVs.uasset" 248
"../../../Engine/Content/Functions/Engine_MaterialFunctions02/Utility/CameraDirectionVector.uasset" 249
"../../../Engine/Content/Functions/Engine_MaterialFunctions02/Utility/DepthFromWorldPosition.uasset" 250
"../../../../../Documents/Unreal Projects/UEVRtrasco/UEVRtrasco/Content/VirtualReality/Materials/MF_OccludedPixels.uasset" 251
"../../../../../Documents/Unreal Projects/UEVRtrasco/UEVRtrasco/Content/VirtualReality/Materials/TeleportMCP.uasset" 252
"../../../Engine/Content/EngineMaterials/Good64x64TilingNoiseHighFreq.uasset" 253
"../../../../../Documents/Unreal Projects/UEVRtrasco/UEVRtrasco/Content/VirtualReality/Materials/M_ArcEndpoint.uasset" 254
"../../../../../Documents/Unreal Projects/UEVRtrasco/UEVRtrasco/Content/VirtualReality/Materials/M_SplineArcMat.uasset" 255
"../../../../../Documents/Unreal Projects/UEVRtrasco/UEVRtrasco/Content/VirtualReality/Materials/M_TeleportPreviews.uasset" 256
"../../../../../Documents/Unreal Projects/UEVRtrasco/UEVRtrasco/Content/VirtualReality/Materials/MI_ChaperoneOutline.uasset" 257
"../../../../../Documents/Unreal Projects/UEVRtrasco/UEVRtrasco/Content/VirtualReality/Materials/MI_TeleportCylinderPreview.uasset" 258
"../../../Engine/Content/BasicShapes/Cylinder.uasset" 259
"../../../Engine/Content/BasicShapes/Sphere.uasset" 260
"../../../../../Documents/Unreal Projects/UEVRtrasco/UEVRtrasco/Content/VirtualReality/Mannequin/Character/Textures/UE4_Mannequin__normals.uasset" 261
"../../../../../Documents/Unreal Projects/UEVRtrasco/UEVRtrasco/Content/VirtualReality/Mannequin/Character/Textures/UE4_Mannequin_MAT_MASKA.uasset" 262
"../../../../../Documents/Unreal Projects/UEVRtrasco/UEVRtrasco/Content/VirtualReality/Mannequin/Character/Materials/M_HandMat.uasset" 263
"../../../../../Documents/Unreal Projects/UEVRtrasco/UEVRtrasco/Content/VirtualReality/Mannequin/Character/Mesh/MannequinHand_Right_PhysicsAsset.uasset" 264
"../../../../../Documents/Unreal Projects/UEVRtrasco/UEVRtrasco/Content/VirtualReality/Mannequin/Character/Mesh/MannequinHand_Right.uasset" 265
"../../../../../Documents/Unreal Projects/UEVRtrasco/UEVRtrasco/Content/VirtualReality/Meshes/1x1_cube.uasset" 266
"../../../../../Documents/Unreal Projects/UEVRtrasco/UEVRtrasco/Content/VirtualReality/Meshes/BeaconDirection.uasset" 267
"../../../../../Documents/Unreal Projects/UEVRtrasco/UEVRtrasco/Content/VirtualReality/Meshes/BeamMesh.uasset" 268
"../../../../../Documents/Unreal Projects/UEVRtrasco/UEVRtrasco/Content/VirtualReality/Meshes/SM_FatCylinder.uasset" 269
"../../../../../Documents/Unreal Projects/UEVRtrasco/UEVRtrasco/Content/VirtualRealityBP/Blueprints/BP_MotionController.uasset" 270
"../../../../../Documents/Unreal Projects/UEVRtrasco/UEVRtrasco/Content/My/BP/BP_MotionController_Right.uasset" 271
"../../../../../Documents/Unreal Projects/UEVRtrasco/UEVRtrasco/Content/My/Widget/Widget_FloatBar.uasset" 272
"../../../../../Documents/Unreal Projects/UEVRtrasco/UEVRtrasco/Content/My/BP/BP_WidgetFloatBar.uasset" 273
"../../../../../Documents/Unreal Projects/UEVRtrasco/UEVRtrasco/Content/My/Widget/Widget_Int.uasset" 274
"../../../../../Documents/Unreal Projects/UEVRtrasco/UEVRtrasco/Content/My/BP/BP_WidgetIntBack.uasset" 275
"../../../../../Documents/Unreal Projects/UEVRtrasco/UEVRtrasco/Content/My/Widget/Widget_IntBar.uasset" 276
"../../../../../Documents/Unreal Projects/UEVRtrasco/UEVRtrasco/Content/My/BP/BP_WidgetIntBar.uasset" 277
"../../../../../Documents/Unreal Projects/UEVRtrasco/UEVRtrasco/Content/VirtualRealityBP/Blueprints/BP_PickupCube.uasset" 278
"../../../../../Documents/Unreal Projects/UEVRtrasco/UEVRtrasco/Content/VirtualRealityBP/Blueprints/MotionControllerPawn.uasset" 279
"../../../../../Documents/Unreal Projects/UEVRtrasco/UEVRtrasco/Content/My/Map/Map1_BuiltData.uasset" 280
"../../../../../Documents/Unreal Projects/UEVRtrasco/UEVRtrasco/Content/VirtualReality/Materials/MI_BaseMaterial2.uasset" 281
"../../../../../Documents/Unreal Projects/UEVRtrasco/UEVRtrasco/Content/VirtualReality/Materials/MI_BaseMaterial3.uasset" 282
"../../../../../Documents/Unreal Projects/UEVRtrasco/UEVRtrasco/Content/My/Map/Map1.umap" 283
"../../../../../Documents/Unreal Projects/UEVRtrasco/UEVRtrasco/Content/VirtualRealityBP/Maps/MotionControllerMap_BuiltData.uasset" 284
"../../../../../Documents/Unreal Projects/UEVRtrasco/UEVRtrasco/Content/VirtualRealityBP/Maps/MotionControllerMap.umap" 285
"../../../Engine/Content/Maps/Entry_BuiltData.uasset" 286
"../../../Engine/Content/Maps/Entry.umap" 287
