Log file open, 08/27/19 15:48:06
LogWindows: Failed to load 'aqProf.dll' (GetLastError=126)
LogWindows: File 'aqProf.dll' does not exist
LogWindows: Failed to load 'VtuneApi.dll' (GetLastError=126)
LogWindows: File 'VtuneApi.dll' does not exist
LogWindows: Failed to load 'VtuneApi32e.dll' (GetLastError=126)
LogWindows: File 'VtuneApi32e.dll' does not exist
LogConsoleResponse: Display: Failed to find resolution value strings in scalability ini. Falling back to default.
LogInit: Display: Running engine for game: UEVRtrasco
LogPakFile: Registered encryption key '00000000000000000000000000000000': 0 pak files mounted, 0 remain pending
LogPlatformFile: Not using cached read wrapper
LogTaskGraph: Started task graph with 5 named threads and 14 total threads with 3 sets of task threads.
LogStats: Stats thread started at 2.866685
LogD3D11RHI: Loaded GFSDK_Aftermath_Lib.x64.dll
LogICUInternationalization: ICU TimeZone Detection - Raw Offset: +9:00, Platform Override: ''
LogPluginManager: Mounting plugin Paper2D
LogPluginManager: Mounting plugin AISupport
LogPluginManager: Mounting plugin LightPropagationVolume
LogPluginManager: Mounting plugin ActorLayerUtilities
LogPluginManager: Mounting plugin AnimationSharing
LogPluginManager: Mounting plugin CLionSourceCodeAccess
LogPluginManager: Mounting plugin CodeLiteSourceCodeAccess
LogPluginManager: Mounting plugin GitSourceControl
LogPluginManager: Mounting plugin KDevelopSourceCodeAccess
LogPluginManager: Mounting plugin NullSourceCodeAccess
LogPluginManager: Mounting plugin PerforceSourceControl
LogPluginManager: Mounting plugin SubversionSourceControl
LogPluginManager: Mounting plugin UObjectPlugin
LogPluginManager: Mounting plugin VisualStudioCodeSourceCodeAccess
LogPluginManager: Mounting plugin VisualStudioSourceCodeAccess
LogPluginManager: Mounting plugin XCodeSourceCodeAccess
LogPluginManager: Mounting plugin AssetManagerEditor
LogPluginManager: Mounting plugin CryptoKeys
LogPluginManager: Mounting plugin DataValidation
LogPluginManager: Mounting plugin EditorScriptingUtilities
LogPluginManager: Mounting plugin FacialAnimation
LogPluginManager: Mounting plugin GameplayTagsEditor
LogPluginManager: Mounting plugin GLTFImporter
LogPluginManager: Mounting plugin MacGraphicsSwitching
LogPluginManager: Mounting plugin MaterialAnalyzer
LogPluginManager: Mounting plugin MeshEditor
LogPluginManager: Mounting plugin MobileLauncherProfileWizard
LogPluginManager: Mounting plugin PluginBrowser
LogPluginManager: Mounting plugin SpeedTreeImporter
LogPluginManager: Mounting plugin DatasmithContent
LogPluginManager: Mounting plugin VariantManagerContent
LogPluginManager: Mounting plugin AlembicImporter
LogPluginManager: Mounting plugin AppleImageUtils
LogPluginManager: Mounting plugin AppleVision
LogPluginManager: Mounting plugin BackChannel
LogPluginManager: Mounting plugin BlastPlugin
LogPluginManager: Mounting plugin ChaosSolverPlugin
LogPluginManager: Mounting plugin CharacterAI
LogPluginManager: Mounting plugin GeometryCache
LogPluginManager: Mounting plugin GeometryCollectionPlugin
LogPluginManager: Mounting plugin HTML5Networking
LogPluginManager: Mounting plugin ProxyLODPlugin
LogPluginManager: Mounting plugin SkeletalReduction
LogPluginManager: Mounting plugin MagicLeap
LogPluginManager: Mounting plugin MagicLeapMedia
LogPluginManager: Mounting plugin AndroidMedia
LogPluginManager: Mounting plugin AvfMedia
LogPluginManager: Mounting plugin ImgMedia
LogPluginManager: Mounting plugin LinearTimecode
LogPluginManager: Mounting plugin MediaCompositing
LogPluginManager: Mounting plugin MediaPlayerEditor
LogPluginManager: Mounting plugin WebMMedia
LogPluginManager: Mounting plugin WmfMedia
LogPluginManager: Mounting plugin TcpMessaging
LogPluginManager: Mounting plugin UdpMessaging
LogPluginManager: Mounting plugin ActorSequence
LogPluginManager: Mounting plugin LevelSequenceEditor
LogPluginManager: Mounting plugin MatineeToLevelSequence
LogPluginManager: Mounting plugin NetcodeUnitTest
LogPluginManager: Mounting plugin NUTUnrealEngine4
LogPluginManager: Mounting plugin OnlineSubsystemGooglePlay
LogPluginManager: Mounting plugin OnlineSubsystemIOS
LogPluginManager: Mounting plugin OnlineSubsystem
LogPluginManager: Mounting plugin OnlineSubsystemNull
LogPluginManager: Mounting plugin OnlineSubsystemUtils
LogPluginManager: Mounting plugin LauncherChunkInstaller
LogPluginManager: Mounting plugin AndroidDeviceProfileSelector
LogPluginManager: Mounting plugin AndroidMoviePlayer
LogPluginManager: Mounting plugin AndroidPermission
LogPluginManager: Mounting plugin AppleMoviePlayer
LogPluginManager: Mounting plugin ArchVisCharacter
LogPluginManager: Mounting plugin AudioCapture
LogPluginManager: Mounting plugin CableComponent
LogPluginManager: Mounting plugin CustomMeshComponent
LogPluginManager: Mounting plugin EditableMesh
LogPluginManager: Mounting plugin ExampleDeviceProfileSelector
LogPluginManager: Mounting plugin Firebase
LogPluginManager: Mounting plugin GoogleCloudMessaging
LogPluginManager: Mounting plugin IOSDeviceProfileSelector
LogPluginManager: Mounting plugin LinuxDeviceProfileSelector
LogPluginManager: Mounting plugin LocationServicesBPLibrary
LogPluginManager: Mounting plugin MobilePatchingUtils
LogPluginManager: Mounting plugin OculusVR
LogPluginManager: Mounting plugin PhysXVehicles
LogPluginManager: Mounting plugin ProceduralMeshComponent
LogPluginManager: Mounting plugin RuntimePhysXCooking
LogPluginManager: Mounting plugin SignificanceManager
LogPluginManager: Mounting plugin SteamVR
LogPluginManager: Mounting plugin WebMMoviePlayer
LogPluginManager: Mounting plugin WindowsMoviePlayer
LogPluginManager: Mounting plugin DatasmithCADImporter
LogPluginManager: Mounting plugin DatasmithDataPrepEditor
LogPluginManager: Mounting plugin DatasmithFBXImporter
LogPluginManager: Mounting plugin DatasmithGLTFImporter
LogPluginManager: Mounting plugin DatasmithImporter
LogPluginManager: Mounting plugin MDLImporter
LogPluginManager: Mounting plugin StaticMeshEditorExtension
LogPluginManager: Mounting plugin VariantManager
LogInit: Using libcurl 7.55.1-DEV
LogInit:  - built for x86_64-pc-win32
LogInit:  - supports SSL with OpenSSL/1.1.1
LogInit:  - supports HTTP deflate (compression) using libz 1.2.8
LogInit:  - other features:
LogInit:      CURL_VERSION_SSL
LogInit:      CURL_VERSION_LIBZ
LogInit:      CURL_VERSION_IPV6
LogInit:      CURL_VERSION_ASYNCHDNS
LogInit:      CURL_VERSION_LARGEFILE
LogInit:      CURL_VERSION_IDN
LogInit:  CurlRequestOptions (configurable via config and command line):
LogInit:  - bVerifyPeer = true  - Libcurl will verify peer certificate
LogInit:  - bUseHttpProxy = false  - Libcurl will NOT use HTTP proxy
LogInit:  - bDontReuseConnections = false  - Libcurl will reuse connections
LogInit:  - MaxHostConnections = 16  - Libcurl will limit the number of connections to a host
LogInit:  - LocalHostAddr = Default
LogInit:  - BufferSize = 65536
LogInit: WinSock: version 1.1 (2.2), MaxSocks=32767, MaxUdp=65467
LogHMD: Could not determine HMD audio input device
LogInit: Build: ++UE4+Release-4.22-CL-7053642
LogInit: Engine Version: 4.22.3-7053642+++UE4+Release-4.22
LogInit: Compatible Engine Version: 4.22.0-5660361+++UE4+Release-4.22
LogInit: Net CL: 5660361
LogInit: OS: Windows 10 (Release 1809) (), CPU: Intel(R) Core(TM) i5-6500 CPU @ 3.20GHz, GPU: NVIDIA GeForce GTX 1060 3GB
LogInit: Compiled (64-bit): Jun 18 2019 03:09:11
LogInit: Compiled with Visual C++: 19.16.27025.01
LogInit: Build Configuration: Development
LogInit: Branch Name: ++UE4+Release-4.22
LogInit: Command Line: 
LogInit: Base Directory: E:/Epic Games/UE_4.22/Engine/Binaries/Win64/
LogInit: Installed Engine Build: 1
LogDevObjectVersion: Number of dev versions registered: 23
LogDevObjectVersion:   Dev-Blueprints (B0D832E4-1F89-4F0D-ACCF-7EB736FD4AA2): 10
LogDevObjectVersion:   Dev-Build (E1C64328-A22C-4D53-A36C-8E866417BD8C): 0
LogDevObjectVersion:   Dev-Core (375EC13C-06E4-48FB-B500-84F0262A717E): 3
LogDevObjectVersion:   Dev-Editor (E4B068ED-F494-42E9-A231-DA0B2E46BB41): 30
LogDevObjectVersion:   Dev-Framework (CFFC743F-43B0-4480-9391-14DF171D2073): 35
LogDevObjectVersion:   Dev-Mobile (B02B49B5-BB20-44E9-A304-32B752E40360): 2
LogDevObjectVersion:   Dev-Networking (A4E4105C-59A1-49B5-A7C5-40C4547EDFEE): 0
LogDevObjectVersion:   Dev-Online (39C831C9-5AE6-47DC-9A44-9C173E1C8E7C): 0
LogDevObjectVersion:   Dev-Physics (78F01B33-EBEA-4F98-B9B4-84EACCB95AA2): 0
LogDevObjectVersion:   Dev-Platform (6631380F-2D4D-43E0-8009-CF276956A95A): 0
LogDevObjectVersion:   Dev-Rendering (12F88B9F-8875-4AFC-A67C-D90C383ABD29): 28
LogDevObjectVersion:   Dev-Sequencer (7B5AE74C-D270-4C10-A958-57980B212A5A): 11
LogDevObjectVersion:   Dev-VR (D7296918-1DD6-4BDD-9DE2-64A83CC13884): 2
LogDevObjectVersion:   Dev-LoadTimes (C2A15278-BFE7-4AFE-6C17-90FF531DF755): 1
LogDevObjectVersion:   Private-Geometry (6EACA3D4-40EC-4CC1-B786-8BED09428FC5): 3
LogDevObjectVersion:   Dev-AnimPhys (29E575DD-E0A3-4627-9D10-D276232CDCEA): 17
LogDevObjectVersion:   Dev-Anim (AF43A65D-7FD3-4947-9873-3E8ED9C1BB05): 2
LogDevObjectVersion:   Dev-ReflectionCapture (6B266CEC-1EC7-4B8F-A30B-E4D90942FC07): 1
LogDevObjectVersion:   Dev-Automation (0DF73D61-A23F-47EA-B727-89E90C41499A): 1
LogDevObjectVersion:   FortniteMain (601D1886-AC64-4F84-AA16-D3DE0DEAC7D6): 25
LogDevObjectVersion:   Dev-Enterprise (9DFFBCD6-494F-0158-E221-12823C92A888): 6
LogDevObjectVersion:   Dev-Niagara (F2AED0AC-9AFE-416F-8664-AA7FFA26D6FC): 1
LogDevObjectVersion:   Dev-Destruction (174F1F0B-B4C6-45A5-B13F-2EE8D0FB917D): 2
LogInit: Presizing for max 16777216 objects, including 0 objects not considered by GC, pre-allocating 0 bytes for permanent pool.
LogInit: Object subsystem initialized
LogConfig: Setting CVar [[con.DebugEarlyDefault:1]]
LogConfig: Setting CVar [[r.setres:1280x720]]
[2019.08.27-06.48.09:688][  0]LogConfig: Setting CVar [[r.VSync:0]]
[2019.08.27-06.48.09:689][  0]LogConfig: Setting CVar [[r.RHICmdBypass:0]]
[2019.08.27-06.48.09:689][  0]LogConfig: Applying CVar settings from Section [/Script/Engine.RendererSettings] File [E:/Documents/Unreal Projects/UEVRtrasco/UEVRtrasco/Saved/Config/Windows/Engine.ini]
[2019.08.27-06.48.09:689][  0]LogConfig: Setting CVar [[r.GPUCrashDebugging:0]]
[2019.08.27-06.48.09:689][  0]LogConfig: Setting CVar [[r.DefaultFeature.AmbientOcclusion:0]]
[2019.08.27-06.48.09:689][  0]LogConfig: Setting CVar [[r.DefaultFeature.AmbientOcclusionStaticFraction:0]]
[2019.08.27-06.48.09:689][  0]LogConfig: Setting CVar [[vr.InstancedStereo:1]]
[2019.08.27-06.48.09:689][  0]LogConfig: Setting CVar [[r.SeparateTranslucency:0]]
[2019.08.27-06.48.09:689][  0]LogConfig: Setting CVar [[r.HZBOcclusion:0]]
[2019.08.27-06.48.09:689][  0]LogConfig: Setting CVar [[r.SSR.MaxRoughness:0]]
[2019.08.27-06.48.09:689][  0]LogConfig: Setting CVar [[r.rhicmdbypass:0]]
[2019.08.27-06.48.09:689][  0]LogConfig: Applying CVar settings from Section [/Script/Engine.RendererOverrideSettings] File [E:/Documents/Unreal Projects/UEVRtrasco/UEVRtrasco/Saved/Config/Windows/Engine.ini]
[2019.08.27-06.48.09:689][  0]LogConfig: Applying CVar settings from Section [/Script/Engine.StreamingSettings] File [E:/Documents/Unreal Projects/UEVRtrasco/UEVRtrasco/Saved/Config/Windows/Engine.ini]
[2019.08.27-06.48.09:689][  0]LogConfig: Setting CVar [[s.MinBulkDataSizeForAsyncLoading:131072]]
[2019.08.27-06.48.09:689][  0]LogConfig: Setting CVar [[s.AsyncLoadingThreadEnabled:0]]
[2019.08.27-06.48.09:689][  0]LogConfig: Setting CVar [[s.EventDrivenLoaderEnabled:1]]
[2019.08.27-06.48.09:689][  0]LogConfig: Setting CVar [[s.WarnIfTimeLimitExceeded:0]]
[2019.08.27-06.48.09:689][  0]LogConfig: Setting CVar [[s.TimeLimitExceededMultiplier:1.5]]
[2019.08.27-06.48.09:689][  0]LogConfig: Setting CVar [[s.TimeLimitExceededMinTime:0.005]]
[2019.08.27-06.48.09:689][  0]LogConfig: Setting CVar [[s.UseBackgroundLevelStreaming:1]]
[2019.08.27-06.48.09:689][  0]LogConfig: Setting CVar [[s.PriorityAsyncLoadingExtraTime:15.0]]
[2019.08.27-06.48.09:689][  0]LogConfig: Setting CVar [[s.LevelStreamingActorsUpdateTimeLimit:5.0]]
[2019.08.27-06.48.09:689][  0]LogConfig: Setting CVar [[s.PriorityLevelStreamingActorsUpdateExtraTime:5.0]]
[2019.08.27-06.48.09:689][  0]LogConfig: Setting CVar [[s.LevelStreamingComponentsRegistrationGranularity:10]]
[2019.08.27-06.48.09:689][  0]LogConfig: Setting CVar [[s.UnregisterComponentsTimeLimit:1.0]]
[2019.08.27-06.48.09:689][  0]LogConfig: Setting CVar [[s.LevelStreamingComponentsUnregistrationGranularity:5]]
[2019.08.27-06.48.09:689][  0]LogConfig: Applying CVar settings from Section [/Script/Engine.GarbageCollectionSettings] File [E:/Documents/Unreal Projects/UEVRtrasco/UEVRtrasco/Saved/Config/Windows/Engine.ini]
[2019.08.27-06.48.09:689][  0]LogConfig: Setting CVar [[gc.MaxObjectsNotConsideredByGC:1]]
[2019.08.27-06.48.09:689][  0]LogConfig: Setting CVar [[gc.SizeOfPermanentObjectPool:0]]
[2019.08.27-06.48.09:689][  0]LogConfig: Setting CVar [[gc.FlushStreamingOnGC:0]]
[2019.08.27-06.48.09:689][  0]LogConfig: Setting CVar [[gc.NumRetriesBeforeForcingGC:10]]
[2019.08.27-06.48.09:689][  0]LogConfig: Setting CVar [[gc.AllowParallelGC:1]]
[2019.08.27-06.48.09:689][  0]LogConfig: Setting CVar [[gc.TimeBetweenPurgingPendingKillObjects:61.1]]
[2019.08.27-06.48.09:689][  0]LogConfig: Setting CVar [[gc.MaxObjectsInEditor:16777216]]
[2019.08.27-06.48.09:689][  0]LogConfig: Setting CVar [[gc.IncrementalBeginDestroyEnabled:1]]
[2019.08.27-06.48.09:689][  0]LogConfig: Setting CVar [[gc.CreateGCClusters:1]]
[2019.08.27-06.48.09:689][  0]LogConfig: Setting CVar [[gc.MinGCClusterSize:5]]
[2019.08.27-06.48.09:689][  0]LogConfig: Setting CVar [[gc.ActorClusteringEnabled:0]]
[2019.08.27-06.48.09:689][  0]LogConfig: Setting CVar [[gc.BlueprintClusteringEnabled:0]]
[2019.08.27-06.48.09:689][  0]LogConfig: Setting CVar [[gc.UseDisregardForGCOnDedicatedServers:0]]
[2019.08.27-06.48.09:689][  0]LogConfig: Applying CVar settings from Section [/Script/Engine.NetworkSettings] File [E:/Documents/Unreal Projects/UEVRtrasco/UEVRtrasco/Saved/Config/Windows/Engine.ini]
[2019.08.27-06.48.09:689][  0]LogConfig: Applying CVar settings from Section [/Script/UnrealEd.CookerSettings] File [E:/Documents/Unreal Projects/UEVRtrasco/UEVRtrasco/Saved/Config/Windows/Engine.ini]
[2019.08.27-06.48.09:757][  0]LogConfig: Applying CVar settings from Section [ViewDistanceQuality@3] File [E:/Documents/Unreal Projects/UEVRtrasco/UEVRtrasco/Saved/Config/Windows/Scalability.ini]
[2019.08.27-06.48.09:757][  0]LogConfig: Setting CVar [[r.SkeletalMeshLODBias:0]]
[2019.08.27-06.48.09:757][  0]LogConfig: Setting CVar [[r.ViewDistanceScale:1.0]]
[2019.08.27-06.48.09:757][  0]LogConfig: Applying CVar settings from Section [AntiAliasingQuality@3] File [E:/Documents/Unreal Projects/UEVRtrasco/UEVRtrasco/Saved/Config/Windows/Scalability.ini]
[2019.08.27-06.48.09:757][  0]LogConfig: Setting CVar [[r.PostProcessAAQuality:3]]
[2019.08.27-06.48.09:757][  0]LogConfig: Applying CVar settings from Section [ShadowQuality@3] File [E:/Documents/Unreal Projects/UEVRtrasco/UEVRtrasco/Saved/Config/Windows/Scalability.ini]
[2019.08.27-06.48.09:757][  0]LogConfig: Setting CVar [[r.LightFunctionQuality:1]]
[2019.08.27-06.48.09:757][  0]LogConfig: Setting CVar [[r.ShadowQuality:5]]
[2019.08.27-06.48.09:757][  0]LogConfig: Setting CVar [[r.Shadow.CSM.MaxCascades:10]]
[2019.08.27-06.48.09:757][  0]LogConfig: Setting CVar [[r.Shadow.MaxResolution:2048]]
[2019.08.27-06.48.09:757][  0]LogConfig: Setting CVar [[r.Shadow.MaxCSMResolution:2048]]
[2019.08.27-06.48.09:757][  0]LogConfig: Setting CVar [[r.Shadow.RadiusThreshold:0.01]]
[2019.08.27-06.48.09:757][  0]LogConfig: Setting CVar [[r.Shadow.DistanceScale:1.0]]
[2019.08.27-06.48.09:757][  0]LogConfig: Setting CVar [[r.Shadow.CSM.TransitionScale:1.0]]
[2019.08.27-06.48.09:757][  0]LogConfig: Setting CVar [[r.Shadow.PreShadowResolutionFactor:1.0]]
[2019.08.27-06.48.09:757][  0]LogConfig: Setting CVar [[r.DistanceFieldShadowing:1]]
[2019.08.27-06.48.09:757][  0]LogConfig: Setting CVar [[r.DistanceFieldAO:1]]
[2019.08.27-06.48.09:757][  0]LogConfig: Setting CVar [[r.AOQuality:2]]
[2019.08.27-06.48.09:757][  0]LogConfig: Setting CVar [[r.VolumetricFog:1]]
[2019.08.27-06.48.09:757][  0]LogConfig: Setting CVar [[r.VolumetricFog.GridPixelSize:8]]
[2019.08.27-06.48.09:757][  0]LogConfig: Setting CVar [[r.VolumetricFog.GridSizeZ:128]]
[2019.08.27-06.48.09:757][  0]LogConfig: Setting CVar [[r.VolumetricFog.HistoryMissSupersampleCount:4]]
[2019.08.27-06.48.09:757][  0]LogConfig: Setting CVar [[r.LightMaxDrawDistanceScale:1]]
[2019.08.27-06.48.09:757][  0]LogConfig: Setting CVar [[r.CapsuleShadows:1]]
[2019.08.27-06.48.09:758][  0]LogConfig: Applying CVar settings from Section [PostProcessQuality@3] File [E:/Documents/Unreal Projects/UEVRtrasco/UEVRtrasco/Saved/Config/Windows/Scalability.ini]
[2019.08.27-06.48.09:758][  0]LogConfig: Setting CVar [[r.MotionBlurQuality:0]]
[2019.08.27-06.48.09:758][  0]LogConfig: Setting CVar [[r.AmbientOcclusionMipLevelFactor:0.4]]
[2019.08.27-06.48.09:758][  0]LogConfig: Setting CVar [[r.AmbientOcclusionMaxQuality:100]]
[2019.08.27-06.48.09:758][  0]LogConfig: Setting CVar [[r.AmbientOcclusionLevels:0]]
[2019.08.27-06.48.09:758][  0]LogConfig: Setting CVar [[r.AmbientOcclusionRadiusScale:1.0]]
[2019.08.27-06.48.09:758][  0]LogConfig: Setting CVar [[r.DepthOfFieldQuality:0]]
[2019.08.27-06.48.09:758][  0]LogConfig: Setting CVar [[r.RenderTargetPoolMin:400]]
[2019.08.27-06.48.09:758][  0]LogConfig: Setting CVar [[r.LensFlareQuality:0]]
[2019.08.27-06.48.09:758][  0]LogConfig: Setting CVar [[r.SceneColorFringeQuality:0]]
[2019.08.27-06.48.09:758][  0]LogConfig: Setting CVar [[r.EyeAdaptationQuality:2]]
[2019.08.27-06.48.09:758][  0]LogConfig: Setting CVar [[r.BloomQuality:1]]
[2019.08.27-06.48.09:758][  0]LogConfig: Setting CVar [[r.FastBlurThreshold:0]]
[2019.08.27-06.48.09:758][  0]LogConfig: Setting CVar [[r.Upscale.Quality:3]]
[2019.08.27-06.48.09:758][  0]LogConfig: Setting CVar [[r.Tonemapper.GrainQuantization:1]]
[2019.08.27-06.48.09:758][  0]LogConfig: Setting CVar [[r.LightShaftQuality:1]]
[2019.08.27-06.48.09:758][  0]LogConfig: Setting CVar [[r.Filter.SizeScale:1]]
[2019.08.27-06.48.09:758][  0]LogConfig: Setting CVar [[r.Tonemapper.Quality:5]]
[2019.08.27-06.48.09:758][  0]LogConfig: Setting CVar [[r.DOF.Gather.AccumulatorQuality:1        ; higher gathering accumulator quality]]
[2019.08.27-06.48.09:758][  0]LogConfig: Setting CVar [[r.DOF.Gather.PostfilterMethod:1          ; Median3x3 postfilering method]]
[2019.08.27-06.48.09:758][  0]LogConfig: Setting CVar [[r.DOF.Gather.EnableBokehSettings:0       ; no bokeh simulation when gathering]]
[2019.08.27-06.48.09:758][  0]LogConfig: Setting CVar [[r.DOF.Gather.RingCount:4                 ; medium number of samples when gathering]]
[2019.08.27-06.48.09:758][  0]LogConfig: Setting CVar [[r.DOF.Scatter.ForegroundCompositing:1    ; additive foreground scattering]]
[2019.08.27-06.48.09:758][  0]LogConfig: Setting CVar [[r.DOF.Scatter.BackgroundCompositing:2    ; additive background scattering]]
[2019.08.27-06.48.09:758][  0]LogConfig: Setting CVar [[r.DOF.Scatter.EnableBokehSettings:1      ; bokeh simulation when scattering]]
[2019.08.27-06.48.09:758][  0]LogConfig: Setting CVar [[r.DOF.Scatter.MaxSpriteRatio:0.1         ; only a maximum of 10% of scattered bokeh]]
[2019.08.27-06.48.09:758][  0]LogConfig: Setting CVar [[r.DOF.Recombine.Quality:1                ; cheap slight out of focus]]
[2019.08.27-06.48.09:758][  0]LogConfig: Setting CVar [[r.DOF.Recombine.EnableBokehSettings:0    ; no bokeh simulation on slight out of focus]]
[2019.08.27-06.48.09:758][  0]LogConfig: Setting CVar [[r.DOF.TemporalAAQuality:1                ; more stable temporal accumulation]]
[2019.08.27-06.48.09:758][  0]LogConfig: Setting CVar [[r.DOF.Kernel.MaxForegroundRadius:0.025]]
[2019.08.27-06.48.09:758][  0]LogConfig: Setting CVar [[r.DOF.Kernel.MaxBackgroundRadius:0.025]]
[2019.08.27-06.48.09:758][  0]LogConfig: Applying CVar settings from Section [TextureQuality@3] File [E:/Documents/Unreal Projects/UEVRtrasco/UEVRtrasco/Saved/Config/Windows/Scalability.ini]
[2019.08.27-06.48.09:758][  0]LogConfig: Setting CVar [[r.Streaming.MipBias:0]]
[2019.08.27-06.48.09:758][  0]LogConfig: Setting CVar [[r.Streaming.AmortizeCPUToGPUCopy:0]]
[2019.08.27-06.48.09:758][  0]LogConfig: Setting CVar [[r.Streaming.MaxNumTexturesToStreamPerFrame:0]]
[2019.08.27-06.48.09:758][  0]LogConfig: Setting CVar [[r.Streaming.Boost:1]]
[2019.08.27-06.48.09:758][  0]LogConfig: Setting CVar [[r.MaxAnisotropy:8]]
[2019.08.27-06.48.09:758][  0]LogConfig: Setting CVar [[r.Streaming.LimitPoolSizeToVRAM:0]]
[2019.08.27-06.48.09:758][  0]LogConfig: Setting CVar [[r.Streaming.PoolSize:1000]]
[2019.08.27-06.48.09:758][  0]LogConfig: Setting CVar [[r.Streaming.MaxEffectiveScreenSize:0]]
[2019.08.27-06.48.09:758][  0]LogConfig: Applying CVar settings from Section [EffectsQuality@3] File [E:/Documents/Unreal Projects/UEVRtrasco/UEVRtrasco/Saved/Config/Windows/Scalability.ini]
[2019.08.27-06.48.09:758][  0]LogConfig: Setting CVar [[r.TranslucencyLightingVolumeDim:4]]
[2019.08.27-06.48.09:758][  0]LogConfig: Setting CVar [[r.RefractionQuality:2]]
[2019.08.27-06.48.09:758][  0]LogConfig: Setting CVar [[r.SSR.Quality:0]]
[2019.08.27-06.48.09:758][  0]LogConfig: Setting CVar [[r.SceneColorFormat:2]]
[2019.08.27-06.48.09:758][  0]LogConfig: Setting CVar [[r.DetailMode:2]]
[2019.08.27-06.48.09:758][  0]LogConfig: Setting CVar [[r.TranslucencyVolumeBlur:0]]
[2019.08.27-06.48.09:758][  0]LogConfig: Setting CVar [[r.MaterialQualityLevel:1 ; High quality]]
[2019.08.27-06.48.09:758][  0]LogConfig: Setting CVar [[r.SSS.Scale:1]]
[2019.08.27-06.48.09:758][  0]LogConfig: Setting CVar [[r.SSS.SampleSet:2]]
[2019.08.27-06.48.09:758][  0]LogConfig: Setting CVar [[r.SSS.Quality:1]]
[2019.08.27-06.48.09:758][  0]LogConfig: Setting CVar [[r.SSS.HalfRes:1]]
[2019.08.27-06.48.09:758][  0]LogConfig: Setting CVar [[r.EmitterSpawnRateScale:1.0]]
[2019.08.27-06.48.09:758][  0]LogConfig: Setting CVar [[r.ParticleLightQuality:2]]
[2019.08.27-06.48.09:758][  0]LogConfig: Applying CVar settings from Section [FoliageQuality@3] File [E:/Documents/Unreal Projects/UEVRtrasco/UEVRtrasco/Saved/Config/Windows/Scalability.ini]
[2019.08.27-06.48.09:758][  0]LogConfig: Setting CVar [[foliage.DensityScale:1.0]]
[2019.08.27-06.48.09:758][  0]LogConfig: Setting CVar [[grass.DensityScale:1.0]]
[2019.08.27-06.48.09:777][  0]LogInit: Selected Device Profile: [Windows]
[2019.08.27-06.48.09:777][  0]LogInit: Applying CVar settings loaded from the selected device profile: [Windows]
[2019.08.27-06.48.09:842][  0]LogHAL: Display: Platform has ~ 8 GB [8543051776 / 8589934592 / 8], which maps to Default [LargestMinGB=32, LargerMinGB=12, DefaultMinGB=8, SmallerMinGB=6, SmallestMinGB=0)
[2019.08.27-06.48.09:843][  0]LogConfig: Setting CVar [[r.Vulkan.UseRealUBs:0		; Required until we fix HLR fall-out]]
[2019.08.27-06.48.09:843][  0]LogInit: Going up to parent DeviceProfile []
[2019.08.27-06.48.09:843][  0]LogConfig: Applying CVar settings from Section [ViewDistanceQuality@1] File [E:/Documents/Unreal Projects/UEVRtrasco/UEVRtrasco/Saved/Config/Windows/Scalability.ini]
[2019.08.27-06.48.09:843][  0]LogConfig: Setting CVar [[r.SkeletalMeshLODBias:1]]
[2019.08.27-06.48.09:843][  0]LogConfig: Setting CVar [[r.ViewDistanceScale:0.6]]
[2019.08.27-06.48.09:843][  0]LogConfig: Applying CVar settings from Section [AntiAliasingQuality@0] File [E:/Documents/Unreal Projects/UEVRtrasco/UEVRtrasco/Saved/Config/Windows/Scalability.ini]
[2019.08.27-06.48.09:843][  0]LogConfig: Setting CVar [[r.PostProcessAAQuality:0]]
[2019.08.27-06.48.09:843][  0]LogConfig: Applying CVar settings from Section [ShadowQuality@0] File [E:/Documents/Unreal Projects/UEVRtrasco/UEVRtrasco/Saved/Config/Windows/Scalability.ini]
[2019.08.27-06.48.09:843][  0]LogConfig: Setting CVar [[r.LightFunctionQuality:0]]
[2019.08.27-06.48.09:843][  0]LogConfig: Setting CVar [[r.ShadowQuality:0]]
[2019.08.27-06.48.09:843][  0]LogConfig: Setting CVar [[r.Shadow.CSM.MaxCascades:1]]
[2019.08.27-06.48.09:843][  0]LogConfig: Setting CVar [[r.Shadow.MaxResolution:512]]
[2019.08.27-06.48.09:843][  0]LogConfig: Setting CVar [[r.Shadow.MaxCSMResolution:512]]
[2019.08.27-06.48.09:843][  0]LogConfig: Setting CVar [[r.Shadow.RadiusThreshold:0.06]]
[2019.08.27-06.48.09:843][  0]LogConfig: Setting CVar [[r.Shadow.DistanceScale:0.6]]
[2019.08.27-06.48.09:843][  0]LogConfig: Setting CVar [[r.Shadow.CSM.TransitionScale:0]]
[2019.08.27-06.48.09:843][  0]LogConfig: Setting CVar [[r.Shadow.PreShadowResolutionFactor:0.5]]
[2019.08.27-06.48.09:843][  0]LogConfig: Setting CVar [[r.DistanceFieldShadowing:0]]
[2019.08.27-06.48.09:843][  0]LogConfig: Setting CVar [[r.DistanceFieldAO:0]]
[2019.08.27-06.48.09:843][  0]LogConfig: Setting CVar [[r.VolumetricFog:0]]
[2019.08.27-06.48.09:843][  0]LogConfig: Setting CVar [[r.LightMaxDrawDistanceScale:0]]
[2019.08.27-06.48.09:843][  0]LogConfig: Setting CVar [[r.CapsuleShadows:0]]
[2019.08.27-06.48.09:843][  0]LogConfig: Applying CVar settings from Section [PostProcessQuality@0] File [E:/Documents/Unreal Projects/UEVRtrasco/UEVRtrasco/Saved/Config/Windows/Scalability.ini]
[2019.08.27-06.48.09:843][  0]LogConfig: Setting CVar [[r.MotionBlurQuality:0]]
[2019.08.27-06.48.09:843][  0]LogConfig: Setting CVar [[r.AmbientOcclusionMipLevelFactor:1.0]]
[2019.08.27-06.48.09:843][  0]LogConfig: Setting CVar [[r.AmbientOcclusionMaxQuality:0]]
[2019.08.27-06.48.09:844][  0]LogConfig: Setting CVar [[r.AmbientOcclusionLevels:0]]
[2019.08.27-06.48.09:844][  0]LogConfig: Setting CVar [[r.AmbientOcclusionRadiusScale:1.2]]
[2019.08.27-06.48.09:844][  0]LogConfig: Setting CVar [[r.DepthOfFieldQuality:0]]
[2019.08.27-06.48.09:844][  0]LogConfig: Setting CVar [[r.RenderTargetPoolMin:300]]
[2019.08.27-06.48.09:844][  0]LogConfig: Setting CVar [[r.LensFlareQuality:0]]
[2019.08.27-06.48.09:844][  0]LogConfig: Setting CVar [[r.SceneColorFringeQuality:0]]
[2019.08.27-06.48.09:844][  0]LogConfig: Setting CVar [[r.EyeAdaptationQuality:0]]
[2019.08.27-06.48.09:844][  0]LogConfig: Setting CVar [[r.BloomQuality:1]]
[2019.08.27-06.48.09:844][  0]LogConfig: Setting CVar [[r.FastBlurThreshold:0]]
[2019.08.27-06.48.09:844][  0]LogConfig: Setting CVar [[r.Upscale.Quality:1]]
[2019.08.27-06.48.09:844][  0]LogConfig: Setting CVar [[r.Tonemapper.GrainQuantization:0]]
[2019.08.27-06.48.09:844][  0]LogConfig: Setting CVar [[r.LightShaftQuality:0]]
[2019.08.27-06.48.09:844][  0]LogConfig: Setting CVar [[r.Filter.SizeScale:0.6]]
[2019.08.27-06.48.09:844][  0]LogConfig: Setting CVar [[r.Tonemapper.Quality:0]]
[2019.08.27-06.48.09:844][  0]LogConfig: Applying CVar settings from Section [TextureQuality@0] File [E:/Documents/Unreal Projects/UEVRtrasco/UEVRtrasco/Saved/Config/Windows/Scalability.ini]
[2019.08.27-06.48.09:844][  0]LogConfig: Setting CVar [[r.Streaming.MipBias:16]]
[2019.08.27-06.48.09:844][  0]LogConfig: Setting CVar [[r.Streaming.AmortizeCPUToGPUCopy:1]]
[2019.08.27-06.48.09:844][  0]LogConfig: Setting CVar [[r.Streaming.MaxNumTexturesToStreamPerFrame:1]]
[2019.08.27-06.48.09:844][  0]LogConfig: Setting CVar [[r.Streaming.Boost:0.3]]
[2019.08.27-06.48.09:844][  0]LogConfig: Setting CVar [[r.MaxAnisotropy:0]]
[2019.08.27-06.48.09:844][  0]LogConfig: Setting CVar [[r.Streaming.LimitPoolSizeToVRAM:1]]
[2019.08.27-06.48.09:844][  0]LogConfig: Setting CVar [[r.Streaming.PoolSize:400]]
[2019.08.27-06.48.09:844][  0]LogConfig: Setting CVar [[r.Streaming.MaxEffectiveScreenSize:0]]
[2019.08.27-06.48.09:844][  0]LogConfig: Applying CVar settings from Section [EffectsQuality@0] File [E:/Documents/Unreal Projects/UEVRtrasco/UEVRtrasco/Saved/Config/Windows/Scalability.ini]
[2019.08.27-06.48.09:844][  0]LogConfig: Setting CVar [[r.TranslucencyLightingVolumeDim:4]]
[2019.08.27-06.48.09:844][  0]LogConfig: Setting CVar [[r.RefractionQuality:0]]
[2019.08.27-06.48.09:844][  0]LogConfig: Setting CVar [[r.SSR.Quality:0]]
[2019.08.27-06.48.09:844][  0]LogConfig: Setting CVar [[r.SceneColorFormat:2]]
[2019.08.27-06.48.09:844][  0]LogConfig: Setting CVar [[r.DetailMode:0]]
[2019.08.27-06.48.09:844][  0]LogConfig: Setting CVar [[r.TranslucencyVolumeBlur:0]]
[2019.08.27-06.48.09:844][  0]LogConfig: Setting CVar [[r.MaterialQualityLevel:0 ; Low quality]]
[2019.08.27-06.48.09:844][  0]LogConfig: Setting CVar [[r.SSS.Scale:0]]
[2019.08.27-06.48.09:844][  0]LogConfig: Setting CVar [[r.SSS.SampleSet:0]]
[2019.08.27-06.48.09:844][  0]LogConfig: Setting CVar [[r.SSS.Quality:0]]
[2019.08.27-06.48.09:844][  0]LogConfig: Setting CVar [[r.SSS.HalfRes:1]]
[2019.08.27-06.48.09:844][  0]LogConfig: Setting CVar [[r.EmitterSpawnRateScale:0.125]]
[2019.08.27-06.48.09:844][  0]LogConfig: Setting CVar [[r.ParticleLightQuality:0]]
[2019.08.27-06.48.09:844][  0]LogConfig: Applying CVar settings from Section [FoliageQuality@0] File [E:/Documents/Unreal Projects/UEVRtrasco/UEVRtrasco/Saved/Config/Windows/Scalability.ini]
[2019.08.27-06.48.09:844][  0]LogConfig: Setting CVar [[foliage.DensityScale:0]]
[2019.08.27-06.48.09:844][  0]LogConfig: Setting CVar [[grass.DensityScale:0]]
[2019.08.27-06.48.09:844][  0]LogConfig: Applying CVar settings from Section [Startup] File [../../../Engine/Config/ConsoleVariables.ini]
[2019.08.27-06.48.09:875][  0]LogConfig: Setting CVar [[net.UseAdaptiveNetUpdateFrequency:0]]
[2019.08.27-06.48.09:875][  0]LogConfig: Setting CVar [[p.chaos.AllowCreatePhysxBodies:1]]
[2019.08.27-06.48.09:875][  0]LogConfig: Applying CVar settings from Section [ConsoleVariables] File [E:/Documents/Unreal Projects/UEVRtrasco/UEVRtrasco/Saved/Config/Windows/Engine.ini]
[2019.08.27-06.48.09:907][  0]LogInit: Computer: MYCOMPUTER
[2019.08.27-06.48.09:907][  0]LogInit: User: kingw
[2019.08.27-06.48.09:907][  0]LogInit: CPU Page size=4096, Cores=4
[2019.08.27-06.48.09:907][  0]LogInit: High frequency timer resolution =10.000000 MHz
[2019.08.27-06.48.09:907][  0]LogMemory: Memory total: Physical=8.0GB (8GB approx)
[2019.08.27-06.48.09:907][  0]LogMemory: Platform Memory Stats for Windows
[2019.08.27-06.48.09:907][  0]LogMemory: Process Physical Memory: 103.44 MB used, 103.45 MB peak
[2019.08.27-06.48.09:907][  0]LogMemory: Process Virtual Memory: 97.98 MB used, 97.98 MB peak
[2019.08.27-06.48.09:907][  0]LogMemory: Physical Memory: 4616.59 MB used,  3530.70 MB free, 8147.29 MB total
[2019.08.27-06.48.09:907][  0]LogMemory: Virtual Memory: 4671.89 MB used,  134213056.00 MB free, 134217728.00 MB total
[2019.08.27-06.48.10:813][  0]LogInit: Using OS detected language (ja-JP).
[2019.08.27-06.48.10:813][  0]LogInit: Using OS detected locale (ja-JP).
[2019.08.27-06.48.10:870][  0]LogTextLocalizationManager: No specific localization for 'ja-JP' exists, so the 'ja' localization will be used.
[2019.08.27-06.48.11:354][  0]LogInit: Setting process to per monitor DPI aware
[2019.08.27-06.48.12:020][  0]LogSlate: New Slate User Created.  User Index 0, Is Virtual User: 0
[2019.08.27-06.48.12:020][  0]LogSlate: Slate User Registered.  User Index 0, Is Virtual User: 0
[2019.08.27-06.48.16:126][  0]LogD3D11RHI: D3D11 adapters:
[2019.08.27-06.48.16:200][  0]LogD3D11RHI:    0. 'NVIDIA GeForce GTX 1060 3GB' (Feature Level 11_0)
[2019.08.27-06.48.16:200][  0]LogD3D11RHI:       2988/0/4073 MB DedicatedVideo/DedicatedSystem/SharedSystem, Outputs:1, VendorId:0x10de
[2019.08.27-06.48.16:202][  0]LogD3D11RHI:    1. 'Microsoft Basic Render Driver' (Feature Level 11_0)
[2019.08.27-06.48.16:202][  0]LogD3D11RHI:       0/0/4073 MB DedicatedVideo/DedicatedSystem/SharedSystem, Outputs:0, VendorId:0x1414
[2019.08.27-06.48.16:202][  0]LogD3D11RHI: Chosen D3D11 Adapter: 0
[2019.08.27-06.48.16:210][  0]LogD3D11RHI: Creating new Direct3DDevice
[2019.08.27-06.48.16:211][  0]LogD3D11RHI:     GPU DeviceId: 0x1c02 (for the marketing name, search the web for "GPU Device Id")
[2019.08.27-06.48.16:211][  0]LogWindows: EnumDisplayDevices:
[2019.08.27-06.48.16:211][  0]LogWindows:    0. 'NVIDIA GeForce GTX 1060 3GB' (P:1 D:1)
[2019.08.27-06.48.16:211][  0]LogWindows:    1. 'NVIDIA GeForce GTX 1060 3GB' (P:0 D:0)
[2019.08.27-06.48.16:211][  0]LogWindows:    2. 'NVIDIA GeForce GTX 1060 3GB' (P:0 D:0)
[2019.08.27-06.48.16:212][  0]LogWindows:    3. 'NVIDIA GeForce GTX 1060 3GB' (P:0 D:0)
[2019.08.27-06.48.16:212][  0]LogWindows: DebugString: FoundDriverCount:4 
[2019.08.27-06.48.16:212][  0]LogD3D11RHI:     Adapter Name: NVIDIA GeForce GTX 1060 3GB
[2019.08.27-06.48.16:212][  0]LogD3D11RHI:   Driver Version: 436.02 (internal:26.21.14.3602, unified:436.02)
[2019.08.27-06.48.16:212][  0]LogD3D11RHI:      Driver Date: 8-16-2019
[2019.08.27-06.48.16:212][  0]LogRHI: Texture pool is 2091 MB (70% of 2988 MB)
[2019.08.27-06.48.16:297][  0]LogD3D11RHI: Async texture creation enabled
[2019.08.27-06.48.16:415][  0]LogRendererCore: FGlobalReadBuffer::InitRHI
[2019.08.27-06.48.16:421][  0]LogRendererCore: FGlobalReadBuffer::InitRHI
[2019.08.27-06.48.16:421][  0]LogRendererCore: FGlobalReadBuffer::InitRHI
[2019.08.27-06.48.16:448][  0]LogD3D11RHI: GPU Timing Frequency: 1000.000000 (Debug: 2 1)
[2019.08.27-06.48.17:790][  0]LogTemp: Display: Module 'AllDesktopTargetPlatform' loaded TargetPlatform 'AllDesktop'
[2019.08.27-06.48.17:824][  0]LogTemp: Display: Module 'MacClientTargetPlatform' loaded TargetPlatform 'MacClient'
[2019.08.27-06.48.17:867][  0]LogTemp: Display: Module 'MacNoEditorTargetPlatform' loaded TargetPlatform 'MacNoEditor'
[2019.08.27-06.48.17:898][  0]LogTemp: Display: Module 'MacServerTargetPlatform' loaded TargetPlatform 'MacServer'
[2019.08.27-06.48.17:982][  0]LogTemp: Display: Module 'MacTargetPlatform' loaded TargetPlatform 'Mac'
[2019.08.27-06.48.18:047][  0]LogTemp: Display: Module 'WindowsClientTargetPlatform' loaded TargetPlatform 'WindowsClient'
[2019.08.27-06.48.18:087][  0]LogTemp: Display: Module 'WindowsNoEditorTargetPlatform' loaded TargetPlatform 'WindowsNoEditor'
[2019.08.27-06.48.18:125][  0]LogTemp: Display: Module 'WindowsServerTargetPlatform' loaded TargetPlatform 'WindowsServer'
[2019.08.27-06.48.18:153][  0]LogTemp: Display: Module 'WindowsTargetPlatform' loaded TargetPlatform 'Windows'
[2019.08.27-06.48.18:310][  0]LogTemp: Display: Module 'AndroidTargetPlatform' loaded TargetPlatform 'Android'
[2019.08.27-06.48.18:310][  0]LogTemp: Display: Module 'AndroidTargetPlatform' loaded TargetPlatform 'Android_ASTC'
[2019.08.27-06.48.18:310][  0]LogTemp: Display: Module 'AndroidTargetPlatform' loaded TargetPlatform 'Android_ATC'
[2019.08.27-06.48.18:310][  0]LogTemp: Display: Module 'AndroidTargetPlatform' loaded TargetPlatform 'Android_DXT'
[2019.08.27-06.48.18:310][  0]LogTemp: Display: Module 'AndroidTargetPlatform' loaded TargetPlatform 'Android_ETC1'
[2019.08.27-06.48.18:310][  0]LogTemp: Display: Module 'AndroidTargetPlatform' loaded TargetPlatform 'Android_ETC1a'
[2019.08.27-06.48.18:310][  0]LogTemp: Display: Module 'AndroidTargetPlatform' loaded TargetPlatform 'Android_ETC2'
[2019.08.27-06.48.18:310][  0]LogTemp: Display: Module 'AndroidTargetPlatform' loaded TargetPlatform 'Android_PVRTC'
[2019.08.27-06.48.18:310][  0]LogTemp: Display: Module 'AndroidTargetPlatform' loaded TargetPlatform 'AndroidClient'
[2019.08.27-06.48.18:310][  0]LogTemp: Display: Module 'AndroidTargetPlatform' loaded TargetPlatform 'Android_ASTCClient'
[2019.08.27-06.48.18:310][  0]LogTemp: Display: Module 'AndroidTargetPlatform' loaded TargetPlatform 'Android_ATCClient'
[2019.08.27-06.48.18:310][  0]LogTemp: Display: Module 'AndroidTargetPlatform' loaded TargetPlatform 'Android_DXTClient'
[2019.08.27-06.48.18:310][  0]LogTemp: Display: Module 'AndroidTargetPlatform' loaded TargetPlatform 'Android_ETC1Client'
[2019.08.27-06.48.18:310][  0]LogTemp: Display: Module 'AndroidTargetPlatform' loaded TargetPlatform 'Android_ETC1aClient'
[2019.08.27-06.48.18:310][  0]LogTemp: Display: Module 'AndroidTargetPlatform' loaded TargetPlatform 'Android_ETC2Client'
[2019.08.27-06.48.18:310][  0]LogTemp: Display: Module 'AndroidTargetPlatform' loaded TargetPlatform 'Android_PVRTCClient'
[2019.08.27-06.48.18:310][  0]LogTemp: Display: Module 'AndroidTargetPlatform' loaded TargetPlatform 'Android_Multi'
[2019.08.27-06.48.18:310][  0]LogTemp: Display: Module 'AndroidTargetPlatform' loaded TargetPlatform 'Android_MultiClient'
[2019.08.27-06.48.18:334][  0]LogTemp: Display: Module 'HTML5TargetPlatform' loaded TargetPlatform 'HTML5'
[2019.08.27-06.48.18:479][  0]LogTemp: Display: Module 'IOSTargetPlatform' loaded TargetPlatform 'IOSClient'
[2019.08.27-06.48.18:479][  0]LogTemp: Display: Module 'IOSTargetPlatform' loaded TargetPlatform 'IOS'
[2019.08.27-06.48.18:523][  0]LogTemp: Display: Module 'TVOSTargetPlatform' loaded TargetPlatform 'TVOSClient'
[2019.08.27-06.48.18:523][  0]LogTemp: Display: Module 'TVOSTargetPlatform' loaded TargetPlatform 'TVOS'
[2019.08.27-06.48.18:560][  0]LogTemp: Display: Module 'LinuxClientTargetPlatform' loaded TargetPlatform 'LinuxClient'
[2019.08.27-06.48.18:593][  0]LogTemp: Display: Module 'LinuxNoEditorTargetPlatform' loaded TargetPlatform 'LinuxNoEditor'
[2019.08.27-06.48.18:634][  0]LogTemp: Display: Module 'LinuxServerTargetPlatform' loaded TargetPlatform 'LinuxServer'
[2019.08.27-06.48.18:721][  0]LogTemp: Display: Module 'LinuxTargetPlatform' loaded TargetPlatform 'Linux'
[2019.08.27-06.48.18:792][  0]LogTemp: Display: Module 'LuminTargetPlatform' loaded TargetPlatform 'Lumin'
[2019.08.27-06.48.18:792][  0]LogTemp: Display: Module 'LuminTargetPlatform' loaded TargetPlatform 'LuminClient'
[2019.08.27-06.48.18:792][  0]LogTargetPlatformManager: Display: Building Assets For Windows
[2019.08.27-06.48.19:034][  0]LogAudioDebug: Display: Lib vorbis DLL was dynamically loaded.
[2019.08.27-06.48.19:734][  0]LogShaderCompilers: Guid format shader working directory is -16 characters bigger than the processId version (../../../../../Documents/Unreal Projects/UEVRtrasco/UEVRtrasco/Intermediate/Shaders/WorkingDirectory/8652/).
[2019.08.27-06.48.19:734][  0]LogShaderCompilers: Cleaned the shader compiler working directory 'C:/Users/kingw/AppData/Local/Temp/UnrealShaderWorkingDir/FD3A6DDB4BBF91E877D70B95D46A1C97/'.
[2019.08.27-06.48.19:740][  0]LogXGEController: Cleaning working directory: C:/Users/kingw/AppData/Local/Temp/UnrealXGEWorkingDir/
[2019.08.27-06.48.19:740][  0]LogXGEController: Cannot use XGE Controller as Incredibuild is not installed on this machine.
[2019.08.27-06.48.19:741][  0]LogShaderCompilers: Cannot use XGE Shader Compiler as Incredibuild is not installed on this machine.
[2019.08.27-06.48.19:741][  0]LogShaderCompilers: Display: Using Local Shader Compiler.
[2019.08.27-06.48.25:919][  0]LogDerivedDataCache: Display: Max Cache Size: 512 MB
[2019.08.27-06.48.26:482][  0]LogDerivedDataCache: Loaded boot cache 0.56s 89MB C:/Users/kingw/AppData/Local/UnrealEngine/4.22/DerivedDataCache/Boot.ddc.
[2019.08.27-06.48.26:483][  0]LogDerivedDataCache: Display: Loaded Boot cache: C:/Users/kingw/AppData/Local/UnrealEngine/4.22/DerivedDataCache/Boot.ddc
[2019.08.27-06.48.26:483][  0]LogDerivedDataCache: FDerivedDataBackendGraph:  Pak pak cache file ../../../../../Documents/Unreal Projects/UEVRtrasco/UEVRtrasco/DerivedDataCache/DDC.ddp not found, will not use a pak cache.
[2019.08.27-06.48.26:483][  0]LogDerivedDataCache: Unable to find inner node Pak for hierarchical cache Hierarchy.
[2019.08.27-06.48.26:483][  0]LogDerivedDataCache: FDerivedDataBackendGraph:  CompressedPak pak cache file ../../../../../Documents/Unreal Projects/UEVRtrasco/UEVRtrasco/DerivedDataCache/Compressed.ddp not found, will not use a pak cache.
[2019.08.27-06.48.26:483][  0]LogDerivedDataCache: Unable to find inner node CompressedPak for hierarchical cache Hierarchy.
[2019.08.27-06.48.26:651][  0]LogDerivedDataCache: Display: Pak cache opened for reading ../../../Engine/DerivedDataCache/Compressed.ddp.
[2019.08.27-06.48.26:680][  0]LogDerivedDataCache: Display: Pak cache opened for reading ../../../Enterprise/DerivedDataCache/Compressed.ddp.
[2019.08.27-06.48.26:693][  0]LogDerivedDataCache: Using Local data cache path C:/Users/kingw/AppData/Local/UnrealEngine/Common/DerivedDataCache: Writable
[2019.08.27-06.48.26:693][  0]LogDerivedDataCache: Shared data cache path not found in *engine.ini, will not use an Shared cache.
[2019.08.27-06.48.26:693][  0]LogDerivedDataCache: Unable to find inner node Shared for hierarchical cache Hierarchy.
[2019.08.27-06.48.26:734][  0]LogMaterial: Verifying Global Shaders for PCD3D_SM5
[2019.08.27-06.48.26:793][  0]LogSlate: Using FreeType 2.6.0
[2019.08.27-06.48.26:932][  0]LogSlate: SlateFontServices - WITH_FREETYPE: 1, WITH_HARFBUZZ: 1
[2019.08.27-06.48.28:486][  0]LogAssetRegistry: FAssetRegistry took 0.0382 seconds to start up
[2019.08.27-06.48.35:292][  0]LogInit: Selected Device Profile: [Windows]
[2019.08.27-06.48.36:705][  0]LogMeshReduction: Using QuadricMeshReduction for automatic static mesh reduction
[2019.08.27-06.48.36:705][  0]LogMeshReduction: Using SimplygonMeshReduction for automatic skeletal mesh reduction
[2019.08.27-06.48.36:705][  0]LogMeshReduction: Using ProxyLODMeshReduction for automatic mesh merging
[2019.08.27-06.48.36:705][  0]LogMeshReduction: No distributed automatic mesh merging module available
[2019.08.27-06.48.36:705][  0]LogMeshMerging: No distributed automatic mesh merging module available
[2019.08.27-06.48.37:582][  0]LogNetVersion: UEVRtrasco 1.0.0, NetCL: 5660361, EngineNetVer: 10, GameNetVer: 0 (Checksum: 1162023569)
[2019.08.27-06.48.43:546][  0]LogPackageLocalizationCache: Processed 16 localized package path(s) for 1 prioritized culture(s) in 0.188333 seconds
[2019.08.27-06.48.43:666][  0]LogUObjectArray: 42205 objects as part of root set at end of initial load.
[2019.08.27-06.48.43:666][  0]LogUObjectAllocator: 7325032 out of 0 bytes used by permanent object pool.
[2019.08.27-06.48.43:666][  0]LogUObjectArray: CloseDisregardForGC: 0/0 objects in disregard for GC pool
[2019.08.27-06.49.08:235][  0]LogTcpMessaging: Initializing TcpMessaging bridge
[2019.08.27-06.49.08:282][  0]LogUdpMessaging: Initializing bridge on interface 0.0.0.0:0 to multicast group 230.0.0.1:6666.
[2019.08.27-06.49.09:329][  0]SourceControl: ソースコントロールは無効です
[2019.08.27-06.49.09:338][  0]LogWindows: Warning: CreateProc failed: 指定されたファイルが見つかりません。 (0x00000002)
[2019.08.27-06.49.09:338][  0]LogWindows: Warning: URL: C:/Program Files/Git/bin/git.exe version
[2019.08.27-06.49.09:339][  0]LogWindows: Warning: CreateProc failed: 指定されたファイルが見つかりません。 (0x00000002)
[2019.08.27-06.49.09:339][  0]LogWindows: Warning: URL: C:/Program Files (x86)/Git/bin/git.exe version
[2019.08.27-06.49.09:339][  0]LogWindows: Warning: CreateProc failed: 指定されたファイルが見つかりません。 (0x00000002)
[2019.08.27-06.49.09:339][  0]LogWindows: Warning: URL: C:\Users\kingw\AppData\Local/Programs/Git/cmd/git.exe version
[2019.08.27-06.49.09:339][  0]LogWindows: Warning: CreateProc failed: 指定されたファイルが見つかりません。 (0x00000002)
[2019.08.27-06.49.09:339][  0]LogWindows: Warning: URL: C:/Program Files (x86)/SmartGit/git/bin/git.exe version
[2019.08.27-06.49.09:339][  0]LogWindows: Warning: CreateProc failed: 指定されたファイルが見つかりません。 (0x00000002)
[2019.08.27-06.49.09:339][  0]LogWindows: Warning: URL: C:/Program Files (x86)/SmartGit/bin/git.exe version
[2019.08.27-06.49.13:051][  0]LogAndroidPermission: UAndroidPermissionCallbackProxy::GetInstance
[2019.08.27-06.49.13:390][  0]LogOcInput: OculusInput pre-init called
[2019.08.27-06.49.19:842][  0]LogWindows: Failed to load 'libalias_api.dll' (GetLastError=126)
[2019.08.27-06.49.19:842][  0]LogWindows: File 'libalias_api.dll' does not exist
[2019.08.27-06.49.19:843][  0]LogWindows: Failed to load 'libalias_api.dll' (GetLastError=126)
[2019.08.27-06.49.19:843][  0]LogWindows: File 'libalias_api.dll' does not exist
[2019.08.27-06.49.21:796][  0]LogEngine: Initializing Engine...
[2019.08.27-06.49.21:928][  0]LogHMD: Oculus plugin initialized. Version: 4.22.3-7053642+++UE4+Release-4.22, OVRPlugin: 1.32.0
[2019.08.27-06.49.21:954][  0]LogStats: UGameplayTagsManager::InitializeManager -  0.009 s
[2019.08.27-06.49.23:108][  0]LogInit: Initializing FReadOnlyCVARCache
[2019.08.27-06.49.23:775][  0]LogAIModule: Creating AISystem for world Untitled
[2019.08.27-06.49.23:967][  0]LogInit: XAudio2 using 'スピーカー (Realtek High Definition Audio)' : 2 channels at 48 kHz using 32 bits per sample (channel mask 0x3)
[2019.08.27-06.49.24:001][  0]LogInit: FAudioDevice initialized.
[2019.08.27-06.49.24:010][  0]LogNetVersion: Set ProjectVersion to 1.0.0.0. Version Checksum will be recalculated on next use.
[2019.08.27-06.49.24:229][  0]LogDerivedDataCache: Saved boot cache 0.22s 89MB C:/Users/kingw/AppData/Local/UnrealEngine/4.22/DerivedDataCache/Boot.ddc.
[2019.08.27-06.49.24:246][  0]LogInit: Texture streaming: Enabled
[2019.08.27-06.49.24:509][  0]LogEngineSessionManager: EngineSessionManager initialized
[2019.08.27-06.49.24:784][  0]LogInit: Transaction tracking system initialized
[2019.08.27-06.49.25:911][  0]BlueprintLog: New page: エディタの読み込み
[2019.08.27-06.49.27:487][  0]LocalizationService: ローカライズのサービスが無効になりました
[2019.08.27-06.49.31:940][  0]LogFileCache: Scanning file cache for directory 'E:/Documents/Unreal Projects/UEVRtrasco/UEVRtrasco/Content/' took 0.15s
[2019.08.27-06.49.31:940][  0]LogCook: Display: Max memory allowance for cook 16384mb min free memory 0mb
[2019.08.27-06.49.31:940][  0]LogCook: Display: Mobile HDR setting 1
[2019.08.27-06.49.38:940][  0]Cmd: MAP LOAD FILE="../../../../../Documents/Unreal Projects/UEVRtrasco/UEVRtrasco/Content/My/Map/Map1.umap" TEMPLATE=0 SHOWPROGRESS=1 FEATURELEVEL=3
[2019.08.27-06.49.38:960][  0]LightingResults: New page: ライティングのビルド
[2019.08.27-06.49.39:087][  0]MapCheck: New page: マップをチェック
[2019.08.27-06.49.39:087][  0]LightingResults: New page: ライティングのビルド
[2019.08.27-06.49.39:526][  0]LogUObjectHash: Compacting FUObjectHashTables data took  11.35ms
[2019.08.27-06.49.44:758][  0]LogAIModule: Creating AISystem for world Map1
[2019.08.27-06.49.45:368][  0]LogEditorServer: Finished looking for orphan Actors (0.000 secs)
[2019.08.27-06.49.45:506][  0]LogUObjectHash: Compacting FUObjectHashTables data took   2.66ms
[2019.08.27-06.49.45:507][  0]Cmd: MAP CHECKDEP NOCLEARLOG
[2019.08.27-06.49.45:513][  0]MapCheck: マップチェックが完了: 0 エラー、 0 警告、完了に 0.111ミリ秒かかりました。
[2019.08.27-06.49.45:513][  0]LogFileHelpers: Loading map 'Map1' took 6.574
[2019.08.27-06.49.47:781][  0]LogSlate: Updating window title bar state: overlay mode, drag disabled, window buttons hidden, title bar hidden
[2019.08.27-06.49.47:792][  0]LogSlate: Updating window title bar state: overlay mode, drag disabled, window buttons hidden, title bar hidden
[2019.08.27-06.49.47:801][  0]LogSlate: Updating window title bar state: overlay mode, drag disabled, window buttons hidden, title bar hidden
[2019.08.27-06.49.47:810][  0]LogSlate: Updating window title bar state: overlay mode, drag disabled, window buttons hidden, title bar hidden
[2019.08.27-06.49.48:338][  0]LogCollectionManager: Loaded 0 collections in 0.001203 seconds
[2019.08.27-06.49.48:617][  0]LogFileCache: Scanning file cache for directory 'E:/Documents/Unreal Projects/UEVRtrasco/UEVRtrasco/Saved/Collections/' took 0.01s
[2019.08.27-06.49.48:617][  0]LogFileCache: Scanning file cache for directory 'E:/Documents/Unreal Projects/UEVRtrasco/UEVRtrasco/Content/Developers/kingw/Collections/' took 0.01s
[2019.08.27-06.49.48:617][  0]LogFileCache: Scanning file cache for directory 'E:/Documents/Unreal Projects/UEVRtrasco/UEVRtrasco/Content/Collections/' took 0.01s
[2019.08.27-06.49.48:617][  0]LogCollectionManager: Rebuilt the GUID cache for 0 collections in 0.000001 seconds
[2019.08.27-06.49.48:632][  0]LogContentBrowser: Native class hierarchy populated in 0.0118 seconds. Added 2864 classes and 726 folders.
[2019.08.27-06.49.48:811][  0]LogContentBrowser: Native class hierarchy updated for 'WidgetCarousel' in 0.0005 seconds. Added 0 classes and 0 folders.
[2019.08.27-06.49.48:950][  0]LogPakFile: Registered encryption key '00000000000000000000000000000000': 0 pak files mounted, 0 remain pending
[2019.08.27-06.49.49:019][  0]LogPakFile: Registered encryption key '00000000000000000000000000000000': 0 pak files mounted, 0 remain pending
[2019.08.27-06.49.49:038][  0]LogPakFile: Registered encryption key '00000000000000000000000000000000': 0 pak files mounted, 0 remain pending
[2019.08.27-06.49.49:054][  0]LogPakFile: Registered encryption key '00000000000000000000000000000000': 0 pak files mounted, 0 remain pending
[2019.08.27-06.49.49:071][  0]LogPakFile: Registered encryption key '00000000000000000000000000000000': 0 pak files mounted, 0 remain pending
[2019.08.27-06.49.49:085][  0]LogPakFile: Registered encryption key '00000000000000000000000000000000': 0 pak files mounted, 0 remain pending
[2019.08.27-06.49.49:098][  0]LogPakFile: Registered encryption key '00000000000000000000000000000000': 0 pak files mounted, 0 remain pending
[2019.08.27-06.49.49:121][  0]LogPakFile: Registered encryption key '00000000000000000000000000000000': 0 pak files mounted, 0 remain pending
[2019.08.27-06.49.49:135][  0]LogPakFile: Registered encryption key '00000000000000000000000000000000': 0 pak files mounted, 0 remain pending
[2019.08.27-06.49.49:210][  0]LogPakFile: Registered encryption key '00000000000000000000000000000000': 0 pak files mounted, 0 remain pending
[2019.08.27-06.49.49:234][  0]LogPakFile: Registered encryption key '00000000000000000000000000000000': 0 pak files mounted, 0 remain pending
[2019.08.27-06.49.49:247][  0]LogPakFile: Registered encryption key '00000000000000000000000000000000': 0 pak files mounted, 0 remain pending
[2019.08.27-06.49.49:265][  0]LogPakFile: Registered encryption key '00000000000000000000000000000000': 0 pak files mounted, 0 remain pending
[2019.08.27-06.49.49:285][  0]LogPakFile: Registered encryption key '00000000000000000000000000000000': 0 pak files mounted, 0 remain pending
[2019.08.27-06.49.49:304][  0]LogPakFile: Registered encryption key '00000000000000000000000000000000': 0 pak files mounted, 0 remain pending
[2019.08.27-06.49.49:321][  0]LogPakFile: Registered encryption key '00000000000000000000000000000000': 0 pak files mounted, 0 remain pending
[2019.08.27-06.49.49:363][  0]LogPakFile: Registered encryption key '00000000000000000000000000000000': 0 pak files mounted, 0 remain pending
[2019.08.27-06.49.49:371][  0]LogPakFile: Registered encryption key '00000000000000000000000000000000': 0 pak files mounted, 0 remain pending
[2019.08.27-06.49.49:418][  0]LogPakFile: Registered encryption key '00000000000000000000000000000000': 0 pak files mounted, 0 remain pending
[2019.08.27-06.49.49:458][  0]LogPakFile: Registered encryption key '00000000000000000000000000000000': 0 pak files mounted, 0 remain pending
[2019.08.27-06.49.49:464][  0]LogPakFile: Registered encryption key '00000000000000000000000000000000': 0 pak files mounted, 0 remain pending
[2019.08.27-06.49.49:483][  0]LogPakFile: Registered encryption key '00000000000000000000000000000000': 0 pak files mounted, 0 remain pending
[2019.08.27-06.49.49:502][  0]LogPakFile: Registered encryption key '00000000000000000000000000000000': 0 pak files mounted, 0 remain pending
[2019.08.27-06.49.49:521][  0]LogPakFile: Registered encryption key '00000000000000000000000000000000': 0 pak files mounted, 0 remain pending
[2019.08.27-06.49.49:550][  0]LogPakFile: Registered encryption key '00000000000000000000000000000000': 0 pak files mounted, 0 remain pending
[2019.08.27-06.49.49:570][  0]LogPakFile: Registered encryption key '00000000000000000000000000000000': 0 pak files mounted, 0 remain pending
[2019.08.27-06.49.49:586][  0]LogPakFile: Registered encryption key '00000000000000000000000000000000': 0 pak files mounted, 0 remain pending
[2019.08.27-06.49.49:670][  0]LogPakFile: Registered encryption key '00000000000000000000000000000000': 0 pak files mounted, 0 remain pending
[2019.08.27-06.49.50:692][  0]LogContentBrowser: Native class hierarchy updated for 'AddContentDialog' in 0.0003 seconds. Added 0 classes and 0 folders.
[2019.08.27-06.49.50:761][  0]LogContentBrowser: Native class hierarchy updated for 'SceneOutliner' in 0.0004 seconds. Added 1 classes and 0 folders.
[2019.08.27-06.49.51:593][  0]LogSlate: Took 0.016791 seconds to synchronously load lazily loaded font '../../../Engine/Content/Slate/Fonts/Roboto-Regular.ttf' (155K)
[2019.08.27-06.49.51:991][  0]LogSlate: Took 0.349106 seconds to synchronously load lazily loaded font '../../../Engine/Content/Editor/Slate/Fonts/GenEiGothicPro-Regular.otf' (707K)
[2019.08.27-06.49.52:011][  0]LogSlate: Took 0.020088 seconds to synchronously load lazily loaded font '../../../Engine/Content/Editor/Slate/Fonts/GenEiGothicPro-Bold.otf' (698K)
[2019.08.27-06.49.52:064][  0]LogSlate: Took 0.052564 seconds to synchronously load lazily loaded font '../../../Engine/Content/Slate/Fonts/Roboto-Bold.ttf' (160K)
[2019.08.27-06.49.52:201][  0]LogSlate: Took 0.015699 seconds to synchronously load lazily loaded font '../../../Engine/Content/Editor/Slate/Fonts/FontAwesome.ttf' (139K)
[2019.08.27-06.49.52:816][  0]LogRenderer: Reallocating scene render targets to support 1216x572 Format 26 NumSamples 1 (Frame:1).
[2019.08.27-06.49.53:747][  0]LogContentBrowser: Native class hierarchy updated for 'HierarchicalLODOutliner' in 0.0006 seconds. Added 0 classes and 0 folders.
[2019.08.27-06.49.53:747][  0]LogLoad: (Engine Initialization) Total time: 127.06 seconds
[2019.08.27-06.49.53:747][  0]LogLoad: (Engine Initialization) Total Blueprint compile time: 0.00 seconds
[2019.08.27-06.49.53:992][  0]LogOcInput: OculusInput is initialized
[2019.08.27-06.49.54:390][  0]LogContentStreaming: Texture pool size now 400 MB
[2019.08.27-06.49.54:685][  0]LogSlate: Took 0.101234 seconds to synchronously load lazily loaded font '../../../Engine/Content/Slate/Fonts/Roboto-Light.ttf' (167K)
[2019.08.27-06.49.54:961][  1]LogAssetRegistry: Asset discovery search completed in 86.4979 seconds
[2019.08.27-06.49.54:963][  1]LogCollectionManager: Rebuilt the object cache for 0 collections in 0.000001 seconds (found 0 objects)
[2019.08.27-06.49.54:963][  1]LogCollectionManager: Fixed up redirectors for 0 collections in 0.000117 seconds (updated 0 objects)
[2019.08.27-06.50.14:863][466]LogSlate: FSceneViewport::OnFocusLost() reason 0
[2019.08.27-06.50.17:183][668]LogSlate: New Slate User Created.  User Index 8, Is Virtual User: 1
[2019.08.27-06.50.17:183][668]LogSlate: Slate User Registered.  User Index 8, Is Virtual User: 1
[2019.08.27-06.50.32:337][424]LogSlate: FSceneViewport::OnFocusLost() reason 0
[2019.08.27-06.50.33:915][551]LogSlate: Took 0.000272 seconds to synchronously load lazily loaded font '../../../Engine/Content/Slate/Fonts/Roboto-Light.ttf' (167K)
[2019.08.27-06.50.35:179][551]LogSlate: Window '親クラスを選択' being destroyed
[2019.08.27-06.50.48:930][137]LogSlate: Took 0.032890 seconds to synchronously load lazily loaded font '../../../Engine/Content/Editor/Slate/Fonts/GenEiGothicPro-Light.otf' (713K)
[2019.08.27-06.50.48:936][137]LogAssetEditorManager: Opening Asset editor for Blueprint /Game/My/BP/BP_FirstObject.BP_FirstObject
[2019.08.27-06.50.49:814][137]LogContentBrowser: Native class hierarchy updated for 'BlueprintGraph' in 0.0009 seconds. Added 121 classes and 0 folders.
[2019.08.27-06.50.59:258][830]LogRenderer: Reallocating scene render targets to support 1252x692 Format 26 NumSamples 1 (Frame:665).
[2019.08.27-06.50.59:485][857]LogSlate: Window 'BP_FirstObject' being destroyed
[2019.08.27-06.51.36:180][148]LogSlate: Took 0.020400 seconds to synchronously load lazily loaded font '../../../Engine/Content/Slate/Fonts/Roboto-Italic.ttf' (157K)
[2019.08.27-06.51.48:151][561]LogSlate: FSceneViewport::OnFocusLost() reason 0
[2019.08.27-06.51.59:423][749]LogAssetEditorManager: Opening Asset editor for Blueprint /Game/VirtualRealityBP/Blueprints/BP_PickupCube.BP_PickupCube
[2019.08.27-06.51.59:837][749]LogSlate: Took 0.059914 seconds to synchronously load lazily loaded font '../../../Engine/Content/Editor/Slate/Fonts/GenEiGothicPro-SemiBold.otf' (703K)
[2019.08.27-06.51.59:854][749]LogSlate: Took 0.016722 seconds to synchronously load lazily loaded font '../../../Engine/Content/Slate/Fonts/Roboto-BoldCondensed.ttf' (158K)
[2019.08.27-06.52.03:397][120]LogAssetEditorManager: Opening Asset editor for Blueprint /Game/My/BP/BP_CubeInt.BP_CubeInt
[2019.08.27-06.53.01:100][ 28]LogUObjectHash: Compacting FUObjectHashTables data took   3.75ms
[2019.08.27-06.53.03:704][ 28]LogSlate: Window 'コンテンツを保存' being destroyed
[2019.08.27-06.53.03:826][ 28]Cmd: OBJ SAVEPACKAGE PACKAGE="/Game/My/BP/BP_FirstObject" FILE="../../../../../Documents/Unreal Projects/UEVRtrasco/UEVRtrasco/Content/My/BP/BP_FirstObject.uasset" SILENT=true
[2019.08.27-06.53.03:918][ 28]LogSavePackage: Moving '../../../../../Documents/Unreal Projects/UEVRtrasco/UEVRtrasco/Saved/BP_FirstObjectEC9E4735415A9028F9A3648412F690BD.tmp' to '../../../../../Documents/Unreal Projects/UEVRtrasco/UEVRtrasco/Content/My/BP/BP_FirstObject.uasset'
[2019.08.27-06.53.04:520][ 28]LogActorComponent: UnregisterComponent: (/Engine/Transient.EditorFloorComp) Not registered. Aborting.
[2019.08.27-06.53.04:575][ 28]LogActorComponent: UnregisterComponent: (/Engine/Transient.EditorFloorComp) Not registered. Aborting.
[2019.08.27-06.53.04:636][ 28]LogSlate: Window 'UEVRtrasco - Unreal Editor' being destroyed
[2019.08.27-06.53.04:640][ 28]LogWindowsTextInputMethodSystem: Display: IME system now activated using TSF (Microsoft IME).
[2019.08.27-06.53.05:006][ 29]Cmd: QUIT_EDITOR
[2019.08.27-06.53.05:246][ 29]LogExit: Preparing to exit.
[2019.08.27-06.53.05:991][ 29]LogExit: Editor shut down
[2019.08.27-06.53.05:992][ 29]LogExit: Transaction tracking system shut down
[2019.08.27-06.53.07:386][ 29]LogExit: Object subsystem successfully closed.
[2019.08.27-06.53.07:544][ 29]LogShaderCompilers: Display: Shaders left to compile 0
[2019.08.27-06.53.07:568][ 29]LogD3D11RHI: Shutdown
[2019.08.27-06.53.07:568][ 29]LogD3D11RHI: CleanupD3DDevice
[2019.08.27-06.53.07:568][ 29]LogRendererCore: FGlobalReadBuffer::ReleaseRHI
[2019.08.27-06.53.07:568][ 29]LogRendererCore: FGlobalDynamicReadBuffer::Cleanup()
[2019.08.27-06.53.07:568][ 29]LogRendererCore: FGlobalReadBuffer::ReleaseRHI
[2019.08.27-06.53.07:569][ 29]LogRendererCore: FGlobalDynamicReadBuffer::Cleanup()
[2019.08.27-06.53.07:569][ 29]LogRendererCore: FGlobalReadBuffer::ReleaseRHI
[2019.08.27-06.53.07:569][ 29]LogRendererCore: FGlobalDynamicReadBuffer::Cleanup()
[2019.08.27-06.53.07:698][ 29]LogD3D11RHI: ~FD3D11DynamicRHI
[2019.08.27-06.53.08:280][ 29]LogModuleManager: Shutting down and abandoning module BlueprintGraph (686)
[2019.08.27-06.53.08:280][ 29]LogModuleManager: Shutting down and abandoning module HierarchicalLODOutliner (684)
[2019.08.27-06.53.08:280][ 29]LogModuleManager: Shutting down and abandoning module SceneOutliner (682)
[2019.08.27-06.53.08:280][ 29]LogModuleManager: Shutting down and abandoning module AddContentDialog (680)
[2019.08.27-06.53.08:281][ 29]LogModuleManager: Shutting down and abandoning module WidgetCarousel (679)
[2019.08.27-06.53.08:281][ 29]LogModuleManager: Shutting down and abandoning module EditorWidgets (676)
[2019.08.27-06.53.08:281][ 29]LogModuleManager: Shutting down and abandoning module CollectionManager (674)
[2019.08.27-06.53.08:281][ 29]LogModuleManager: Shutting down and abandoning module StatsViewer (672)
[2019.08.27-06.53.08:281][ 29]LogModuleManager: Shutting down and abandoning module FoliageEdit (670)
[2019.08.27-06.53.08:281][ 29]LogModuleManager: Shutting down and abandoning module LandscapeEditor (668)
[2019.08.27-06.53.08:298][ 29]LogModuleManager: Shutting down and abandoning module MeshPaintMode (666)
[2019.08.27-06.53.08:298][ 29]LogModuleManager: Shutting down and abandoning module SceneDepthPickerMode (664)
[2019.08.27-06.53.08:298][ 29]LogModuleManager: Shutting down and abandoning module ActorPickerMode (662)
[2019.08.27-06.53.08:298][ 29]LogModuleManager: Shutting down and abandoning module GeometryMode (660)
[2019.08.27-06.53.08:298][ 29]LogModuleManager: Shutting down and abandoning module TextureAlignMode (658)
[2019.08.27-06.53.08:298][ 29]LogModuleManager: Shutting down and abandoning module BspMode (656)
[2019.08.27-06.53.08:312][ 29]LogModuleManager: Shutting down and abandoning module PIEPreviewDeviceProfileSelector (654)
[2019.08.27-06.53.08:312][ 29]LogModuleManager: Shutting down and abandoning module SequenceRecorderSections (652)
[2019.08.27-06.53.08:312][ 29]LogModuleManager: Shutting down and abandoning module AutomationWorker (650)
[2019.08.27-06.53.08:312][ 29]LogModuleManager: Shutting down and abandoning module DatasmithFBXImporter (648)
[2019.08.27-06.53.08:319][ 29]LogModuleManager: Shutting down and abandoning module DatasmithDeltaGenImporter (646)
[2019.08.27-06.53.08:319][ 29]LogModuleManager: Shutting down and abandoning module DatasmithVREDImporter (644)
[2019.08.27-06.53.08:319][ 29]LogModuleManager: Shutting down and abandoning module OculusMR (642)
[2019.08.27-06.53.08:319][ 29]LogModuleManager: Shutting down and abandoning module AudioCaptureEditor (640)
[2019.08.27-06.53.08:319][ 29]LogModuleManager: Shutting down and abandoning module MatineeToLevelSequence (638)
[2019.08.27-06.53.08:319][ 29]LogModuleManager: Shutting down and abandoning module LevelSequenceEditor (636)
[2019.08.27-06.53.08:346][ 29]LogModuleManager: Shutting down and abandoning module PlacementMode (635)
[2019.08.27-06.53.08:346][ 29]LogModuleManager: Shutting down and abandoning module MaterialEditor (634)
[2019.08.27-06.53.08:394][ 29]LogModuleManager: Shutting down and abandoning module ActorSequenceEditor (630)
[2019.08.27-06.53.08:394][ 29]LogModuleManager: Shutting down and abandoning module WmfMediaFactory (628)
[2019.08.27-06.53.08:394][ 29]LogModuleManager: Shutting down and abandoning module WmfMediaEditor (626)
[2019.08.27-06.53.08:394][ 29]LogModuleManager: Shutting down and abandoning module WebMMediaFactory (624)
[2019.08.27-06.53.08:395][ 29]LogModuleManager: Shutting down and abandoning module WebMMediaEditor (622)
[2019.08.27-06.53.08:395][ 29]LogModuleManager: Shutting down and abandoning module WebMMedia (620)
[2019.08.27-06.53.08:410][ 29]LogModuleManager: Shutting down and abandoning module MediaPlayerEditor (618)
[2019.08.27-06.53.08:410][ 29]LogModuleManager: Shutting down and abandoning module MediaCompositingEditor (616)
[2019.08.27-06.53.08:420][ 29]LogModuleManager: Shutting down and abandoning module SequenceRecorder (615)
[2019.08.27-06.53.08:421][ 29]LogModuleManager: Shutting down and abandoning module OpenExrWrapper (612)
[2019.08.27-06.53.08:421][ 29]LogModuleManager: Shutting down and abandoning module ImgMediaFactory (610)
[2019.08.27-06.53.08:421][ 29]LogModuleManager: Shutting down and abandoning module ImgMediaEditor (608)
[2019.08.27-06.53.08:421][ 29]LogModuleManager: Shutting down and abandoning module AvfMediaFactory (606)
[2019.08.27-06.53.08:421][ 29]LogModuleManager: Shutting down and abandoning module AvfMediaEditor (604)
[2019.08.27-06.53.08:421][ 29]LogModuleManager: Shutting down and abandoning module AndroidMediaFactory (602)
[2019.08.27-06.53.08:421][ 29]LogModuleManager: Shutting down and abandoning module AndroidMediaEditor (600)
[2019.08.27-06.53.08:421][ 29]LogModuleManager: Shutting down and abandoning module MagicLeapCameraPreviewFactory (598)
[2019.08.27-06.53.08:421][ 29]LogModuleManager: Shutting down and abandoning module MagicLeapMediaCodecFactory (596)
[2019.08.27-06.53.08:421][ 29]LogModuleManager: Shutting down and abandoning module MagicLeapMediaFactory (594)
[2019.08.27-06.53.08:421][ 29]LogModuleManager: Shutting down and abandoning module MagicLeapMediaEditor (592)
[2019.08.27-06.53.08:421][ 29]LogModuleManager: Shutting down and abandoning module CharacterAI (590)
[2019.08.27-06.53.08:421][ 29]LogModuleManager: Shutting down and abandoning module SmartSnapping (588)
[2019.08.27-06.53.08:421][ 29]LogModuleManager: Shutting down and abandoning module SessionServices (586)
[2019.08.27-06.53.08:421][ 29]LogModuleManager: Shutting down and abandoning module MeshPaint (584)
[2019.08.27-06.53.08:421][ 29]LogModuleManager: Shutting down and abandoning module ViewportSnapping (582)
[2019.08.27-06.53.08:421][ 29]LogModuleManager: Shutting down and abandoning module ViewportInteraction (580)
[2019.08.27-06.53.08:435][ 29]LogModuleManager: Shutting down and abandoning module ClothPainter (578)
[2019.08.27-06.53.08:435][ 29]LogModuleManager: Shutting down and abandoning module SkeletalMeshEditor (577)
[2019.08.27-06.53.08:460][ 29]LogModuleManager: Shutting down and abandoning module LogVisualizer (574)
[2019.08.27-06.53.08:460][ 29]LogModuleManager: Shutting down and abandoning module IntroTutorials (572)
[2019.08.27-06.53.08:460][ 29]LogModuleManager: Shutting down and abandoning module GameProjectGeneration (571)
[2019.08.27-06.53.08:466][ 29]LogModuleManager: Shutting down and abandoning module LuminPlatformEditor (568)
[2019.08.27-06.53.08:466][ 29]LogModuleManager: Shutting down and abandoning module IOSPlatformEditor (566)
[2019.08.27-06.53.08:466][ 29]LogModuleManager: Shutting down and abandoning module HTML5PlatformEditor (564)
[2019.08.27-06.53.08:466][ 29]LogModuleManager: Shutting down and abandoning module AndroidPlatformEditor (562)
[2019.08.27-06.53.08:466][ 29]LogModuleManager: Shutting down and abandoning module AndroidDeviceDetection (561)
[2019.08.27-06.53.09:149][ 29]LogModuleManager: Shutting down and abandoning module WindowsPlatformEditor (558)
[2019.08.27-06.53.09:149][ 29]LogModuleManager: Shutting down and abandoning module LuminRuntimeSettings (556)
[2019.08.27-06.53.09:149][ 29]LogModuleManager: Shutting down and abandoning module IOSRuntimeSettings (554)
[2019.08.27-06.53.09:149][ 29]LogModuleManager: Shutting down and abandoning module AndroidRuntimeSettings (552)
[2019.08.27-06.53.09:149][ 29]LogModuleManager: Shutting down and abandoning module TimeManagementEditor (550)
[2019.08.27-06.53.09:149][ 29]LogModuleManager: Shutting down and abandoning module InputBindingEditor (548)
[2019.08.27-06.53.09:171][ 29]LogModuleManager: Shutting down and abandoning module MergeActors (546)
[2019.08.27-06.53.09:171][ 29]LogModuleManager: Shutting down and abandoning module LocalizationDashboard (544)
[2019.08.27-06.53.09:171][ 29]LogModuleManager: Shutting down and abandoning module LocalizationService (543)
[2019.08.27-06.53.09:181][ 29]LogModuleManager: Shutting down and abandoning module HardwareTargeting (540)
[2019.08.27-06.53.09:181][ 29]LogModuleManager: Shutting down and abandoning module DeviceProfileEditor (538)
[2019.08.27-06.53.09:181][ 29]LogModuleManager: Shutting down and abandoning module UndoHistory (536)
[2019.08.27-06.53.09:190][ 29]LogModuleManager: Shutting down and abandoning module XmlParser (534)
[2019.08.27-06.53.09:190][ 29]LogModuleManager: Shutting down and abandoning module Blutility (532)
[2019.08.27-06.53.09:191][ 29]LogModuleManager: Shutting down and abandoning module ProjectSettingsViewer (530)
[2019.08.27-06.53.09:191][ 29]LogModuleManager: Shutting down and abandoning module ProjectTargetPlatformEditor (529)
[2019.08.27-06.53.09:191][ 29]LogModuleManager: Shutting down and abandoning module EditorSettingsViewer (526)
[2019.08.27-06.53.09:191][ 29]LogModuleManager: Shutting down and abandoning module SettingsEditor (524)
[2019.08.27-06.53.09:199][ 29]LogModuleManager: Shutting down and abandoning module ProjectLauncher (522)
[2019.08.27-06.53.09:204][ 29]LogModuleManager: Shutting down and abandoning module SessionFrontend (520)
[2019.08.27-06.53.09:204][ 29]LogModuleManager: Shutting down and abandoning module ProfilerClient (518)
[2019.08.27-06.53.09:214][ 29]LogModuleManager: Shutting down and abandoning module DeviceManager (516)
[2019.08.27-06.53.09:214][ 29]LogModuleManager: Shutting down and abandoning module TargetDeviceServices (515)
[2019.08.27-06.53.09:263][ 29]LogModuleManager: Shutting down and abandoning module AutomationController (512)
[2019.08.27-06.53.09:263][ 29]LogModuleManager: Shutting down and abandoning module AutomationWindow (510)
[2019.08.27-06.53.09:264][ 29]LogModuleManager: Shutting down and abandoning module Layers (508)
[2019.08.27-06.53.09:282][ 29]LogModuleManager: Shutting down and abandoning module ComponentVisualizers (506)
[2019.08.27-06.53.09:282][ 29]LogModuleManager: Shutting down and abandoning module DetailCustomizations (504)
[2019.08.27-06.53.09:282][ 29]LogModuleManager: Shutting down and abandoning module PackagesDialog (502)
[2019.08.27-06.53.09:282][ 29]LogModuleManager: Shutting down and abandoning module AnimationBlueprintEditor (500)
[2019.08.27-06.53.09:302][ 29]LogModuleManager: Shutting down and abandoning module Persona (498)
[2019.08.27-06.53.09:319][ 29]LogModuleManager: Shutting down and abandoning module AnimGraph (497)
[2019.08.27-06.53.09:320][ 29]LogModuleManager: Shutting down and abandoning module Kismet (494)
[2019.08.27-06.53.09:324][ 29]LogModuleManager: Shutting down and abandoning module GraphEditor (492)
[2019.08.27-06.53.09:333][ 29]LogModuleManager: Shutting down and abandoning module ClassViewer (490)
[2019.08.27-06.53.09:335][ 29]LogModuleManager: Shutting down and abandoning module Toolbox (488)
[2019.08.27-06.53.09:335][ 29]LogModuleManager: Shutting down and abandoning module ModuleUI (486)
[2019.08.27-06.53.09:344][ 29]LogModuleManager: Shutting down and abandoning module MovieSceneTools (484)
[2019.08.27-06.53.09:354][ 29]LogModuleManager: Shutting down and abandoning module OutputLog (482)
[2019.08.27-06.53.09:354][ 29]LogModuleManager: Shutting down and abandoning module GammaUI (480)
[2019.08.27-06.53.09:367][ 29]LogModuleManager: Shutting down and abandoning module Documentation (478)
[2019.08.27-06.53.09:367][ 29]LogModuleManager: Shutting down and abandoning module LiveCoding (476)
[2019.08.27-06.53.09:367][ 29]LogModuleManager: Shutting down and abandoning module LevelSequence (474)
[2019.08.27-06.53.09:367][ 29]LogModuleManager: Shutting down and abandoning module MovieSceneTracks (472)
[2019.08.27-06.53.09:367][ 29]LogModuleManager: Shutting down and abandoning module MovieScene (470)
[2019.08.27-06.53.09:372][ 29]LogModuleManager: Shutting down and abandoning module StreamingPauseRendering (468)
[2019.08.27-06.53.09:372][ 29]LogModuleManager: Shutting down and abandoning module LauncherPlatform (466)
[2019.08.27-06.53.09:372][ 29]LogModuleManager: Shutting down and abandoning module AnalyticsET (464)
[2019.08.27-06.53.09:372][ 29]LogModuleManager: Shutting down and abandoning module PortalServices (462)
[2019.08.27-06.53.09:372][ 29]LogModuleManager: Shutting down and abandoning module PortalRpc (460)
[2019.08.27-06.53.09:372][ 29]LogModuleManager: Shutting down and abandoning module MessagingRpc (458)
[2019.08.27-06.53.09:372][ 29]LogModuleManager: Shutting down and abandoning module AIModule (456)
[2019.08.27-06.53.09:377][ 29]LogModuleManager: Shutting down and abandoning module GameplayDebugger (455)
[2019.08.27-06.53.09:377][ 29]LogModuleManager: Shutting down and abandoning module AITestSuite (453)
[2019.08.27-06.53.09:377][ 29]LogModuleManager: Shutting down and abandoning module NavigationSystem (451)
[2019.08.27-06.53.09:377][ 29]LogModuleManager: Shutting down and abandoning module DesktopPlatform (448)
[2019.08.27-06.53.09:377][ 29]LogModuleManager: Shutting down and abandoning module ImageWriteQueue (446)
[2019.08.27-06.53.09:380][ 29]LogModuleManager: Shutting down and abandoning module ProfilerService (444)
[2019.08.27-06.53.09:611][ 29]LogModuleManager: Shutting down and abandoning module TaskGraph (442)
[2019.08.27-06.53.09:611][ 29]LogModuleManager: Shutting down and abandoning module DatasmithCADImporter (440)
[2019.08.27-06.53.09:612][ 29]LogModuleManager: Shutting down and abandoning module VariantManager (438)
[2019.08.27-06.53.09:650][ 29]LogModuleManager: Shutting down and abandoning module StaticMeshEditorExtension (436)
[2019.08.27-06.53.09:650][ 29]LogModuleManager: Shutting down and abandoning module StaticMeshEditor (435)
[2019.08.27-06.53.09:669][ 29]LogModuleManager: Shutting down and abandoning module AdvancedPreviewScene (434)
[2019.08.27-06.53.09:669][ 29]LogModuleManager: Shutting down and abandoning module MeshProcessingLibrary (431)
[2019.08.27-06.53.09:682][ 29]LogModuleManager: Shutting down and abandoning module MDLImporter (428)
[2019.08.27-06.53.09:690][ 29]LogModuleManager: Shutting down and abandoning module DatasmithGLTFImporter (426)
[2019.08.27-06.53.09:738][ 29]LogModuleManager: Shutting down and abandoning module DatasmithImporter (425)
[2019.08.27-06.53.09:756][ 29]LogModuleManager: Shutting down and abandoning module DatasmithDataPrepLibraries (422)
[2019.08.27-06.53.09:756][ 29]LogModuleManager: Shutting down and abandoning module DatasmithDataPrepEditor (420)
[2019.08.27-06.53.09:772][ 29]LogModuleManager: Shutting down and abandoning module SteamVRController (418)
[2019.08.27-06.53.09:772][ 29]LogModuleManager: Shutting down and abandoning module ProceduralMeshComponentEditor (416)
[2019.08.27-06.53.09:782][ 29]LogModuleManager: Shutting down and abandoning module ProceduralMeshComponent (414)
[2019.08.27-06.53.09:782][ 29]LogModuleManager: Shutting down and abandoning module OculusEditor (412)
[2019.08.27-06.53.09:782][ 29]LogModuleManager: Shutting down and abandoning module OculusInput (410)
[2019.08.27-06.53.09:782][ 29]LogModuleManager: Shutting down and abandoning module MobilePatchingUtils (408)
[2019.08.27-06.53.09:782][ 29]LogModuleManager: Shutting down and abandoning module EditableMesh (406)
[2019.08.27-06.53.09:788][ 29]LogModuleManager: Shutting down and abandoning module CustomMeshComponent (404)
[2019.08.27-06.53.09:788][ 29]LogModuleManager: Shutting down and abandoning module CableComponent (402)
[2019.08.27-06.53.09:788][ 29]LogModuleManager: Shutting down and abandoning module AudioCapture (400)
[2019.08.27-06.53.09:788][ 29]LogModuleManager: Shutting down and abandoning module ArchVisCharacter (398)
[2019.08.27-06.53.09:788][ 29]LogModuleManager: Shutting down and abandoning module AndroidPermission (396)
[2019.08.27-06.53.09:788][ 29]LogModuleManager: Shutting down and abandoning module NUTUnrealEngine4 (394)
[2019.08.27-06.53.09:798][ 29]LogModuleManager: Shutting down and abandoning module NetcodeUnitTest (392)
[2019.08.27-06.53.09:806][ 29]LogModuleManager: Shutting down and abandoning module MediaCompositing (390)
[2019.08.27-06.53.09:806][ 29]LogModuleManager: Shutting down and abandoning module LinearTimecode (388)
[2019.08.27-06.53.09:806][ 29]LogModuleManager: Shutting down and abandoning module ImgMedia (386)
[2019.08.27-06.53.09:806][ 29]LogModuleManager: Shutting down and abandoning module MagicLeapHelperVulkan (384)
[2019.08.27-06.53.09:806][ 29]LogModuleManager: Shutting down and abandoning module MagicLeapHelperOpenGL (382)
[2019.08.27-06.53.09:806][ 29]LogModuleManager: Shutting down and abandoning module MagicLeapAudio (380)
[2019.08.27-06.53.09:806][ 29]LogModuleManager: Shutting down and abandoning module HTML5Networking (378)
[2019.08.27-06.53.09:806][ 29]LogModuleManager: Shutting down and abandoning module GeometryCollectionEditor (376)
[2019.08.27-06.53.09:806][ 29]LogModuleManager: Shutting down and abandoning module GeometryCollectionExampleCore (374)
[2019.08.27-06.53.09:816][ 29]LogModuleManager: Shutting down and abandoning module GeometryCacheTracks (372)
[2019.08.27-06.53.09:816][ 29]LogModuleManager: Shutting down and abandoning module GeometryCacheSequencer (370)
[2019.08.27-06.53.09:816][ 29]LogModuleManager: Shutting down and abandoning module ChaosSolverEditor (368)
[2019.08.27-06.53.09:816][ 29]LogModuleManager: Shutting down and abandoning module BlastAuthoring (366)
[2019.08.27-06.53.09:816][ 29]LogModuleManager: Shutting down and abandoning module BackChannel (364)
[2019.08.27-06.53.09:816][ 29]LogModuleManager: Shutting down and abandoning module AppleVision (362)
[2019.08.27-06.53.09:816][ 29]LogModuleManager: Shutting down and abandoning module AppleImageUtilsBlueprintSupport (360)
[2019.08.27-06.53.09:816][ 29]LogModuleManager: Shutting down and abandoning module AppleImageUtils (358)
[2019.08.27-06.53.09:816][ 29]LogModuleManager: Shutting down and abandoning module AlembicImporter (356)
[2019.08.27-06.53.09:816][ 29]LogModuleManager: Shutting down and abandoning module AlembicLibrary (355)
[2019.08.27-06.53.09:816][ 29]LogModuleManager: Shutting down and abandoning module GeometryCache (354)
[2019.08.27-06.53.09:816][ 29]LogModuleManager: Shutting down and abandoning module GeometryCacheEd (353)
[2019.08.27-06.53.09:816][ 29]LogModuleManager: Shutting down and abandoning module VariantManagerContent (348)
[2019.08.27-06.53.09:816][ 29]LogModuleManager: Shutting down and abandoning module DatasmithContentEditor (346)
[2019.08.27-06.53.09:816][ 29]LogModuleManager: Shutting down and abandoning module SpeedTreeImporter (344)
[2019.08.27-06.53.09:816][ 29]LogModuleManager: Shutting down and abandoning module PluginBrowser (342)
[2019.08.27-06.53.09:820][ 29]LogModuleManager: Shutting down and abandoning module MobileLauncherProfileWizard (340)
[2019.08.27-06.53.09:844][ 29]LogModuleManager: Shutting down and abandoning module PolygonModeling (338)
[2019.08.27-06.53.09:844][ 29]LogModuleManager: Shutting down and abandoning module MeshEditor (336)
[2019.08.27-06.53.09:844][ 29]LogModuleManager: Shutting down and abandoning module MaterialAnalyzer (334)
[2019.08.27-06.53.09:853][ 29]LogModuleManager: Shutting down and abandoning module GLTFImporter (332)
[2019.08.27-06.53.09:854][ 29]LogModuleManager: Shutting down and abandoning module EditorScriptingUtilities (330)
[2019.08.27-06.53.09:859][ 29]LogModuleManager: Shutting down and abandoning module CryptoKeysOpenSSL (328)
[2019.08.27-06.53.09:859][ 29]LogModuleManager: Shutting down and abandoning module CryptoKeys (326)
[2019.08.27-06.53.09:859][ 29]LogModuleManager: Shutting down and abandoning module VisualStudioSourceCodeAccess (324)
[2019.08.27-06.53.09:870][ 29]LogModuleManager: Shutting down and abandoning module VisualStudioCodeSourceCodeAccess (322)
[2019.08.27-06.53.09:870][ 29]LogModuleManager: Shutting down and abandoning module UObjectPlugin (320)
[2019.08.27-06.53.09:870][ 29]LogModuleManager: Shutting down and abandoning module SubversionSourceControl (318)
[2019.08.27-06.53.09:895][ 29]LogModuleManager: Shutting down and abandoning module PerforceSourceControl (316)
[2019.08.27-06.53.09:908][ 29]LogModuleManager: Shutting down and abandoning module GitSourceControl (314)
[2019.08.27-06.53.09:908][ 29]LogModuleManager: Shutting down and abandoning module SourceControl (313)
[2019.08.27-06.53.09:908][ 29]LogModuleManager: Shutting down and abandoning module CLionSourceCodeAccess (310)
[2019.08.27-06.53.09:908][ 29]LogModuleManager: Shutting down and abandoning module AnimationSharingEd (308)
[2019.08.27-06.53.09:908][ 29]LogModuleManager: Shutting down and abandoning module ActorLayerUtilitiesEditor (306)
[2019.08.27-06.53.09:908][ 29]LogModuleManager: Shutting down and abandoning module ActorLayerUtilities (304)
[2019.08.27-06.53.09:908][ 29]LogModuleManager: Shutting down and abandoning module LightPropagationVolumeEditor (302)
[2019.08.27-06.53.09:908][ 29]LogModuleManager: Shutting down and abandoning module PaperTiledImporter (300)
[2019.08.27-06.53.09:908][ 29]LogModuleManager: Shutting down and abandoning module PaperSpriteSheetImporter (298)
[2019.08.27-06.53.09:908][ 29]LogModuleManager: Shutting down and abandoning module Paper2DEditor (296)
[2019.08.27-06.53.09:913][ 29]LogModuleManager: Shutting down and abandoning module SignificanceManager (294)
[2019.08.27-06.53.09:913][ 29]LogModuleManager: Shutting down and abandoning module RuntimePhysXCooking (292)
[2019.08.27-06.53.09:913][ 29]LogModuleManager: Shutting down and abandoning module PhysXVehiclesEditor (290)
[2019.08.27-06.53.09:913][ 29]LogModuleManager: Shutting down and abandoning module PhysXVehicles (288)
[2019.08.27-06.53.09:913][ 29]LogModuleManager: Shutting down and abandoning module LocationServicesBPLibrary (286)
[2019.08.27-06.53.09:913][ 29]LogModuleManager: Shutting down and abandoning module ActorSequence (284)
[2019.08.27-06.53.09:913][ 29]LogModuleManager: Shutting down and abandoning module UdpMessaging (282)
[2019.08.27-06.53.10:013][ 29]LogModuleManager: Shutting down and abandoning module TcpMessaging (280)
[2019.08.27-06.53.10:128][ 29]LogModuleManager: Shutting down and abandoning module MagicLeapIdentity (278)
[2019.08.27-06.53.10:128][ 29]LogModuleManager: Shutting down and abandoning module MagicLeapSecureStorage (276)
[2019.08.27-06.53.10:128][ 29]LogModuleManager: Shutting down and abandoning module MagicLeapHandTracking (274)
[2019.08.27-06.53.10:135][ 29]LogModuleManager: Shutting down and abandoning module MagicLeapEyeTracker (272)
[2019.08.27-06.53.10:135][ 29]LogModuleManager: Shutting down and abandoning module MagicLeapController (270)
[2019.08.27-06.53.10:135][ 29]LogSlate: Slate User Destroyed.  User Index 0, Is Virtual User: 0
[2019.08.27-06.53.10:135][ 29]LogSlate: Slate User Destroyed.  User Index 8, Is Virtual User: 1
[2019.08.27-06.53.10:135][ 29]LogModuleManager: Shutting down and abandoning module MagicLeapAR (268)
[2019.08.27-06.53.10:135][ 29]LogModuleManager: Shutting down and abandoning module AugmentedReality (267)
[2019.08.27-06.53.10:135][ 29]LogModuleManager: Shutting down and abandoning module GameplayTagsEditor (264)
[2019.08.27-06.53.10:135][ 29]LogModuleManager: Shutting down and abandoning module FacialAnimationEditor (262)
[2019.08.27-06.53.10:135][ 29]LogModuleManager: Shutting down and abandoning module FacialAnimation (260)
[2019.08.27-06.53.10:135][ 29]LogModuleManager: Shutting down and abandoning module DataValidation (258)
[2019.08.27-06.53.10:135][ 29]LogModuleManager: Shutting down and abandoning module AssetManagerEditor (256)
[2019.08.27-06.53.10:149][ 29]LogModuleManager: Shutting down and abandoning module LevelEditor (255)
[2019.08.27-06.53.10:150][ 29]LogModuleManager: Shutting down and abandoning module PixelInspectorModule (254)
[2019.08.27-06.53.10:191][ 29]LogModuleManager: Shutting down and abandoning module CommonMenuExtensions (252)
[2019.08.27-06.53.10:191][ 29]LogModuleManager: Shutting down and abandoning module MainFrame (250)
[2019.08.27-06.53.10:191][ 29]LogModuleManager: Shutting down and abandoning module HotReload (249)
[2019.08.27-06.53.10:192][ 29]LogModuleManager: Shutting down and abandoning module ContentBrowser (245)
[2019.08.27-06.53.10:193][ 29]LogModuleManager: Shutting down and abandoning module TreeMap (243)
[2019.08.27-06.53.10:213][ 29]LogModuleManager: Shutting down and abandoning module AnimationSharing (240)
[2019.08.27-06.53.10:213][ 29]LogModuleManager: Shutting down and abandoning module LightPropagationVolumeRuntime (238)
[2019.08.27-06.53.10:213][ 29]LogModuleManager: Shutting down and abandoning module AISupportModule (236)
[2019.08.27-06.53.10:213][ 29]LogModuleManager: Shutting down and abandoning module Paper2D (234)
[2019.08.27-06.53.10:223][ 29]LogModuleManager: Shutting down and abandoning module WindowsMoviePlayer (232)
[2019.08.27-06.53.10:231][ 29]LogModuleManager: Shutting down and abandoning module WebMMoviePlayer (230)
[2019.08.27-06.53.10:231][ 29]LogModuleManager: Shutting down and abandoning module PacketHandler (228)
[2019.08.27-06.53.10:231][ 29]LogModuleManager: Shutting down and abandoning module ClothingSystemEditor (226)
[2019.08.27-06.53.10:231][ 29]LogModuleManager: Shutting down and abandoning module ClothingSystemRuntime (224)
[2019.08.27-06.53.10:250][ 29]LogModuleManager: Shutting down and abandoning module MediaAssets (222)
[2019.08.27-06.53.10:250][ 29]LogModuleManager: Shutting down and abandoning module Overlay (220)
[2019.08.27-06.53.10:250][ 29]LogModuleManager: Shutting down and abandoning module OverlayEditor (219)
[2019.08.27-06.53.10:250][ 29]LogModuleManager: Shutting down and abandoning module VREditor (216)
[2019.08.27-06.53.10:267][ 29]LogModuleManager: Shutting down and abandoning module StringTableEditor (214)
[2019.08.27-06.53.10:279][ 29]LogModuleManager: Shutting down and abandoning module GameplayTasksEditor (212)
[2019.08.27-06.53.10:279][ 29]LogModuleManager: Shutting down and abandoning module BehaviorTreeEditor (210)
[2019.08.27-06.53.10:300][ 29]LogModuleManager: Shutting down and abandoning module FunctionalTesting (208)
[2019.08.27-06.53.10:317][ 29]LogModuleManager: Shutting down and abandoning module CollisionAnalyzer (206)
[2019.08.27-06.53.10:329][ 29]LogModuleManager: Shutting down and abandoning module WorkspaceMenuStructure (205)
[2019.08.27-06.53.10:329][ 29]LogModuleManager: Shutting down and abandoning module UMG (202)
[2019.08.27-06.53.10:335][ 29]LogModuleManager: Shutting down and abandoning module UMGEditor (201)
[2019.08.27-06.53.10:351][ 29]LogModuleManager: Shutting down and abandoning module Sequencer (200)
[2019.08.27-06.53.10:383][ 29]LogModuleManager: Shutting down and abandoning module MessageLog (197)
[2019.08.27-06.53.10:383][ 29]LogModuleManager: Shutting down and abandoning module SlateReflector (192)
[2019.08.27-06.53.10:433][ 29]LogModuleManager: Shutting down and abandoning module Slate (190)
[2019.08.27-06.53.10:433][ 29]LogModuleManager: Shutting down and abandoning module EditorStyle (188)
[2019.08.27-06.53.10:434][ 29]LogModuleManager: Shutting down and abandoning module UnrealEd (186)
[2019.08.27-06.53.10:434][ 29]LogModuleManager: Shutting down and abandoning module MRMesh (184)
[2019.08.27-06.53.10:434][ 29]LogModuleManager: Shutting down and abandoning module SourceCodeAccess (182)
[2019.08.27-06.53.10:434][ 29]LogModuleManager: Shutting down and abandoning module HeadMountedDisplay (180)
[2019.08.27-06.53.10:434][ 29]LogModuleManager: Shutting down and abandoning module XAudio2 (178)
[2019.08.27-06.53.10:434][ 29]LogModuleManager: Shutting down and abandoning module Networking (176)
[2019.08.27-06.53.10:434][ 29]LogModuleManager: Shutting down and abandoning module Core (174)
[2019.08.27-06.53.10:434][ 29]LogModuleManager: Shutting down and abandoning module KismetCompiler (172)
[2019.08.27-06.53.10:434][ 29]LogModuleManager: Shutting down and abandoning module MeshUtilities (170)
[2019.08.27-06.53.10:434][ 29]LogModuleManager: Shutting down and abandoning module MeshMergeUtilities (169)
[2019.08.27-06.53.10:434][ 29]LogModuleManager: Shutting down and abandoning module MeshReductionInterface (168)
[2019.08.27-06.53.10:434][ 29]LogModuleManager: Shutting down and abandoning module SkeletalMeshReduction (167)
[2019.08.27-06.53.10:449][ 29]LogModuleManager: Shutting down and abandoning module ProxyLODMeshReduction (165)
[2019.08.27-06.53.10:472][ 29]LogModuleManager: Shutting down and abandoning module QuadricMeshReduction (163)
[2019.08.27-06.53.10:482][ 29]LogModuleManager: Shutting down and abandoning module MaterialBaking (159)
[2019.08.27-06.53.10:492][ 29]LogModuleManager: Shutting down and abandoning module DerivedDataCache (154)
[2019.08.27-06.53.10:538][ 29]LogDerivedDataCache: Shutdown
[2019.08.27-06.53.10:538][ 29]LogModuleManager: Shutting down and abandoning module XGEController (152)
[2019.08.27-06.53.10:538][ 29]LogXGEController: Cleaning working directory: C:/Users/kingw/AppData/Local/Temp/UnrealXGEWorkingDir/
[2019.08.27-06.53.10:556][ 29]LogModuleManager: Shutting down and abandoning module TargetPlatform (150)
[2019.08.27-06.53.10:566][ 29]LogModuleManager: Shutting down and abandoning module VulkanShaderFormat (149)
[2019.08.27-06.53.10:579][ 29]LogModuleManager: Shutting down and abandoning module ShaderFormatVectorVM (147)
[2019.08.27-06.53.10:589][ 29]LogModuleManager: Shutting down and abandoning module ShaderFormatOpenGL (145)
[2019.08.27-06.53.10:604][ 29]LogModuleManager: Shutting down and abandoning module ShaderFormatD3D (143)
[2019.08.27-06.53.10:614][ 29]LogModuleManager: Shutting down and abandoning module MetalShaderFormat (141)
[2019.08.27-06.53.10:658][ 29]LogModuleManager: Shutting down and abandoning module TextureFormatUncompressed (139)
[2019.08.27-06.53.10:658][ 29]LogModuleManager: Shutting down and abandoning module TextureFormatPVR (137)
[2019.08.27-06.53.10:658][ 29]LogModuleManager: Shutting down and abandoning module TextureFormatDXT (135)
[2019.08.27-06.53.10:665][ 29]LogModuleManager: Shutting down and abandoning module TextureFormatIntelISPCTexComp (133)
[2019.08.27-06.53.10:678][ 29]LogModuleManager: Shutting down and abandoning module TextureFormatASTC (131)
[2019.08.27-06.53.10:678][ 29]LogModuleManager: Shutting down and abandoning module ImageWrapper (130)
[2019.08.27-06.53.10:678][ 29]LogModuleManager: Shutting down and abandoning module TextureFormatAndroid (127)
[2019.08.27-06.53.10:678][ 29]LogModuleManager: Shutting down and abandoning module AudioFormatOpus (125)
[2019.08.27-06.53.10:691][ 29]LogModuleManager: Shutting down and abandoning module AudioFormatOgg (123)
[2019.08.27-06.53.10:691][ 29]LogModuleManager: Shutting down and abandoning module AudioFormatADPCM (121)
[2019.08.27-06.53.10:702][ 29]LogModuleManager: Shutting down and abandoning module LuminTargetPlatform (119)
[2019.08.27-06.53.10:715][ 29]LogModuleManager: Shutting down and abandoning module LinuxTargetPlatform (117)
[2019.08.27-06.53.10:715][ 29]LogModuleManager: Shutting down and abandoning module LinuxServerTargetPlatform (115)
[2019.08.27-06.53.10:724][ 29]LogModuleManager: Shutting down and abandoning module LinuxNoEditorTargetPlatform (113)
[2019.08.27-06.53.10:733][ 29]LogModuleManager: Shutting down and abandoning module LinuxClientTargetPlatform (111)
[2019.08.27-06.53.10:741][ 29]LogModuleManager: Shutting down and abandoning module TVOSTargetPlatform (109)
[2019.08.27-06.53.10:742][ 29]LogModuleManager: Shutting down and abandoning module Messaging (107)
[2019.08.27-06.53.10:742][ 29]LogModuleManager: Shutting down and abandoning module IOSTargetPlatform (105)
[2019.08.27-06.53.10:743][ 29]LogModuleManager: Shutting down and abandoning module HTML5TargetPlatform (103)
[2019.08.27-06.53.10:743][ 29]LogModuleManager: Shutting down and abandoning module AndroidTargetPlatform (101)
[2019.08.27-06.53.10:748][ 29]LogModuleManager: Shutting down and abandoning module WindowsTargetPlatform (99)
[2019.08.27-06.53.10:748][ 29]LogModuleManager: Shutting down and abandoning module WindowsServerTargetPlatform (97)
[2019.08.27-06.53.10:748][ 29]LogModuleManager: Shutting down and abandoning module WindowsNoEditorTargetPlatform (95)
[2019.08.27-06.53.10:748][ 29]LogModuleManager: Shutting down and abandoning module WindowsClientTargetPlatform (93)
[2019.08.27-06.53.10:748][ 29]LogModuleManager: Shutting down and abandoning module MacTargetPlatform (91)
[2019.08.27-06.53.10:748][ 29]LogModuleManager: Shutting down and abandoning module MacServerTargetPlatform (89)
[2019.08.27-06.53.10:748][ 29]LogModuleManager: Shutting down and abandoning module MacNoEditorTargetPlatform (87)
[2019.08.27-06.53.10:748][ 29]LogModuleManager: Shutting down and abandoning module MacClientTargetPlatform (85)
[2019.08.27-06.53.10:748][ 29]LogModuleManager: Shutting down and abandoning module AllDesktopTargetPlatform (83)
[2019.08.27-06.53.10:748][ 29]LogModuleManager: Shutting down and abandoning module InputCore (80)
[2019.08.27-06.53.10:748][ 29]LogModuleManager: Shutting down and abandoning module Settings (78)
[2019.08.27-06.53.10:748][ 29]LogModuleManager: Shutting down and abandoning module DirectoryWatcher (76)
[2019.08.27-06.53.10:749][ 29]LogModuleManager: Shutting down and abandoning module PhysXCooking (74)
[2019.08.27-06.53.10:749][ 29]LogModuleManager: Shutting down and abandoning module SteamVR (72)
[2019.08.27-06.53.10:758][ 29]LogHMD: Freeing OpenVRDLLHandle.
[2019.08.27-06.53.10:758][ 29]LogModuleManager: Shutting down and abandoning module OculusHMD (70)
[2019.08.27-06.53.10:758][ 29]LogModuleManager: Shutting down and abandoning module ExampleDeviceProfileSelector (68)
[2019.08.27-06.53.10:758][ 29]LogModuleManager: Shutting down and abandoning module LauncherChunkInstaller (66)
[2019.08.27-06.53.10:758][ 29]LogModuleManager: Shutting down and abandoning module OnlineBlueprintSupport (64)
[2019.08.27-06.53.10:758][ 29]LogModuleManager: Shutting down and abandoning module OnlineSubsystem (60)
[2019.08.27-06.53.10:791][ 29]LogModuleManager: Shutting down and abandoning module XMPP (55)
[2019.08.27-06.53.10:805][ 29]LogModuleManager: Shutting down and abandoning module WebSockets (54)
[2019.08.27-06.53.10:836][ 29]LogModuleManager: Shutting down and abandoning module HTTP (51)
[2019.08.27-06.53.10:836][ 29]LogHttp: Display: Http module shutting down, but needs to wait on 1 outstanding Http requests:
[2019.08.27-06.53.10:836][ 29]LogHttp: Display: 	verb=[POST] url=[https://datarouter.ol.epicgames.com/datarouter/api/v1/public/data?SessionID=%7B1E71CA1A-4D9C-CA57-1816-B68FEB4A5179%7D&AppID=UEEditor.Rocket.Release&AppVersion=4.22.3-7053642%2B%2B%2BUE4%2BRelease-4.22&UserID=580144b44e2198be714b72b87c26e6b0%7C527a58163b7f46c2907719585f422cb1%7C7df650a5-19d5-45d9-8409-d917267140ce&AppEnvironment=datacollector-binary&UploadType=eteventstream] status=Processing
[2019.08.27-06.53.10:846][ 29]LogModuleManager: Shutting down and abandoning module SSL (50)
[2019.08.27-06.53.10:847][ 29]LogModuleManager: Shutting down and abandoning module WmfMedia (46)
[2019.08.27-06.53.10:875][ 29]LogModuleManager: Shutting down and abandoning module Media (45)
[2019.08.27-06.53.10:882][ 29]LogModuleManager: Shutting down and abandoning module MagicLeap (42)
[2019.08.27-06.53.10:893][ 29]LogModuleManager: Shutting down and abandoning module DatasmithContent (40)
[2019.08.27-06.53.10:894][ 29]LogModuleManager: Shutting down and abandoning module AnimationModifiers (38)
[2019.08.27-06.53.10:908][ 29]LogModuleManager: Shutting down and abandoning module PropertyEditor (37)
[2019.08.27-06.53.10:908][ 29]LogModuleManager: Shutting down and abandoning module AudioEditor (34)
[2019.08.27-06.53.10:936][ 29]LogModuleManager: Shutting down and abandoning module TextureCompressor (32)
[2019.08.27-06.53.10:951][ 29]LogModuleManager: Shutting down and abandoning module RenderCore (30)
[2019.08.27-06.53.10:951][ 29]LogModuleManager: Shutting down and abandoning module Landscape (28)
[2019.08.27-06.53.10:951][ 29]LogModuleManager: Shutting down and abandoning module SlateRHIRenderer (26)
[2019.08.27-06.53.10:955][ 29]LogModuleManager: Shutting down and abandoning module OpenGLDrv (24)
[2019.08.27-06.53.10:971][ 29]LogModuleManager: Shutting down and abandoning module D3D11RHI (22)
[2019.08.27-06.53.10:971][ 29]LogModuleManager: Shutting down and abandoning module AnimGraphRuntime (20)
[2019.08.27-06.53.10:971][ 29]LogModuleManager: Shutting down and abandoning module Renderer (18)
[2019.08.27-06.53.10:971][ 29]LogModuleManager: Shutting down and abandoning module Engine (16)
[2019.08.27-06.53.10:971][ 29]LogModuleManager: Shutting down and abandoning module CoreUObject (14)
[2019.08.27-06.53.10:971][ 29]LogModuleManager: Shutting down and abandoning module NetworkFile (12)
[2019.08.27-06.53.10:985][ 29]LogModuleManager: Shutting down and abandoning module CookedIterativeFile (10)
[2019.08.27-06.53.10:985][ 29]LogModuleManager: Shutting down and abandoning module StreamingFile (8)
[2019.08.27-06.53.10:998][ 29]LogModuleManager: Shutting down and abandoning module SandboxFile (6)
[2019.08.27-06.53.10:998][ 29]LogModuleManager: Shutting down and abandoning module PakFile (4)
[2019.08.27-06.53.10:998][ 29]LogModuleManager: Shutting down and abandoning module RSA (3)
[2019.08.27-06.53.11:014][ 29]LogExit: Exiting.
[2019.08.27-06.53.11:043][ 29]Log file closed, 08/27/19 15:53:11
