Log file open, 09/03/19 15:22:38
LogWindows: Failed to load 'aqProf.dll' (GetLastError=126)
LogWindows: File 'aqProf.dll' does not exist
LogWindows: Failed to load 'VtuneApi.dll' (GetLastError=126)
LogWindows: File 'VtuneApi.dll' does not exist
LogWindows: Failed to load 'VtuneApi32e.dll' (GetLastError=126)
LogWindows: File 'VtuneApi32e.dll' does not exist
LogConsoleResponse: Display: Failed to find resolution value strings in scalability ini. Falling back to default.
LogInit: Display: Running engine for game: UEVRtrasco
LogPakFile: Registered encryption key '00000000000000000000000000000000': 0 pak files mounted, 0 remain pending
LogPlatformFile: Not using cached read wrapper
LogTaskGraph: Started task graph with 5 named threads and 14 total threads with 3 sets of task threads.
LogStats: Stats thread started at 0.472641
LogD3D11RHI: Loaded GFSDK_Aftermath_Lib.x64.dll
LogICUInternationalization: ICU TimeZone Detection - Raw Offset: +9:00, Platform Override: ''
LogPluginManager: Mounting plugin Paper2D
LogPluginManager: Mounting plugin AISupport
LogPluginManager: Mounting plugin LightPropagationVolume
LogPluginManager: Mounting plugin ActorLayerUtilities
LogPluginManager: Mounting plugin AnimationSharing
LogPluginManager: Mounting plugin CLionSourceCodeAccess
LogPluginManager: Mounting plugin CodeLiteSourceCodeAccess
LogPluginManager: Mounting plugin GitSourceControl
LogPluginManager: Mounting plugin KDevelopSourceCodeAccess
LogPluginManager: Mounting plugin NullSourceCodeAccess
LogPluginManager: Mounting plugin PerforceSourceControl
LogPluginManager: Mounting plugin SubversionSourceControl
LogPluginManager: Mounting plugin UObjectPlugin
LogPluginManager: Mounting plugin VisualStudioCodeSourceCodeAccess
LogPluginManager: Mounting plugin VisualStudioSourceCodeAccess
LogPluginManager: Mounting plugin XCodeSourceCodeAccess
LogPluginManager: Mounting plugin AssetManagerEditor
LogPluginManager: Mounting plugin CryptoKeys
LogPluginManager: Mounting plugin DataValidation
LogPluginManager: Mounting plugin EditorScriptingUtilities
LogPluginManager: Mounting plugin FacialAnimation
LogPluginManager: Mounting plugin GameplayTagsEditor
LogPluginManager: Mounting plugin GLTFImporter
LogPluginManager: Mounting plugin MacGraphicsSwitching
LogPluginManager: Mounting plugin MaterialAnalyzer
LogPluginManager: Mounting plugin MeshEditor
LogPluginManager: Mounting plugin MobileLauncherProfileWizard
LogPluginManager: Mounting plugin PluginBrowser
LogPluginManager: Mounting plugin SpeedTreeImporter
LogPluginManager: Mounting plugin DatasmithContent
LogPluginManager: Mounting plugin VariantManagerContent
LogPluginManager: Mounting plugin AlembicImporter
LogPluginManager: Mounting plugin AppleImageUtils
LogPluginManager: Mounting plugin AppleVision
LogPluginManager: Mounting plugin BackChannel
LogPluginManager: Mounting plugin BlastPlugin
LogPluginManager: Mounting plugin ChaosSolverPlugin
LogPluginManager: Mounting plugin CharacterAI
LogPluginManager: Mounting plugin GeometryCache
LogPluginManager: Mounting plugin GeometryCollectionPlugin
LogPluginManager: Mounting plugin HTML5Networking
LogPluginManager: Mounting plugin ProxyLODPlugin
LogPluginManager: Mounting plugin SkeletalReduction
LogPluginManager: Mounting plugin MagicLeap
LogPluginManager: Mounting plugin MagicLeapMedia
LogPluginManager: Mounting plugin AndroidMedia
LogPluginManager: Mounting plugin AvfMedia
LogPluginManager: Mounting plugin ImgMedia
LogPluginManager: Mounting plugin LinearTimecode
LogPluginManager: Mounting plugin MediaCompositing
LogPluginManager: Mounting plugin MediaPlayerEditor
LogPluginManager: Mounting plugin WebMMedia
LogPluginManager: Mounting plugin WmfMedia
LogPluginManager: Mounting plugin TcpMessaging
LogPluginManager: Mounting plugin UdpMessaging
LogPluginManager: Mounting plugin ActorSequence
LogPluginManager: Mounting plugin LevelSequenceEditor
LogPluginManager: Mounting plugin MatineeToLevelSequence
LogPluginManager: Mounting plugin NetcodeUnitTest
LogPluginManager: Mounting plugin NUTUnrealEngine4
LogPluginManager: Mounting plugin OnlineSubsystemGooglePlay
LogPluginManager: Mounting plugin OnlineSubsystemIOS
LogPluginManager: Mounting plugin OnlineSubsystem
LogPluginManager: Mounting plugin OnlineSubsystemNull
LogPluginManager: Mounting plugin OnlineSubsystemUtils
LogPluginManager: Mounting plugin LauncherChunkInstaller
LogPluginManager: Mounting plugin AndroidDeviceProfileSelector
LogPluginManager: Mounting plugin AndroidMoviePlayer
LogPluginManager: Mounting plugin AndroidPermission
LogPluginManager: Mounting plugin AppleMoviePlayer
LogPluginManager: Mounting plugin ArchVisCharacter
LogPluginManager: Mounting plugin AudioCapture
LogPluginManager: Mounting plugin CableComponent
LogPluginManager: Mounting plugin CustomMeshComponent
LogPluginManager: Mounting plugin EditableMesh
LogPluginManager: Mounting plugin ExampleDeviceProfileSelector
LogPluginManager: Mounting plugin Firebase
LogPluginManager: Mounting plugin GoogleCloudMessaging
LogPluginManager: Mounting plugin IOSDeviceProfileSelector
LogPluginManager: Mounting plugin LinuxDeviceProfileSelector
LogPluginManager: Mounting plugin LocationServicesBPLibrary
LogPluginManager: Mounting plugin MobilePatchingUtils
LogPluginManager: Mounting plugin OculusVR
LogPluginManager: Mounting plugin PhysXVehicles
LogPluginManager: Mounting plugin ProceduralMeshComponent
LogPluginManager: Mounting plugin RuntimePhysXCooking
LogPluginManager: Mounting plugin SignificanceManager
LogPluginManager: Mounting plugin SteamVR
LogPluginManager: Mounting plugin WebMMoviePlayer
LogPluginManager: Mounting plugin WindowsMoviePlayer
LogPluginManager: Mounting plugin DatasmithCADImporter
LogPluginManager: Mounting plugin DatasmithDataPrepEditor
LogPluginManager: Mounting plugin DatasmithFBXImporter
LogPluginManager: Mounting plugin DatasmithGLTFImporter
LogPluginManager: Mounting plugin DatasmithImporter
LogPluginManager: Mounting plugin MDLImporter
LogPluginManager: Mounting plugin StaticMeshEditorExtension
LogPluginManager: Mounting plugin VariantManager
LogInit: Using libcurl 7.55.1-DEV
LogInit:  - built for x86_64-pc-win32
LogInit:  - supports SSL with OpenSSL/1.1.1
LogInit:  - supports HTTP deflate (compression) using libz 1.2.8
LogInit:  - other features:
LogInit:      CURL_VERSION_SSL
LogInit:      CURL_VERSION_LIBZ
LogInit:      CURL_VERSION_IPV6
LogInit:      CURL_VERSION_ASYNCHDNS
LogInit:      CURL_VERSION_LARGEFILE
LogInit:      CURL_VERSION_IDN
LogInit:  CurlRequestOptions (configurable via config and command line):
LogInit:  - bVerifyPeer = true  - Libcurl will verify peer certificate
LogInit:  - bUseHttpProxy = false  - Libcurl will NOT use HTTP proxy
LogInit:  - bDontReuseConnections = false  - Libcurl will reuse connections
LogInit:  - MaxHostConnections = 16  - Libcurl will limit the number of connections to a host
LogInit:  - LocalHostAddr = Default
LogInit:  - BufferSize = 65536
LogInit: WinSock: version 1.1 (2.2), MaxSocks=32767, MaxUdp=65467
LogInit: Build: ++UE4+Release-4.22-CL-7053642
LogInit: Engine Version: 4.22.3-7053642+++UE4+Release-4.22
LogInit: Compatible Engine Version: 4.22.0-5660361+++UE4+Release-4.22
LogInit: Net CL: 5660361
LogInit: OS: Windows 10 (Release 1809) (), CPU: Intel(R) Core(TM) i5-6500 CPU @ 3.20GHz, GPU: NVIDIA GeForce GTX 1060 3GB
LogInit: Compiled (64-bit): Jun 18 2019 03:09:11
LogInit: Compiled with Visual C++: 19.16.27025.01
LogInit: Build Configuration: Development
LogInit: Branch Name: ++UE4+Release-4.22
LogInit: Command Line: 
LogInit: Base Directory: E:/Epic Games/UE_4.22/Engine/Binaries/Win64/
LogInit: Installed Engine Build: 1
LogDevObjectVersion: Number of dev versions registered: 23
LogDevObjectVersion:   Dev-Blueprints (B0D832E4-1F89-4F0D-ACCF-7EB736FD4AA2): 10
LogDevObjectVersion:   Dev-Build (E1C64328-A22C-4D53-A36C-8E866417BD8C): 0
LogDevObjectVersion:   Dev-Core (375EC13C-06E4-48FB-B500-84F0262A717E): 3
LogDevObjectVersion:   Dev-Editor (E4B068ED-F494-42E9-A231-DA0B2E46BB41): 30
LogDevObjectVersion:   Dev-Framework (CFFC743F-43B0-4480-9391-14DF171D2073): 35
LogDevObjectVersion:   Dev-Mobile (B02B49B5-BB20-44E9-A304-32B752E40360): 2
LogDevObjectVersion:   Dev-Networking (A4E4105C-59A1-49B5-A7C5-40C4547EDFEE): 0
LogDevObjectVersion:   Dev-Online (39C831C9-5AE6-47DC-9A44-9C173E1C8E7C): 0
LogDevObjectVersion:   Dev-Physics (78F01B33-EBEA-4F98-B9B4-84EACCB95AA2): 0
LogDevObjectVersion:   Dev-Platform (6631380F-2D4D-43E0-8009-CF276956A95A): 0
LogDevObjectVersion:   Dev-Rendering (12F88B9F-8875-4AFC-A67C-D90C383ABD29): 28
LogDevObjectVersion:   Dev-Sequencer (7B5AE74C-D270-4C10-A958-57980B212A5A): 11
LogDevObjectVersion:   Dev-VR (D7296918-1DD6-4BDD-9DE2-64A83CC13884): 2
LogDevObjectVersion:   Dev-LoadTimes (C2A15278-BFE7-4AFE-6C17-90FF531DF755): 1
LogDevObjectVersion:   Private-Geometry (6EACA3D4-40EC-4CC1-B786-8BED09428FC5): 3
LogDevObjectVersion:   Dev-AnimPhys (29E575DD-E0A3-4627-9D10-D276232CDCEA): 17
LogDevObjectVersion:   Dev-Anim (AF43A65D-7FD3-4947-9873-3E8ED9C1BB05): 2
LogDevObjectVersion:   Dev-ReflectionCapture (6B266CEC-1EC7-4B8F-A30B-E4D90942FC07): 1
LogDevObjectVersion:   Dev-Automation (0DF73D61-A23F-47EA-B727-89E90C41499A): 1
LogDevObjectVersion:   FortniteMain (601D1886-AC64-4F84-AA16-D3DE0DEAC7D6): 25
LogDevObjectVersion:   Dev-Enterprise (9DFFBCD6-494F-0158-E221-12823C92A888): 6
LogDevObjectVersion:   Dev-Niagara (F2AED0AC-9AFE-416F-8664-AA7FFA26D6FC): 1
LogDevObjectVersion:   Dev-Destruction (174F1F0B-B4C6-45A5-B13F-2EE8D0FB917D): 2
LogInit: Presizing for max 16777216 objects, including 0 objects not considered by GC, pre-allocating 0 bytes for permanent pool.
LogInit: Object subsystem initialized
LogConfig: Setting CVar [[con.DebugEarlyDefault:1]]
LogConfig: Setting CVar [[r.setres:1280x720]]
[2019.09.03-06.22.42:892][  0]LogConfig: Setting CVar [[r.VSync:0]]
[2019.09.03-06.22.42:892][  0]LogConfig: Setting CVar [[r.RHICmdBypass:0]]
[2019.09.03-06.22.42:893][  0]LogConfig: Applying CVar settings from Section [/Script/Engine.RendererSettings] File [E:/Documents/Unreal Projects/UEVRtrasco/UEVRtrasco/Saved/Config/Windows/Engine.ini]
[2019.09.03-06.22.42:893][  0]LogConfig: Setting CVar [[r.GPUCrashDebugging:0]]
[2019.09.03-06.22.42:893][  0]LogConfig: Setting CVar [[r.DefaultFeature.AmbientOcclusion:0]]
[2019.09.03-06.22.42:893][  0]LogConfig: Setting CVar [[r.DefaultFeature.AmbientOcclusionStaticFraction:0]]
[2019.09.03-06.22.42:893][  0]LogConfig: Setting CVar [[vr.InstancedStereo:1]]
[2019.09.03-06.22.42:893][  0]LogConfig: Setting CVar [[r.SeparateTranslucency:0]]
[2019.09.03-06.22.42:893][  0]LogConfig: Setting CVar [[r.HZBOcclusion:0]]
[2019.09.03-06.22.42:893][  0]LogConfig: Setting CVar [[r.SSR.MaxRoughness:0]]
[2019.09.03-06.22.42:893][  0]LogConfig: Setting CVar [[r.rhicmdbypass:0]]
[2019.09.03-06.22.42:893][  0]LogConfig: Applying CVar settings from Section [/Script/Engine.RendererOverrideSettings] File [E:/Documents/Unreal Projects/UEVRtrasco/UEVRtrasco/Saved/Config/Windows/Engine.ini]
[2019.09.03-06.22.42:893][  0]LogConfig: Applying CVar settings from Section [/Script/Engine.StreamingSettings] File [E:/Documents/Unreal Projects/UEVRtrasco/UEVRtrasco/Saved/Config/Windows/Engine.ini]
[2019.09.03-06.22.42:893][  0]LogConfig: Setting CVar [[s.MinBulkDataSizeForAsyncLoading:131072]]
[2019.09.03-06.22.42:893][  0]LogConfig: Setting CVar [[s.AsyncLoadingThreadEnabled:0]]
[2019.09.03-06.22.42:893][  0]LogConfig: Setting CVar [[s.EventDrivenLoaderEnabled:1]]
[2019.09.03-06.22.42:893][  0]LogConfig: Setting CVar [[s.WarnIfTimeLimitExceeded:0]]
[2019.09.03-06.22.42:893][  0]LogConfig: Setting CVar [[s.TimeLimitExceededMultiplier:1.5]]
[2019.09.03-06.22.42:893][  0]LogConfig: Setting CVar [[s.TimeLimitExceededMinTime:0.005]]
[2019.09.03-06.22.42:893][  0]LogConfig: Setting CVar [[s.UseBackgroundLevelStreaming:1]]
[2019.09.03-06.22.42:893][  0]LogConfig: Setting CVar [[s.PriorityAsyncLoadingExtraTime:15.0]]
[2019.09.03-06.22.42:893][  0]LogConfig: Setting CVar [[s.LevelStreamingActorsUpdateTimeLimit:5.0]]
[2019.09.03-06.22.42:893][  0]LogConfig: Setting CVar [[s.PriorityLevelStreamingActorsUpdateExtraTime:5.0]]
[2019.09.03-06.22.42:893][  0]LogConfig: Setting CVar [[s.LevelStreamingComponentsRegistrationGranularity:10]]
[2019.09.03-06.22.42:893][  0]LogConfig: Setting CVar [[s.UnregisterComponentsTimeLimit:1.0]]
[2019.09.03-06.22.42:893][  0]LogConfig: Setting CVar [[s.LevelStreamingComponentsUnregistrationGranularity:5]]
[2019.09.03-06.22.42:893][  0]LogConfig: Applying CVar settings from Section [/Script/Engine.GarbageCollectionSettings] File [E:/Documents/Unreal Projects/UEVRtrasco/UEVRtrasco/Saved/Config/Windows/Engine.ini]
[2019.09.03-06.22.42:893][  0]LogConfig: Setting CVar [[gc.MaxObjectsNotConsideredByGC:1]]
[2019.09.03-06.22.42:893][  0]LogConfig: Setting CVar [[gc.SizeOfPermanentObjectPool:0]]
[2019.09.03-06.22.42:893][  0]LogConfig: Setting CVar [[gc.FlushStreamingOnGC:0]]
[2019.09.03-06.22.42:893][  0]LogConfig: Setting CVar [[gc.NumRetriesBeforeForcingGC:10]]
[2019.09.03-06.22.42:893][  0]LogConfig: Setting CVar [[gc.AllowParallelGC:1]]
[2019.09.03-06.22.42:893][  0]LogConfig: Setting CVar [[gc.TimeBetweenPurgingPendingKillObjects:61.1]]
[2019.09.03-06.22.42:893][  0]LogConfig: Setting CVar [[gc.MaxObjectsInEditor:16777216]]
[2019.09.03-06.22.42:893][  0]LogConfig: Setting CVar [[gc.IncrementalBeginDestroyEnabled:1]]
[2019.09.03-06.22.42:893][  0]LogConfig: Setting CVar [[gc.CreateGCClusters:1]]
[2019.09.03-06.22.42:893][  0]LogConfig: Setting CVar [[gc.MinGCClusterSize:5]]
[2019.09.03-06.22.42:893][  0]LogConfig: Setting CVar [[gc.ActorClusteringEnabled:0]]
[2019.09.03-06.22.42:893][  0]LogConfig: Setting CVar [[gc.BlueprintClusteringEnabled:0]]
[2019.09.03-06.22.42:893][  0]LogConfig: Setting CVar [[gc.UseDisregardForGCOnDedicatedServers:0]]
[2019.09.03-06.22.42:893][  0]LogConfig: Applying CVar settings from Section [/Script/Engine.NetworkSettings] File [E:/Documents/Unreal Projects/UEVRtrasco/UEVRtrasco/Saved/Config/Windows/Engine.ini]
[2019.09.03-06.22.42:893][  0]LogConfig: Applying CVar settings from Section [/Script/UnrealEd.CookerSettings] File [E:/Documents/Unreal Projects/UEVRtrasco/UEVRtrasco/Saved/Config/Windows/Engine.ini]
[2019.09.03-06.22.42:945][  0]LogConfig: Applying CVar settings from Section [ViewDistanceQuality@3] File [E:/Documents/Unreal Projects/UEVRtrasco/UEVRtrasco/Saved/Config/Windows/Scalability.ini]
[2019.09.03-06.22.42:945][  0]LogConfig: Setting CVar [[r.SkeletalMeshLODBias:0]]
[2019.09.03-06.22.42:945][  0]LogConfig: Setting CVar [[r.ViewDistanceScale:1.0]]
[2019.09.03-06.22.42:945][  0]LogConfig: Applying CVar settings from Section [AntiAliasingQuality@3] File [E:/Documents/Unreal Projects/UEVRtrasco/UEVRtrasco/Saved/Config/Windows/Scalability.ini]
[2019.09.03-06.22.42:945][  0]LogConfig: Setting CVar [[r.PostProcessAAQuality:3]]
[2019.09.03-06.22.42:945][  0]LogConfig: Applying CVar settings from Section [ShadowQuality@3] File [E:/Documents/Unreal Projects/UEVRtrasco/UEVRtrasco/Saved/Config/Windows/Scalability.ini]
[2019.09.03-06.22.42:945][  0]LogConfig: Setting CVar [[r.LightFunctionQuality:1]]
[2019.09.03-06.22.42:945][  0]LogConfig: Setting CVar [[r.ShadowQuality:5]]
[2019.09.03-06.22.42:945][  0]LogConfig: Setting CVar [[r.Shadow.CSM.MaxCascades:10]]
[2019.09.03-06.22.42:945][  0]LogConfig: Setting CVar [[r.Shadow.MaxResolution:2048]]
[2019.09.03-06.22.42:945][  0]LogConfig: Setting CVar [[r.Shadow.MaxCSMResolution:2048]]
[2019.09.03-06.22.42:945][  0]LogConfig: Setting CVar [[r.Shadow.RadiusThreshold:0.01]]
[2019.09.03-06.22.42:945][  0]LogConfig: Setting CVar [[r.Shadow.DistanceScale:1.0]]
[2019.09.03-06.22.42:945][  0]LogConfig: Setting CVar [[r.Shadow.CSM.TransitionScale:1.0]]
[2019.09.03-06.22.42:945][  0]LogConfig: Setting CVar [[r.Shadow.PreShadowResolutionFactor:1.0]]
[2019.09.03-06.22.42:945][  0]LogConfig: Setting CVar [[r.DistanceFieldShadowing:1]]
[2019.09.03-06.22.42:945][  0]LogConfig: Setting CVar [[r.DistanceFieldAO:1]]
[2019.09.03-06.22.42:945][  0]LogConfig: Setting CVar [[r.AOQuality:2]]
[2019.09.03-06.22.42:945][  0]LogConfig: Setting CVar [[r.VolumetricFog:1]]
[2019.09.03-06.22.42:945][  0]LogConfig: Setting CVar [[r.VolumetricFog.GridPixelSize:8]]
[2019.09.03-06.22.42:945][  0]LogConfig: Setting CVar [[r.VolumetricFog.GridSizeZ:128]]
[2019.09.03-06.22.42:945][  0]LogConfig: Setting CVar [[r.VolumetricFog.HistoryMissSupersampleCount:4]]
[2019.09.03-06.22.42:945][  0]LogConfig: Setting CVar [[r.LightMaxDrawDistanceScale:1]]
[2019.09.03-06.22.42:945][  0]LogConfig: Setting CVar [[r.CapsuleShadows:1]]
[2019.09.03-06.22.42:945][  0]LogConfig: Applying CVar settings from Section [PostProcessQuality@3] File [E:/Documents/Unreal Projects/UEVRtrasco/UEVRtrasco/Saved/Config/Windows/Scalability.ini]
[2019.09.03-06.22.42:945][  0]LogConfig: Setting CVar [[r.MotionBlurQuality:0]]
[2019.09.03-06.22.42:945][  0]LogConfig: Setting CVar [[r.AmbientOcclusionMipLevelFactor:0.4]]
[2019.09.03-06.22.42:945][  0]LogConfig: Setting CVar [[r.AmbientOcclusionMaxQuality:100]]
[2019.09.03-06.22.42:945][  0]LogConfig: Setting CVar [[r.AmbientOcclusionLevels:0]]
[2019.09.03-06.22.42:945][  0]LogConfig: Setting CVar [[r.AmbientOcclusionRadiusScale:1.0]]
[2019.09.03-06.22.42:945][  0]LogConfig: Setting CVar [[r.DepthOfFieldQuality:0]]
[2019.09.03-06.22.42:945][  0]LogConfig: Setting CVar [[r.RenderTargetPoolMin:400]]
[2019.09.03-06.22.42:945][  0]LogConfig: Setting CVar [[r.LensFlareQuality:0]]
[2019.09.03-06.22.42:945][  0]LogConfig: Setting CVar [[r.SceneColorFringeQuality:0]]
[2019.09.03-06.22.42:946][  0]LogConfig: Setting CVar [[r.EyeAdaptationQuality:2]]
[2019.09.03-06.22.42:946][  0]LogConfig: Setting CVar [[r.BloomQuality:1]]
[2019.09.03-06.22.42:946][  0]LogConfig: Setting CVar [[r.FastBlurThreshold:0]]
[2019.09.03-06.22.42:946][  0]LogConfig: Setting CVar [[r.Upscale.Quality:3]]
[2019.09.03-06.22.42:946][  0]LogConfig: Setting CVar [[r.Tonemapper.GrainQuantization:1]]
[2019.09.03-06.22.42:946][  0]LogConfig: Setting CVar [[r.LightShaftQuality:1]]
[2019.09.03-06.22.42:946][  0]LogConfig: Setting CVar [[r.Filter.SizeScale:1]]
[2019.09.03-06.22.42:946][  0]LogConfig: Setting CVar [[r.Tonemapper.Quality:5]]
[2019.09.03-06.22.42:946][  0]LogConfig: Setting CVar [[r.DOF.Gather.AccumulatorQuality:1        ; higher gathering accumulator quality]]
[2019.09.03-06.22.42:946][  0]LogConfig: Setting CVar [[r.DOF.Gather.PostfilterMethod:1          ; Median3x3 postfilering method]]
[2019.09.03-06.22.42:946][  0]LogConfig: Setting CVar [[r.DOF.Gather.EnableBokehSettings:0       ; no bokeh simulation when gathering]]
[2019.09.03-06.22.42:946][  0]LogConfig: Setting CVar [[r.DOF.Gather.RingCount:4                 ; medium number of samples when gathering]]
[2019.09.03-06.22.42:946][  0]LogConfig: Setting CVar [[r.DOF.Scatter.ForegroundCompositing:1    ; additive foreground scattering]]
[2019.09.03-06.22.42:946][  0]LogConfig: Setting CVar [[r.DOF.Scatter.BackgroundCompositing:2    ; additive background scattering]]
[2019.09.03-06.22.42:946][  0]LogConfig: Setting CVar [[r.DOF.Scatter.EnableBokehSettings:1      ; bokeh simulation when scattering]]
[2019.09.03-06.22.42:946][  0]LogConfig: Setting CVar [[r.DOF.Scatter.MaxSpriteRatio:0.1         ; only a maximum of 10% of scattered bokeh]]
[2019.09.03-06.22.42:946][  0]LogConfig: Setting CVar [[r.DOF.Recombine.Quality:1                ; cheap slight out of focus]]
[2019.09.03-06.22.42:946][  0]LogConfig: Setting CVar [[r.DOF.Recombine.EnableBokehSettings:0    ; no bokeh simulation on slight out of focus]]
[2019.09.03-06.22.42:946][  0]LogConfig: Setting CVar [[r.DOF.TemporalAAQuality:1                ; more stable temporal accumulation]]
[2019.09.03-06.22.42:946][  0]LogConfig: Setting CVar [[r.DOF.Kernel.MaxForegroundRadius:0.025]]
[2019.09.03-06.22.42:946][  0]LogConfig: Setting CVar [[r.DOF.Kernel.MaxBackgroundRadius:0.025]]
[2019.09.03-06.22.42:946][  0]LogConfig: Applying CVar settings from Section [TextureQuality@3] File [E:/Documents/Unreal Projects/UEVRtrasco/UEVRtrasco/Saved/Config/Windows/Scalability.ini]
[2019.09.03-06.22.42:946][  0]LogConfig: Setting CVar [[r.Streaming.MipBias:0]]
[2019.09.03-06.22.42:946][  0]LogConfig: Setting CVar [[r.Streaming.AmortizeCPUToGPUCopy:0]]
[2019.09.03-06.22.42:946][  0]LogConfig: Setting CVar [[r.Streaming.MaxNumTexturesToStreamPerFrame:0]]
[2019.09.03-06.22.42:946][  0]LogConfig: Setting CVar [[r.Streaming.Boost:1]]
[2019.09.03-06.22.42:946][  0]LogConfig: Setting CVar [[r.MaxAnisotropy:8]]
[2019.09.03-06.22.42:946][  0]LogConfig: Setting CVar [[r.Streaming.LimitPoolSizeToVRAM:0]]
[2019.09.03-06.22.42:946][  0]LogConfig: Setting CVar [[r.Streaming.PoolSize:1000]]
[2019.09.03-06.22.42:946][  0]LogConfig: Setting CVar [[r.Streaming.MaxEffectiveScreenSize:0]]
[2019.09.03-06.22.42:946][  0]LogConfig: Applying CVar settings from Section [EffectsQuality@3] File [E:/Documents/Unreal Projects/UEVRtrasco/UEVRtrasco/Saved/Config/Windows/Scalability.ini]
[2019.09.03-06.22.42:946][  0]LogConfig: Setting CVar [[r.TranslucencyLightingVolumeDim:4]]
[2019.09.03-06.22.42:946][  0]LogConfig: Setting CVar [[r.RefractionQuality:2]]
[2019.09.03-06.22.42:946][  0]LogConfig: Setting CVar [[r.SSR.Quality:0]]
[2019.09.03-06.22.42:946][  0]LogConfig: Setting CVar [[r.SceneColorFormat:2]]
[2019.09.03-06.22.42:946][  0]LogConfig: Setting CVar [[r.DetailMode:2]]
[2019.09.03-06.22.42:946][  0]LogConfig: Setting CVar [[r.TranslucencyVolumeBlur:0]]
[2019.09.03-06.22.42:946][  0]LogConfig: Setting CVar [[r.MaterialQualityLevel:1 ; High quality]]
[2019.09.03-06.22.42:946][  0]LogConfig: Setting CVar [[r.SSS.Scale:1]]
[2019.09.03-06.22.42:946][  0]LogConfig: Setting CVar [[r.SSS.SampleSet:2]]
[2019.09.03-06.22.42:946][  0]LogConfig: Setting CVar [[r.SSS.Quality:1]]
[2019.09.03-06.22.42:946][  0]LogConfig: Setting CVar [[r.SSS.HalfRes:1]]
[2019.09.03-06.22.42:946][  0]LogConfig: Setting CVar [[r.EmitterSpawnRateScale:1.0]]
[2019.09.03-06.22.42:946][  0]LogConfig: Setting CVar [[r.ParticleLightQuality:2]]
[2019.09.03-06.22.42:946][  0]LogConfig: Applying CVar settings from Section [FoliageQuality@3] File [E:/Documents/Unreal Projects/UEVRtrasco/UEVRtrasco/Saved/Config/Windows/Scalability.ini]
[2019.09.03-06.22.42:946][  0]LogConfig: Setting CVar [[foliage.DensityScale:1.0]]
[2019.09.03-06.22.42:946][  0]LogConfig: Setting CVar [[grass.DensityScale:1.0]]
[2019.09.03-06.22.42:956][  0]LogInit: Selected Device Profile: [Windows]
[2019.09.03-06.22.42:957][  0]LogInit: Applying CVar settings loaded from the selected device profile: [Windows]
[2019.09.03-06.22.43:054][  0]LogHAL: Display: Platform has ~ 8 GB [8543051776 / 8589934592 / 8], which maps to Default [LargestMinGB=32, LargerMinGB=12, DefaultMinGB=8, SmallerMinGB=6, SmallestMinGB=0)
[2019.09.03-06.22.43:059][  0]LogConfig: Setting CVar [[r.Vulkan.UseRealUBs:0		; Required until we fix HLR fall-out]]
[2019.09.03-06.22.43:059][  0]LogInit: Going up to parent DeviceProfile []
[2019.09.03-06.22.43:060][  0]LogConfig: Applying CVar settings from Section [ViewDistanceQuality@1] File [E:/Documents/Unreal Projects/UEVRtrasco/UEVRtrasco/Saved/Config/Windows/Scalability.ini]
[2019.09.03-06.22.43:060][  0]LogConfig: Setting CVar [[r.SkeletalMeshLODBias:1]]
[2019.09.03-06.22.43:060][  0]LogConfig: Setting CVar [[r.ViewDistanceScale:0.6]]
[2019.09.03-06.22.43:060][  0]LogConfig: Applying CVar settings from Section [AntiAliasingQuality@1] File [E:/Documents/Unreal Projects/UEVRtrasco/UEVRtrasco/Saved/Config/Windows/Scalability.ini]
[2019.09.03-06.22.43:060][  0]LogConfig: Setting CVar [[r.PostProcessAAQuality:2]]
[2019.09.03-06.22.43:060][  0]LogConfig: Applying CVar settings from Section [ShadowQuality@1] File [E:/Documents/Unreal Projects/UEVRtrasco/UEVRtrasco/Saved/Config/Windows/Scalability.ini]
[2019.09.03-06.22.43:060][  0]LogConfig: Setting CVar [[r.LightFunctionQuality:1]]
[2019.09.03-06.22.43:060][  0]LogConfig: Setting CVar [[r.ShadowQuality:3]]
[2019.09.03-06.22.43:060][  0]LogConfig: Setting CVar [[r.Shadow.CSM.MaxCascades:1]]
[2019.09.03-06.22.43:060][  0]LogConfig: Setting CVar [[r.Shadow.MaxResolution:1024]]
[2019.09.03-06.22.43:060][  0]LogConfig: Setting CVar [[r.Shadow.MaxCSMResolution:1024]]
[2019.09.03-06.22.43:060][  0]LogConfig: Setting CVar [[r.Shadow.RadiusThreshold:0.05]]
[2019.09.03-06.22.43:060][  0]LogConfig: Setting CVar [[r.Shadow.DistanceScale:0.7]]
[2019.09.03-06.22.43:060][  0]LogConfig: Setting CVar [[r.Shadow.CSM.TransitionScale:0.25]]
[2019.09.03-06.22.43:060][  0]LogConfig: Setting CVar [[r.Shadow.PreShadowResolutionFactor:0.5]]
[2019.09.03-06.22.43:060][  0]LogConfig: Setting CVar [[r.DistanceFieldShadowing:0]]
[2019.09.03-06.22.43:060][  0]LogConfig: Setting CVar [[r.DistanceFieldAO:0]]
[2019.09.03-06.22.43:060][  0]LogConfig: Setting CVar [[r.VolumetricFog:0]]
[2019.09.03-06.22.43:060][  0]LogConfig: Setting CVar [[r.LightMaxDrawDistanceScale:.5]]
[2019.09.03-06.22.43:060][  0]LogConfig: Setting CVar [[r.CapsuleShadows:1]]
[2019.09.03-06.22.43:060][  0]LogConfig: Applying CVar settings from Section [PostProcessQuality@1] File [E:/Documents/Unreal Projects/UEVRtrasco/UEVRtrasco/Saved/Config/Windows/Scalability.ini]
[2019.09.03-06.22.43:060][  0]LogConfig: Setting CVar [[r.MotionBlurQuality:0]]
[2019.09.03-06.22.43:060][  0]LogConfig: Setting CVar [[r.AmbientOcclusionMipLevelFactor:1.0]]
[2019.09.03-06.22.43:060][  0]LogConfig: Setting CVar [[r.AmbientOcclusionMaxQuality:60]]
[2019.09.03-06.22.43:060][  0]LogConfig: Setting CVar [[r.AmbientOcclusionLevels:0]]
[2019.09.03-06.22.43:060][  0]LogConfig: Setting CVar [[r.AmbientOcclusionRadiusScale:1.5]]
[2019.09.03-06.22.43:060][  0]LogConfig: Setting CVar [[r.DepthOfFieldQuality:0]]
[2019.09.03-06.22.43:060][  0]LogConfig: Setting CVar [[r.RenderTargetPoolMin:350]]
[2019.09.03-06.22.43:060][  0]LogConfig: Setting CVar [[r.LensFlareQuality:0]]
[2019.09.03-06.22.43:060][  0]LogConfig: Setting CVar [[r.SceneColorFringeQuality:0]]
[2019.09.03-06.22.43:060][  0]LogConfig: Setting CVar [[r.EyeAdaptationQuality:0]]
[2019.09.03-06.22.43:060][  0]LogConfig: Setting CVar [[r.BloomQuality:1]]
[2019.09.03-06.22.43:060][  0]LogConfig: Setting CVar [[r.FastBlurThreshold:0]]
[2019.09.03-06.22.43:060][  0]LogConfig: Setting CVar [[r.Upscale.Quality:2]]
[2019.09.03-06.22.43:060][  0]LogConfig: Setting CVar [[r.Tonemapper.GrainQuantization:0]]
[2019.09.03-06.22.43:060][  0]LogConfig: Setting CVar [[r.LightShaftQuality:0]]
[2019.09.03-06.22.43:060][  0]LogConfig: Setting CVar [[r.Filter.SizeScale:0.7]]
[2019.09.03-06.22.43:060][  0]LogConfig: Setting CVar [[r.Tonemapper.Quality:2]]
[2019.09.03-06.22.43:060][  0]LogConfig: Setting CVar [[r.DOF.Gather.AccumulatorQuality:0        ; lower gathering accumulator quality]]
[2019.09.03-06.22.43:060][  0]LogConfig: Setting CVar [[r.DOF.Gather.PostfilterMethod:2          ; Max3x3 postfilering method]]
[2019.09.03-06.22.43:060][  0]LogConfig: Setting CVar [[r.DOF.Gather.EnableBokehSettings:0       ; no bokeh simulation when gathering]]
[2019.09.03-06.22.43:060][  0]LogConfig: Setting CVar [[r.DOF.Gather.RingCount:3                 ; low number of samples when gathering]]
[2019.09.03-06.22.43:060][  0]LogConfig: Setting CVar [[r.DOF.Scatter.ForegroundCompositing:0    ; no foreground scattering]]
[2019.09.03-06.22.43:060][  0]LogConfig: Setting CVar [[r.DOF.Scatter.BackgroundCompositing:0    ; no foreground scattering]]
[2019.09.03-06.22.43:060][  0]LogConfig: Setting CVar [[r.DOF.Recombine.Quality:0                ; no slight out of focus]]
[2019.09.03-06.22.43:060][  0]LogConfig: Setting CVar [[r.DOF.TemporalAAQuality:0                ; faster temporal accumulation]]
[2019.09.03-06.22.43:060][  0]LogConfig: Setting CVar [[r.DOF.Kernel.MaxForegroundRadius:0.006   ; required because low gathering and no scattering and not looking great at 1080p]]
[2019.09.03-06.22.43:060][  0]LogConfig: Setting CVar [[r.DOF.Kernel.MaxBackgroundRadius:0.006   ; required because low gathering and no scattering and not looking great at 1080p]]
[2019.09.03-06.22.43:060][  0]LogConfig: Applying CVar settings from Section [TextureQuality@1] File [E:/Documents/Unreal Projects/UEVRtrasco/UEVRtrasco/Saved/Config/Windows/Scalability.ini]
[2019.09.03-06.22.43:060][  0]LogConfig: Setting CVar [[r.Streaming.MipBias:1]]
[2019.09.03-06.22.43:061][  0]LogConfig: Setting CVar [[r.Streaming.AmortizeCPUToGPUCopy:0]]
[2019.09.03-06.22.43:061][  0]LogConfig: Setting CVar [[r.Streaming.MaxNumTexturesToStreamPerFrame:0]]
[2019.09.03-06.22.43:061][  0]LogConfig: Setting CVar [[r.Streaming.Boost:1]]
[2019.09.03-06.22.43:061][  0]LogConfig: Setting CVar [[r.MaxAnisotropy:2]]
[2019.09.03-06.22.43:061][  0]LogConfig: Setting CVar [[r.Streaming.LimitPoolSizeToVRAM:1]]
[2019.09.03-06.22.43:061][  0]LogConfig: Setting CVar [[r.Streaming.PoolSize:600]]
[2019.09.03-06.22.43:061][  0]LogConfig: Setting CVar [[r.Streaming.MaxEffectiveScreenSize:0]]
[2019.09.03-06.22.43:061][  0]LogConfig: Applying CVar settings from Section [EffectsQuality@1] File [E:/Documents/Unreal Projects/UEVRtrasco/UEVRtrasco/Saved/Config/Windows/Scalability.ini]
[2019.09.03-06.22.43:061][  0]LogConfig: Setting CVar [[r.TranslucencyLightingVolumeDim:4]]
[2019.09.03-06.22.43:061][  0]LogConfig: Setting CVar [[r.RefractionQuality:0]]
[2019.09.03-06.22.43:061][  0]LogConfig: Setting CVar [[r.SSR.Quality:0]]
[2019.09.03-06.22.43:061][  0]LogConfig: Setting CVar [[r.SceneColorFormat:2]]
[2019.09.03-06.22.43:061][  0]LogConfig: Setting CVar [[r.DetailMode:1]]
[2019.09.03-06.22.43:061][  0]LogConfig: Setting CVar [[r.TranslucencyVolumeBlur:0]]
[2019.09.03-06.22.43:061][  0]LogConfig: Setting CVar [[r.MaterialQualityLevel:2 ; Medium quality]]
[2019.09.03-06.22.43:061][  0]LogConfig: Setting CVar [[r.SSS.Scale:0.75]]
[2019.09.03-06.22.43:061][  0]LogConfig: Setting CVar [[r.SSS.SampleSet:0]]
[2019.09.03-06.22.43:061][  0]LogConfig: Setting CVar [[r.SSS.Quality:0]]
[2019.09.03-06.22.43:061][  0]LogConfig: Setting CVar [[r.SSS.HalfRes:1]]
[2019.09.03-06.22.43:061][  0]LogConfig: Setting CVar [[r.EmitterSpawnRateScale:0.25]]
[2019.09.03-06.22.43:061][  0]LogConfig: Setting CVar [[r.ParticleLightQuality:0]]
[2019.09.03-06.22.43:061][  0]LogConfig: Applying CVar settings from Section [FoliageQuality@1] File [E:/Documents/Unreal Projects/UEVRtrasco/UEVRtrasco/Saved/Config/Windows/Scalability.ini]
[2019.09.03-06.22.43:061][  0]LogConfig: Setting CVar [[foliage.DensityScale:0.4]]
[2019.09.03-06.22.43:061][  0]LogConfig: Setting CVar [[grass.DensityScale:0.4]]
[2019.09.03-06.22.43:061][  0]LogConfig: Applying CVar settings from Section [Startup] File [../../../Engine/Config/ConsoleVariables.ini]
[2019.09.03-06.22.43:072][  0]LogConfig: Setting CVar [[net.UseAdaptiveNetUpdateFrequency:0]]
[2019.09.03-06.22.43:072][  0]LogConfig: Setting CVar [[p.chaos.AllowCreatePhysxBodies:1]]
[2019.09.03-06.22.43:072][  0]LogConfig: Applying CVar settings from Section [ConsoleVariables] File [E:/Documents/Unreal Projects/UEVRtrasco/UEVRtrasco/Saved/Config/Windows/Engine.ini]
[2019.09.03-06.22.43:176][  0]LogInit: Computer: MYCOMPUTER
[2019.09.03-06.22.43:176][  0]LogInit: User: kingw
[2019.09.03-06.22.43:176][  0]LogInit: CPU Page size=4096, Cores=4
[2019.09.03-06.22.43:176][  0]LogInit: High frequency timer resolution =10.000000 MHz
[2019.09.03-06.22.43:195][  0]LogMemory: Memory total: Physical=8.0GB (8GB approx)
[2019.09.03-06.22.43:195][  0]LogMemory: Platform Memory Stats for Windows
[2019.09.03-06.22.43:195][  0]LogMemory: Process Physical Memory: 98.31 MB used, 98.31 MB peak
[2019.09.03-06.22.43:195][  0]LogMemory: Process Virtual Memory: 90.32 MB used, 90.32 MB peak
[2019.09.03-06.22.43:195][  0]LogMemory: Physical Memory: 4458.88 MB used,  3688.41 MB free, 8147.29 MB total
[2019.09.03-06.22.43:195][  0]LogMemory: Virtual Memory: 4645.66 MB used,  134213080.00 MB free, 134217728.00 MB total
[2019.09.03-06.22.43:908][  0]LogInit: Using OS detected language (ja-JP).
[2019.09.03-06.22.43:908][  0]LogInit: Using OS detected locale (ja-JP).
[2019.09.03-06.22.43:965][  0]LogTextLocalizationManager: No specific localization for 'ja-JP' exists, so the 'ja' localization will be used.
[2019.09.03-06.22.44:507][  0]LogInit: Setting process to per monitor DPI aware
[2019.09.03-06.22.45:278][  0]LogSlate: New Slate User Created.  User Index 0, Is Virtual User: 0
[2019.09.03-06.22.45:278][  0]LogSlate: Slate User Registered.  User Index 0, Is Virtual User: 0
[2019.09.03-06.22.58:163][  0]LogHMD: Failed to initialize OpenVR with code 108
[2019.09.03-06.22.58:163][  0]LogD3D11RHI: D3D11 adapters:
[2019.09.03-06.22.58:431][  0]LogD3D11RHI:    0. 'NVIDIA GeForce GTX 1060 3GB' (Feature Level 11_0)
[2019.09.03-06.22.58:431][  0]LogD3D11RHI:       2988/0/4073 MB DedicatedVideo/DedicatedSystem/SharedSystem, Outputs:1, VendorId:0x10de
[2019.09.03-06.22.58:434][  0]LogD3D11RHI:    1. 'Microsoft Basic Render Driver' (Feature Level 11_0)
[2019.09.03-06.22.58:434][  0]LogD3D11RHI:       0/0/4073 MB DedicatedVideo/DedicatedSystem/SharedSystem, Outputs:0, VendorId:0x1414
[2019.09.03-06.22.58:434][  0]LogD3D11RHI: Chosen D3D11 Adapter: 0
[2019.09.03-06.22.58:554][  0]LogD3D11RHI: Creating new Direct3DDevice
[2019.09.03-06.22.58:554][  0]LogD3D11RHI:     GPU DeviceId: 0x1c02 (for the marketing name, search the web for "GPU Device Id")
[2019.09.03-06.22.58:586][  0]LogWindows: EnumDisplayDevices:
[2019.09.03-06.22.58:586][  0]LogWindows:    0. 'NVIDIA GeForce GTX 1060 3GB' (P:1 D:1)
[2019.09.03-06.22.58:586][  0]LogWindows:    1. 'NVIDIA GeForce GTX 1060 3GB' (P:0 D:0)
[2019.09.03-06.22.58:587][  0]LogWindows:    2. 'NVIDIA GeForce GTX 1060 3GB' (P:0 D:0)
[2019.09.03-06.22.58:587][  0]LogWindows:    3. 'NVIDIA GeForce GTX 1060 3GB' (P:0 D:0)
[2019.09.03-06.22.58:587][  0]LogWindows: DebugString: FoundDriverCount:4 
[2019.09.03-06.22.58:587][  0]LogD3D11RHI:     Adapter Name: NVIDIA GeForce GTX 1060 3GB
[2019.09.03-06.22.58:587][  0]LogD3D11RHI:   Driver Version: 436.15 (internal:26.21.14.3615, unified:436.15)
[2019.09.03-06.22.58:587][  0]LogD3D11RHI:      Driver Date: 8-24-2019
[2019.09.03-06.22.58:587][  0]LogRHI: Texture pool is 2091 MB (70% of 2988 MB)
[2019.09.03-06.22.58:668][  0]LogD3D11RHI: Async texture creation enabled
[2019.09.03-06.23.00:209][  0]LogRendererCore: FGlobalReadBuffer::InitRHI
[2019.09.03-06.23.00:222][  0]LogRendererCore: FGlobalReadBuffer::InitRHI
[2019.09.03-06.23.00:222][  0]LogRendererCore: FGlobalReadBuffer::InitRHI
[2019.09.03-06.23.00:446][  0]LogD3D11RHI: GPU Timing Frequency: 1000.000000 (Debug: 2 1)
[2019.09.03-06.23.02:564][  0]LogTemp: Display: Module 'AllDesktopTargetPlatform' loaded TargetPlatform 'AllDesktop'
[2019.09.03-06.23.02:623][  0]LogTemp: Display: Module 'MacClientTargetPlatform' loaded TargetPlatform 'MacClient'
[2019.09.03-06.23.02:660][  0]LogTemp: Display: Module 'MacNoEditorTargetPlatform' loaded TargetPlatform 'MacNoEditor'
[2019.09.03-06.23.02:699][  0]LogTemp: Display: Module 'MacServerTargetPlatform' loaded TargetPlatform 'MacServer'
[2019.09.03-06.23.02:764][  0]LogTemp: Display: Module 'MacTargetPlatform' loaded TargetPlatform 'Mac'
[2019.09.03-06.23.02:879][  0]LogTemp: Display: Module 'WindowsClientTargetPlatform' loaded TargetPlatform 'WindowsClient'
[2019.09.03-06.23.02:921][  0]LogTemp: Display: Module 'WindowsNoEditorTargetPlatform' loaded TargetPlatform 'WindowsNoEditor'
[2019.09.03-06.23.02:963][  0]LogTemp: Display: Module 'WindowsServerTargetPlatform' loaded TargetPlatform 'WindowsServer'
[2019.09.03-06.23.02:999][  0]LogTemp: Display: Module 'WindowsTargetPlatform' loaded TargetPlatform 'Windows'
[2019.09.03-06.23.03:193][  0]LogTemp: Display: Module 'AndroidTargetPlatform' loaded TargetPlatform 'Android'
[2019.09.03-06.23.03:193][  0]LogTemp: Display: Module 'AndroidTargetPlatform' loaded TargetPlatform 'Android_ASTC'
[2019.09.03-06.23.03:193][  0]LogTemp: Display: Module 'AndroidTargetPlatform' loaded TargetPlatform 'Android_ATC'
[2019.09.03-06.23.03:193][  0]LogTemp: Display: Module 'AndroidTargetPlatform' loaded TargetPlatform 'Android_DXT'
[2019.09.03-06.23.03:193][  0]LogTemp: Display: Module 'AndroidTargetPlatform' loaded TargetPlatform 'Android_ETC1'
[2019.09.03-06.23.03:194][  0]LogTemp: Display: Module 'AndroidTargetPlatform' loaded TargetPlatform 'Android_ETC1a'
[2019.09.03-06.23.03:194][  0]LogTemp: Display: Module 'AndroidTargetPlatform' loaded TargetPlatform 'Android_ETC2'
[2019.09.03-06.23.03:194][  0]LogTemp: Display: Module 'AndroidTargetPlatform' loaded TargetPlatform 'Android_PVRTC'
[2019.09.03-06.23.03:194][  0]LogTemp: Display: Module 'AndroidTargetPlatform' loaded TargetPlatform 'AndroidClient'
[2019.09.03-06.23.03:194][  0]LogTemp: Display: Module 'AndroidTargetPlatform' loaded TargetPlatform 'Android_ASTCClient'
[2019.09.03-06.23.03:194][  0]LogTemp: Display: Module 'AndroidTargetPlatform' loaded TargetPlatform 'Android_ATCClient'
[2019.09.03-06.23.03:194][  0]LogTemp: Display: Module 'AndroidTargetPlatform' loaded TargetPlatform 'Android_DXTClient'
[2019.09.03-06.23.03:194][  0]LogTemp: Display: Module 'AndroidTargetPlatform' loaded TargetPlatform 'Android_ETC1Client'
[2019.09.03-06.23.03:194][  0]LogTemp: Display: Module 'AndroidTargetPlatform' loaded TargetPlatform 'Android_ETC1aClient'
[2019.09.03-06.23.03:194][  0]LogTemp: Display: Module 'AndroidTargetPlatform' loaded TargetPlatform 'Android_ETC2Client'
[2019.09.03-06.23.03:194][  0]LogTemp: Display: Module 'AndroidTargetPlatform' loaded TargetPlatform 'Android_PVRTCClient'
[2019.09.03-06.23.03:194][  0]LogTemp: Display: Module 'AndroidTargetPlatform' loaded TargetPlatform 'Android_Multi'
[2019.09.03-06.23.03:194][  0]LogTemp: Display: Module 'AndroidTargetPlatform' loaded TargetPlatform 'Android_MultiClient'
[2019.09.03-06.23.03:223][  0]LogTemp: Display: Module 'HTML5TargetPlatform' loaded TargetPlatform 'HTML5'
[2019.09.03-06.23.03:383][  0]LogTemp: Display: Module 'IOSTargetPlatform' loaded TargetPlatform 'IOSClient'
[2019.09.03-06.23.03:383][  0]LogTemp: Display: Module 'IOSTargetPlatform' loaded TargetPlatform 'IOS'
[2019.09.03-06.23.03:439][  0]LogTemp: Display: Module 'TVOSTargetPlatform' loaded TargetPlatform 'TVOSClient'
[2019.09.03-06.23.03:439][  0]LogTemp: Display: Module 'TVOSTargetPlatform' loaded TargetPlatform 'TVOS'
[2019.09.03-06.23.03:484][  0]LogTemp: Display: Module 'LinuxClientTargetPlatform' loaded TargetPlatform 'LinuxClient'
[2019.09.03-06.23.03:518][  0]LogTemp: Display: Module 'LinuxNoEditorTargetPlatform' loaded TargetPlatform 'LinuxNoEditor'
[2019.09.03-06.23.03:578][  0]LogTemp: Display: Module 'LinuxServerTargetPlatform' loaded TargetPlatform 'LinuxServer'
[2019.09.03-06.23.03:623][  0]LogTemp: Display: Module 'LinuxTargetPlatform' loaded TargetPlatform 'Linux'
[2019.09.03-06.23.03:709][  0]LogTemp: Display: Module 'LuminTargetPlatform' loaded TargetPlatform 'Lumin'
[2019.09.03-06.23.03:709][  0]LogTemp: Display: Module 'LuminTargetPlatform' loaded TargetPlatform 'LuminClient'
[2019.09.03-06.23.03:709][  0]LogTargetPlatformManager: Display: Building Assets For Windows
[2019.09.03-06.23.03:991][  0]LogAudioDebug: Display: Lib vorbis DLL was dynamically loaded.
[2019.09.03-06.23.06:925][  0]LogShaderCompilers: Guid format shader working directory is -17 characters bigger than the processId version (../../../../../Documents/Unreal Projects/UEVRtrasco/UEVRtrasco/Intermediate/Shaders/WorkingDirectory/15580/).
[2019.09.03-06.23.06:926][  0]LogShaderCompilers: Cleaned the shader compiler working directory 'C:/Users/kingw/AppData/Local/Temp/UnrealShaderWorkingDir/3A6330EF47771BA93A834B8D720C8A60/'.
[2019.09.03-06.23.07:012][  0]LogXGEController: Cleaning working directory: C:/Users/kingw/AppData/Local/Temp/UnrealXGEWorkingDir/
[2019.09.03-06.23.07:013][  0]LogXGEController: Cannot use XGE Controller as Incredibuild is not installed on this machine.
[2019.09.03-06.23.07:013][  0]LogShaderCompilers: Cannot use XGE Shader Compiler as Incredibuild is not installed on this machine.
[2019.09.03-06.23.07:013][  0]LogShaderCompilers: Display: Using Local Shader Compiler.
[2019.09.03-06.23.14:404][  0]LogDerivedDataCache: Display: Max Cache Size: 512 MB
[2019.09.03-06.23.14:857][  0]LogDerivedDataCache: Loaded boot cache 0.45s 74MB C:/Users/kingw/AppData/Local/UnrealEngine/4.22/DerivedDataCache/Boot.ddc.
[2019.09.03-06.23.14:857][  0]LogDerivedDataCache: Display: Loaded Boot cache: C:/Users/kingw/AppData/Local/UnrealEngine/4.22/DerivedDataCache/Boot.ddc
[2019.09.03-06.23.14:857][  0]LogDerivedDataCache: FDerivedDataBackendGraph:  Pak pak cache file ../../../../../Documents/Unreal Projects/UEVRtrasco/UEVRtrasco/DerivedDataCache/DDC.ddp not found, will not use a pak cache.
[2019.09.03-06.23.14:857][  0]LogDerivedDataCache: Unable to find inner node Pak for hierarchical cache Hierarchy.
[2019.09.03-06.23.14:857][  0]LogDerivedDataCache: FDerivedDataBackendGraph:  CompressedPak pak cache file ../../../../../Documents/Unreal Projects/UEVRtrasco/UEVRtrasco/DerivedDataCache/Compressed.ddp not found, will not use a pak cache.
[2019.09.03-06.23.14:857][  0]LogDerivedDataCache: Unable to find inner node CompressedPak for hierarchical cache Hierarchy.
[2019.09.03-06.23.14:928][  0]LogDerivedDataCache: Display: Pak cache opened for reading ../../../Engine/DerivedDataCache/Compressed.ddp.
[2019.09.03-06.23.15:012][  0]LogDerivedDataCache: Display: Pak cache opened for reading ../../../Enterprise/DerivedDataCache/Compressed.ddp.
[2019.09.03-06.23.15:027][  0]LogDerivedDataCache: Using Local data cache path C:/Users/kingw/AppData/Local/UnrealEngine/Common/DerivedDataCache: Writable
[2019.09.03-06.23.15:027][  0]LogDerivedDataCache: Shared data cache path not found in *engine.ini, will not use an Shared cache.
[2019.09.03-06.23.15:027][  0]LogDerivedDataCache: Unable to find inner node Shared for hierarchical cache Hierarchy.
[2019.09.03-06.23.15:103][  0]LogMaterial: Verifying Global Shaders for PCD3D_SM5
[2019.09.03-06.23.15:194][  0]LogSlate: Using FreeType 2.6.0
[2019.09.03-06.23.15:333][  0]LogSlate: SlateFontServices - WITH_FREETYPE: 1, WITH_HARFBUZZ: 1
[2019.09.03-06.23.17:173][  0]LogAssetRegistry: FAssetRegistry took 0.0401 seconds to start up
[2019.09.03-06.23.28:688][  0]LogInit: Selected Device Profile: [Windows]
[2019.09.03-06.23.30:031][  0]LogMeshReduction: Using QuadricMeshReduction for automatic static mesh reduction
[2019.09.03-06.23.30:031][  0]LogMeshReduction: Using SimplygonMeshReduction for automatic skeletal mesh reduction
[2019.09.03-06.23.30:031][  0]LogMeshReduction: Using ProxyLODMeshReduction for automatic mesh merging
[2019.09.03-06.23.30:031][  0]LogMeshReduction: No distributed automatic mesh merging module available
[2019.09.03-06.23.30:032][  0]LogMeshMerging: No distributed automatic mesh merging module available
[2019.09.03-06.23.30:701][  0]LogNetVersion: UEVRtrasco 1.0.0, NetCL: 5660361, EngineNetVer: 10, GameNetVer: 0 (Checksum: 1162023569)
[2019.09.03-06.23.36:507][  0]LogPackageLocalizationCache: Processed 16 localized package path(s) for 1 prioritized culture(s) in 0.248803 seconds
[2019.09.03-06.23.36:602][  0]LogUObjectArray: 42205 objects as part of root set at end of initial load.
[2019.09.03-06.23.36:602][  0]LogUObjectAllocator: 7325032 out of 0 bytes used by permanent object pool.
[2019.09.03-06.23.36:603][  0]LogUObjectArray: CloseDisregardForGC: 0/0 objects in disregard for GC pool
[2019.09.03-06.23.59:061][  0]LogTcpMessaging: Initializing TcpMessaging bridge
[2019.09.03-06.23.59:109][  0]LogUdpMessaging: Initializing bridge on interface 0.0.0.0:0 to multicast group 230.0.0.1:6666.
[2019.09.03-06.24.00:356][  0]SourceControl: ソースコントロールは無効です
[2019.09.03-06.24.00:365][  0]LogWindows: Warning: CreateProc failed: 指定されたファイルが見つかりません。 (0x00000002)
[2019.09.03-06.24.00:365][  0]LogWindows: Warning: URL: C:/Program Files/Git/bin/git.exe version
[2019.09.03-06.24.00:365][  0]LogWindows: Warning: CreateProc failed: 指定されたファイルが見つかりません。 (0x00000002)
[2019.09.03-06.24.00:365][  0]LogWindows: Warning: URL: C:/Program Files (x86)/Git/bin/git.exe version
[2019.09.03-06.24.00:366][  0]LogWindows: Warning: CreateProc failed: 指定されたファイルが見つかりません。 (0x00000002)
[2019.09.03-06.24.00:366][  0]LogWindows: Warning: URL: C:\Users\kingw\AppData\Local/Programs/Git/cmd/git.exe version
[2019.09.03-06.24.00:366][  0]LogWindows: Warning: CreateProc failed: 指定されたファイルが見つかりません。 (0x00000002)
[2019.09.03-06.24.00:366][  0]LogWindows: Warning: URL: C:/Program Files (x86)/SmartGit/git/bin/git.exe version
[2019.09.03-06.24.00:366][  0]LogWindows: Warning: CreateProc failed: 指定されたファイルが見つかりません。 (0x00000002)
[2019.09.03-06.24.00:366][  0]LogWindows: Warning: URL: C:/Program Files (x86)/SmartGit/bin/git.exe version
[2019.09.03-06.24.05:598][  0]LogAndroidPermission: UAndroidPermissionCallbackProxy::GetInstance
[2019.09.03-06.24.05:942][  0]LogOcInput: OculusInput pre-init called
[2019.09.03-06.24.12:807][  0]LogWindows: Failed to load 'libalias_api.dll' (GetLastError=126)
[2019.09.03-06.24.12:807][  0]LogWindows: File 'libalias_api.dll' does not exist
[2019.09.03-06.24.12:808][  0]LogWindows: Failed to load 'libalias_api.dll' (GetLastError=126)
[2019.09.03-06.24.12:808][  0]LogWindows: File 'libalias_api.dll' does not exist
[2019.09.03-06.24.15:656][  0]LogEngine: Initializing Engine...
[2019.09.03-06.24.21:067][  0]LogHMD: Failed to initialize OpenVR with code 108
[2019.09.03-06.24.21:157][  0]LogStats: UGameplayTagsManager::InitializeManager -  0.021 s
[2019.09.03-06.24.22:737][  0]LogInit: Initializing FReadOnlyCVARCache
[2019.09.03-06.24.24:090][  0]LogAIModule: Creating AISystem for world Untitled
[2019.09.03-06.24.24:675][  0]LogInit: XAudio2 using 'スピーカー (Realtek High Definition Audio)' : 2 channels at 48 kHz using 32 bits per sample (channel mask 0x3)
[2019.09.03-06.24.24:724][  0]LogInit: FAudioDevice initialized.
[2019.09.03-06.24.24:731][  0]LogNetVersion: Set ProjectVersion to 1.0.0.0. Version Checksum will be recalculated on next use.
[2019.09.03-06.24.24:933][  0]LogDerivedDataCache: Saved boot cache 0.20s 74MB C:/Users/kingw/AppData/Local/UnrealEngine/4.22/DerivedDataCache/Boot.ddc.
[2019.09.03-06.24.24:947][  0]LogInit: Texture streaming: Enabled
[2019.09.03-06.24.25:540][  0]LogEngineSessionManager: EngineSessionManager initialized
[2019.09.03-06.24.26:300][  0]LogInit: Transaction tracking system initialized
[2019.09.03-06.24.27:332][  0]BlueprintLog: New page: エディタの読み込み
[2019.09.03-06.24.30:891][  0]LocalizationService: ローカライズのサービスが無効になりました
[2019.09.03-06.24.35:283][  0]LogFileCache: Scanning file cache for directory 'E:/Documents/Unreal Projects/UEVRtrasco/UEVRtrasco/Content/' took 0.06s
[2019.09.03-06.24.35:283][  0]LogCook: Display: Max memory allowance for cook 16384mb min free memory 0mb
[2019.09.03-06.24.35:284][  0]LogCook: Display: Mobile HDR setting 1
[2019.09.03-06.24.52:079][  0]Cmd: MAP LOAD FILE="../../../../../Documents/Unreal Projects/UEVRtrasco/UEVRtrasco/Content/My/Map/Map1.umap" TEMPLATE=0 SHOWPROGRESS=1 FEATURELEVEL=3
[2019.09.03-06.24.52:112][  0]LightingResults: New page: ライティングのビルド
[2019.09.03-06.24.52:472][  0]MapCheck: New page: マップをチェック
[2019.09.03-06.24.52:472][  0]LightingResults: New page: ライティングのビルド
[2019.09.03-06.24.54:278][  0]LogUObjectHash: Compacting FUObjectHashTables data took  10.09ms
[2019.09.03-06.25.12:078][  0]LogAIModule: Creating AISystem for world Map1
[2019.09.03-06.25.13:516][  0]LogEditorServer: Finished looking for orphan Actors (0.000 secs)
[2019.09.03-06.25.13:906][  0]LogUObjectHash: Compacting FUObjectHashTables data took   3.46ms
[2019.09.03-06.25.13:927][  0]Cmd: MAP CHECKDEP NOCLEARLOG
[2019.09.03-06.25.13:936][  0]MapCheck: マップチェックが完了: 0 エラー、 0 警告、完了に 1.682ミリ秒かかりました。
[2019.09.03-06.25.13:936][  0]LogFileHelpers: Loading map 'Map1' took 21.869
[2019.09.03-06.25.17:597][  0]LogSlate: Updating window title bar state: overlay mode, drag disabled, window buttons hidden, title bar hidden
[2019.09.03-06.25.17:608][  0]LogSlate: Updating window title bar state: overlay mode, drag disabled, window buttons hidden, title bar hidden
[2019.09.03-06.25.17:621][  0]LogSlate: Updating window title bar state: overlay mode, drag disabled, window buttons hidden, title bar hidden
[2019.09.03-06.25.17:635][  0]LogSlate: Updating window title bar state: overlay mode, drag disabled, window buttons hidden, title bar hidden
[2019.09.03-06.25.18:160][  0]LogCollectionManager: Loaded 0 collections in 0.016238 seconds
[2019.09.03-06.25.18:799][  0]LogFileCache: Scanning file cache for directory 'E:/Documents/Unreal Projects/UEVRtrasco/UEVRtrasco/Saved/Collections/' took 0.01s
[2019.09.03-06.25.18:799][  0]LogFileCache: Scanning file cache for directory 'E:/Documents/Unreal Projects/UEVRtrasco/UEVRtrasco/Content/Developers/kingw/Collections/' took 0.01s
[2019.09.03-06.25.18:799][  0]LogFileCache: Scanning file cache for directory 'E:/Documents/Unreal Projects/UEVRtrasco/UEVRtrasco/Content/Collections/' took 0.01s
[2019.09.03-06.25.18:799][  0]LogCollectionManager: Rebuilt the GUID cache for 0 collections in 0.000000 seconds
[2019.09.03-06.25.18:835][  0]LogContentBrowser: Native class hierarchy populated in 0.0145 seconds. Added 2864 classes and 726 folders.
[2019.09.03-06.25.19:176][  0]LogContentBrowser: Native class hierarchy updated for 'WidgetCarousel' in 0.0004 seconds. Added 0 classes and 0 folders.
[2019.09.03-06.25.19:389][  0]LogPakFile: Registered encryption key '00000000000000000000000000000000': 0 pak files mounted, 0 remain pending
[2019.09.03-06.25.19:505][  0]LogPakFile: Registered encryption key '00000000000000000000000000000000': 0 pak files mounted, 0 remain pending
[2019.09.03-06.25.19:555][  0]LogPakFile: Registered encryption key '00000000000000000000000000000000': 0 pak files mounted, 0 remain pending
[2019.09.03-06.25.19:579][  0]LogPakFile: Registered encryption key '00000000000000000000000000000000': 0 pak files mounted, 0 remain pending
[2019.09.03-06.25.19:599][  0]LogPakFile: Registered encryption key '00000000000000000000000000000000': 0 pak files mounted, 0 remain pending
[2019.09.03-06.25.19:618][  0]LogPakFile: Registered encryption key '00000000000000000000000000000000': 0 pak files mounted, 0 remain pending
[2019.09.03-06.25.19:633][  0]LogPakFile: Registered encryption key '00000000000000000000000000000000': 0 pak files mounted, 0 remain pending
[2019.09.03-06.25.19:652][  0]LogPakFile: Registered encryption key '00000000000000000000000000000000': 0 pak files mounted, 0 remain pending
[2019.09.03-06.25.19:668][  0]LogPakFile: Registered encryption key '00000000000000000000000000000000': 0 pak files mounted, 0 remain pending
[2019.09.03-06.25.19:875][  0]LogPakFile: Registered encryption key '00000000000000000000000000000000': 0 pak files mounted, 0 remain pending
[2019.09.03-06.25.19:893][  0]LogPakFile: Registered encryption key '00000000000000000000000000000000': 0 pak files mounted, 0 remain pending
[2019.09.03-06.25.19:912][  0]LogPakFile: Registered encryption key '00000000000000000000000000000000': 0 pak files mounted, 0 remain pending
[2019.09.03-06.25.19:933][  0]LogPakFile: Registered encryption key '00000000000000000000000000000000': 0 pak files mounted, 0 remain pending
[2019.09.03-06.25.19:951][  0]LogPakFile: Registered encryption key '00000000000000000000000000000000': 0 pak files mounted, 0 remain pending
[2019.09.03-06.25.19:968][  0]LogPakFile: Registered encryption key '00000000000000000000000000000000': 0 pak files mounted, 0 remain pending
[2019.09.03-06.25.19:989][  0]LogPakFile: Registered encryption key '00000000000000000000000000000000': 0 pak files mounted, 0 remain pending
[2019.09.03-06.25.20:036][  0]LogPakFile: Registered encryption key '00000000000000000000000000000000': 0 pak files mounted, 0 remain pending
[2019.09.03-06.25.20:043][  0]LogPakFile: Registered encryption key '00000000000000000000000000000000': 0 pak files mounted, 0 remain pending
[2019.09.03-06.25.20:109][  0]LogPakFile: Registered encryption key '00000000000000000000000000000000': 0 pak files mounted, 0 remain pending
[2019.09.03-06.25.20:140][  0]LogPakFile: Registered encryption key '00000000000000000000000000000000': 0 pak files mounted, 0 remain pending
[2019.09.03-06.25.20:152][  0]LogPakFile: Registered encryption key '00000000000000000000000000000000': 0 pak files mounted, 0 remain pending
[2019.09.03-06.25.20:274][  0]LogPakFile: Registered encryption key '00000000000000000000000000000000': 0 pak files mounted, 0 remain pending
[2019.09.03-06.25.20:294][  0]LogPakFile: Registered encryption key '00000000000000000000000000000000': 0 pak files mounted, 0 remain pending
[2019.09.03-06.25.20:351][  0]LogPakFile: Registered encryption key '00000000000000000000000000000000': 0 pak files mounted, 0 remain pending
[2019.09.03-06.25.20:371][  0]LogPakFile: Registered encryption key '00000000000000000000000000000000': 0 pak files mounted, 0 remain pending
[2019.09.03-06.25.20:388][  0]LogPakFile: Registered encryption key '00000000000000000000000000000000': 0 pak files mounted, 0 remain pending
[2019.09.03-06.25.20:402][  0]LogPakFile: Registered encryption key '00000000000000000000000000000000': 0 pak files mounted, 0 remain pending
[2019.09.03-06.25.20:454][  0]LogPakFile: Registered encryption key '00000000000000000000000000000000': 0 pak files mounted, 0 remain pending
[2019.09.03-06.25.22:443][  0]LogContentBrowser: Native class hierarchy updated for 'AddContentDialog' in 0.0004 seconds. Added 0 classes and 0 folders.
[2019.09.03-06.25.22:605][  0]LogContentBrowser: Native class hierarchy updated for 'SceneOutliner' in 0.0004 seconds. Added 1 classes and 0 folders.
[2019.09.03-06.25.28:263][  0]LogSlate: Only BGRA pngs, bmps or icos are supported in by External Image Picker
[2019.09.03-06.25.28:628][  0]LogSlate: Took 0.016911 seconds to synchronously load lazily loaded font '../../../Engine/Content/Slate/Fonts/Roboto-Regular.ttf' (155K)
[2019.09.03-06.25.28:731][  0]LogSlate: Took 0.038867 seconds to synchronously load lazily loaded font '../../../Engine/Content/Editor/Slate/Fonts/GenEiGothicPro-Regular.otf' (707K)
[2019.09.03-06.25.28:795][  0]LogSlate: Took 0.021197 seconds to synchronously load lazily loaded font '../../../Engine/Content/Editor/Slate/Fonts/GenEiGothicPro-Bold.otf' (698K)
[2019.09.03-06.25.28:839][  0]LogSlate: Took 0.044229 seconds to synchronously load lazily loaded font '../../../Engine/Content/Slate/Fonts/Roboto-Bold.ttf' (160K)
[2019.09.03-06.25.28:976][  0]LogSlate: Took 0.014908 seconds to synchronously load lazily loaded font '../../../Engine/Content/Editor/Slate/Fonts/FontAwesome.ttf' (139K)
[2019.09.03-06.25.29:821][  0]LogRenderer: Reallocating scene render targets to support 1216x572 Format 26 NumSamples 1 (Frame:1).
[2019.09.03-06.25.31:022][  0]LogContentBrowser: Native class hierarchy updated for 'HierarchicalLODOutliner' in 0.0005 seconds. Added 0 classes and 0 folders.
[2019.09.03-06.25.31:022][  0]LogLoad: (Engine Initialization) Total time: 186.63 seconds
[2019.09.03-06.25.31:022][  0]LogLoad: (Engine Initialization) Total Blueprint compile time: 0.00 seconds
[2019.09.03-06.25.31:979][  0]LogContentStreaming: Texture pool size now 600 MB
[2019.09.03-06.25.32:387][  0]LogSlate: Took 0.051923 seconds to synchronously load lazily loaded font '../../../Engine/Content/Slate/Fonts/Roboto-Light.ttf' (167K)
[2019.09.03-06.25.33:379][  4]LogAssetRegistry: Asset discovery search completed in 136.2305 seconds
[2019.09.03-06.25.33:410][  4]LogCollectionManager: Rebuilt the object cache for 0 collections in 0.000001 seconds (found 0 objects)
[2019.09.03-06.25.33:410][  4]LogCollectionManager: Fixed up redirectors for 0 collections in 0.011380 seconds (updated 0 objects)
[2019.09.03-06.25.33:415][  4]LogSlate: Warning: Legacy localized fallback font '../../../Engine/Content/Slate/Fonts/DroidSansFallback.ttf' was requested. Font: '/Engine/EngineFonts/Faces/RobotoBold.RobotoBold', Character: '動 (U+52d5)'
Legacy localized fallback fonts were deprecated in 4.22 and will be removed in a future version!
Please update your composite fonts to use localized sub-font families: https://docs.unrealengine.com/en-US/Engine/UMG/UserGuide/Fonts/Overview
[2019.09.03-06.25.33:494][  4]LogSlate: Took 0.079507 seconds to synchronously load lazily loaded font '../../../Engine/Content/Slate/Fonts/DroidSansFallback.ttf' (3848K)
[2019.09.03-06.29.33:175][907]Cmd: TRANSACTION UNDO
[2019.09.03-06.29.33:175][907]LogEditorTransaction: Undo アクタ を移動
[2019.09.03-06.29.33:289][907]LogSlate: Took 0.031235 seconds to synchronously load lazily loaded font '../../../Engine/Content/Editor/Slate/Fonts/GenEiGothicPro-Light.otf' (713K)
[2019.09.03-06.29.33:290][907]LogSlate: Took 0.000277 seconds to synchronously load lazily loaded font '../../../Engine/Content/Slate/Fonts/Roboto-Light.ttf' (167K)
[2019.09.03-06.29.46:316][ 93]Cmd: TRANSACTION UNDO
[2019.09.03-06.29.46:316][ 93]LogEditorTransaction: Undo アクタ を移動
[2019.09.03-06.29.46:904][133]Cmd: TRANSACTION UNDO
[2019.09.03-06.29.46:904][133]LogEditorTransaction: Undo アクタ を移動
[2019.09.03-06.29.47:131][150]Cmd: TRANSACTION UNDO
[2019.09.03-06.29.47:132][150]LogEditorTransaction: Undo アクタ を移動
[2019.09.03-06.29.47:354][166]Cmd: TRANSACTION UNDO
[2019.09.03-06.29.47:355][166]LogEditorTransaction: Undo アクタ を移動
[2019.09.03-06.29.47:722][194]Cmd: TRANSACTION UNDO
[2019.09.03-06.29.47:722][194]LogEditorTransaction: Undo アクタ を移動
[2019.09.03-06.29.48:142][227]Cmd: TRANSACTION UNDO
[2019.09.03-06.29.48:142][227]LogEditorTransaction: Undo ブラシサーフェスを選択
[2019.09.03-06.29.48:798][285]Cmd: TRANSACTION UNDO
[2019.09.03-06.29.48:799][285]LogEditorTransaction: Undo ブラシサーフェスを選択
[2019.09.03-06.29.49:252][325]Cmd: TRANSACTION UNDO
[2019.09.03-06.29.49:252][325]LogEditorTransaction: Undo ブラシサーフェスを選択
[2019.09.03-06.29.49:626][358]Cmd: TRANSACTION UNDO
[2019.09.03-06.29.49:626][358]LogEditorTransaction: Undo ブラシサーフェスを選択
[2019.09.03-06.29.50:167][407]Cmd: TRANSACTION UNDO
[2019.09.03-06.29.50:167][407]LogEditorTransaction: Undo ブラシサーフェスを選択
[2019.09.03-06.29.53:505][723]Cmd: TRANSACTION REDO
[2019.09.03-06.29.53:505][723]LogEditorTransaction: Redo ブラシサーフェスを選択
[2019.09.03-06.29.54:715][827]Cmd: TRANSACTION REDO
[2019.09.03-06.29.54:715][827]LogEditorTransaction: Redo ブラシサーフェスを選択
[2019.09.03-06.29.55:971][947]LogEditorViewport: Clicking on Actor (LMB): BP_Sky_Sphere_C (SkySphereBlueprint)
[2019.09.03-06.30.39:504][964]LogEditorViewport: Clicking on Actor (LMB): PostProcessVolume (PostProcessVolume)
[2019.09.03-06.30.41:393][127]LogEditorViewport: Clicking on Actor (CTRL LMB): NavMeshBoundsVolume (NavMeshBoundsVolume)
[2019.09.03-06.30.42:992][278]LogEditorViewport: Clicking on Actor (CTRL LMB): LightmassImportanceVolume (LightmassImportanceVolume)
[2019.09.03-06.30.49:427][892]LogEditorViewport: Clicking on Actor (LMB): BP_Sky_Sphere_C (SkySphereBlueprint)
[2019.09.03-06.30.50:755][ 12]LogEditorViewport: Clicking on Actor (LMB): NavMeshBoundsVolume (NavMeshBoundsVolume)
[2019.09.03-06.30.52:600][176]LogEditorViewport: Clicking on Actor (CTRL LMB): PostProcessVolume (PostProcessVolume)
[2019.09.03-06.31.06:171][457]LogEditorViewport: Clicking on Actor (LMB): NavModifierVolume (NavModifierVolume12)
[2019.09.03-06.31.13:474][125]Cmd: TRANSACTION UNDO
[2019.09.03-06.31.13:474][125]LogEditorTransaction: Undo アクタ を移動
[2019.09.03-06.31.26:905][389]LogSlate: FSceneViewport::OnFocusLost() reason 0
[2019.09.03-06.31.36:455][277]Cmd: TRANSACTION UNDO
[2019.09.03-06.31.36:455][277]LogEditorTransaction: Undo アクタ を移動
[2019.09.03-06.31.37:328][342]LogSlate: FSceneViewport::OnFocusLost() reason 0
[2019.09.03-06.31.40:237][606]Cmd: TRANSACTION UNDO
[2019.09.03-06.31.40:238][606]LogEditorTransaction: Undo アクタ を移動
[2019.09.03-06.31.41:293][694]LogSlate: FSceneViewport::OnFocusLost() reason 0
[2019.09.03-06.32.26:267][ 29]LogSlate: FSceneViewport::OnFocusLost() reason 0
[2019.09.03-06.32.31:688][552]LogSlate: FSceneViewport::OnFocusLost() reason 0
[2019.09.03-06.32.31:841][565]LogUObjectHash: Compacting FUObjectHashTables data took   1.87ms
[2019.09.03-06.32.33:693][565]LogSlate: Window 'コンテンツを保存' being destroyed
[2019.09.03-06.32.33:921][565]Cmd: OBJ SAVEPACKAGE PACKAGE="/Game/My/Map/Map1" FILE="../../../../../Documents/Unreal Projects/UEVRtrasco/UEVRtrasco/Content/My/Map/Map1.umap" SILENT=true AUTOSAVING=false KEEPDIRTY=false
[2019.09.03-06.32.33:954][565]LogUObjectHash: Compacting FUObjectHashTables data took   0.72ms
[2019.09.03-06.32.35:858][565]LogSavePackage: Moving '../../../../../Documents/Unreal Projects/UEVRtrasco/UEVRtrasco/Saved/Map128FB333D48D9E9ECD98DFDADEA8B8711.tmp' to '../../../../../Documents/Unreal Projects/UEVRtrasco/UEVRtrasco/Content/My/Map/Map1.umap'
[2019.09.03-06.32.36:030][565]LogFileHelpers: Saving map 'Map1' took 2.124
[2019.09.03-06.32.36:204][565]LogSlate: Window 'UEVRtrasco - Unreal Editor' being destroyed
[2019.09.03-06.32.36:220][565]LogWindowsTextInputMethodSystem: Display: IME system now activated using TSF (Microsoft IME).
[2019.09.03-06.32.36:609][566]Cmd: QUIT_EDITOR
[2019.09.03-06.32.37:036][566]LogExit: Preparing to exit.
[2019.09.03-06.32.37:944][566]LogExit: Editor shut down
[2019.09.03-06.32.37:944][566]LogExit: Transaction tracking system shut down
[2019.09.03-06.32.39:643][566]LogExit: Object subsystem successfully closed.
[2019.09.03-06.32.39:780][566]LogShaderCompilers: Display: Shaders left to compile 0
[2019.09.03-06.32.39:791][566]LogD3D11RHI: Shutdown
[2019.09.03-06.32.39:791][566]LogD3D11RHI: CleanupD3DDevice
[2019.09.03-06.32.39:794][566]LogRendererCore: FGlobalReadBuffer::ReleaseRHI
[2019.09.03-06.32.39:794][566]LogRendererCore: FGlobalDynamicReadBuffer::Cleanup()
[2019.09.03-06.32.39:794][566]LogRendererCore: FGlobalReadBuffer::ReleaseRHI
[2019.09.03-06.32.39:794][566]LogRendererCore: FGlobalDynamicReadBuffer::Cleanup()
[2019.09.03-06.32.39:794][566]LogRendererCore: FGlobalReadBuffer::ReleaseRHI
[2019.09.03-06.32.39:794][566]LogRendererCore: FGlobalDynamicReadBuffer::Cleanup()
[2019.09.03-06.32.39:939][566]LogD3D11RHI: ~FD3D11DynamicRHI
[2019.09.03-06.32.41:241][566]LogModuleManager: Shutting down and abandoning module HierarchicalLODOutliner (686)
[2019.09.03-06.32.41:241][566]LogModuleManager: Shutting down and abandoning module ExternalImagePicker (684)
[2019.09.03-06.32.41:241][566]LogModuleManager: Shutting down and abandoning module SceneOutliner (682)
[2019.09.03-06.32.41:241][566]LogModuleManager: Shutting down and abandoning module AddContentDialog (680)
[2019.09.03-06.32.41:257][566]LogModuleManager: Shutting down and abandoning module WidgetCarousel (679)
[2019.09.03-06.32.41:257][566]LogModuleManager: Shutting down and abandoning module EditorWidgets (676)
[2019.09.03-06.32.41:257][566]LogModuleManager: Shutting down and abandoning module CollectionManager (674)
[2019.09.03-06.32.41:294][566]LogModuleManager: Shutting down and abandoning module StatsViewer (672)
[2019.09.03-06.32.41:301][566]LogModuleManager: Shutting down and abandoning module FoliageEdit (670)
[2019.09.03-06.32.41:301][566]LogModuleManager: Shutting down and abandoning module LandscapeEditor (668)
[2019.09.03-06.32.41:316][566]LogModuleManager: Shutting down and abandoning module MeshPaintMode (666)
[2019.09.03-06.32.41:326][566]LogModuleManager: Shutting down and abandoning module SceneDepthPickerMode (664)
[2019.09.03-06.32.41:326][566]LogModuleManager: Shutting down and abandoning module ActorPickerMode (662)
[2019.09.03-06.32.41:326][566]LogModuleManager: Shutting down and abandoning module GeometryMode (660)
[2019.09.03-06.32.41:326][566]LogModuleManager: Shutting down and abandoning module TextureAlignMode (658)
[2019.09.03-06.32.41:326][566]LogModuleManager: Shutting down and abandoning module BspMode (656)
[2019.09.03-06.32.41:326][566]LogModuleManager: Shutting down and abandoning module PIEPreviewDeviceProfileSelector (654)
[2019.09.03-06.32.41:353][566]LogModuleManager: Shutting down and abandoning module SequenceRecorderSections (652)
[2019.09.03-06.32.41:361][566]LogModuleManager: Shutting down and abandoning module AutomationWorker (650)
[2019.09.03-06.32.41:373][566]LogModuleManager: Shutting down and abandoning module DatasmithFBXImporter (648)
[2019.09.03-06.32.41:388][566]LogModuleManager: Shutting down and abandoning module DatasmithDeltaGenImporter (646)
[2019.09.03-06.32.41:388][566]LogModuleManager: Shutting down and abandoning module DatasmithVREDImporter (644)
[2019.09.03-06.32.41:388][566]LogModuleManager: Shutting down and abandoning module OculusMR (642)
[2019.09.03-06.32.41:388][566]LogModuleManager: Shutting down and abandoning module AudioCaptureEditor (640)
[2019.09.03-06.32.41:388][566]LogModuleManager: Shutting down and abandoning module MatineeToLevelSequence (638)
[2019.09.03-06.32.41:405][566]LogModuleManager: Shutting down and abandoning module LevelSequenceEditor (636)
[2019.09.03-06.32.41:428][566]LogModuleManager: Shutting down and abandoning module PlacementMode (635)
[2019.09.03-06.32.41:428][566]LogModuleManager: Shutting down and abandoning module MaterialEditor (634)
[2019.09.03-06.32.41:456][566]LogModuleManager: Shutting down and abandoning module ActorSequenceEditor (630)
[2019.09.03-06.32.41:479][566]LogModuleManager: Shutting down and abandoning module WmfMediaFactory (628)
[2019.09.03-06.32.41:479][566]LogModuleManager: Shutting down and abandoning module WmfMediaEditor (626)
[2019.09.03-06.32.41:479][566]LogModuleManager: Shutting down and abandoning module WebMMediaFactory (624)
[2019.09.03-06.32.41:479][566]LogModuleManager: Shutting down and abandoning module WebMMediaEditor (622)
[2019.09.03-06.32.41:479][566]LogModuleManager: Shutting down and abandoning module WebMMedia (620)
[2019.09.03-06.32.41:487][566]LogModuleManager: Shutting down and abandoning module MediaPlayerEditor (618)
[2019.09.03-06.32.41:524][566]LogModuleManager: Shutting down and abandoning module MediaCompositingEditor (616)
[2019.09.03-06.32.41:539][566]LogModuleManager: Shutting down and abandoning module SequenceRecorder (615)
[2019.09.03-06.32.41:539][566]LogModuleManager: Shutting down and abandoning module OpenExrWrapper (612)
[2019.09.03-06.32.41:539][566]LogModuleManager: Shutting down and abandoning module ImgMediaFactory (610)
[2019.09.03-06.32.41:539][566]LogModuleManager: Shutting down and abandoning module ImgMediaEditor (608)
[2019.09.03-06.32.41:539][566]LogModuleManager: Shutting down and abandoning module AvfMediaFactory (606)
[2019.09.03-06.32.41:539][566]LogModuleManager: Shutting down and abandoning module AvfMediaEditor (604)
[2019.09.03-06.32.41:539][566]LogModuleManager: Shutting down and abandoning module AndroidMediaFactory (602)
[2019.09.03-06.32.41:539][566]LogModuleManager: Shutting down and abandoning module AndroidMediaEditor (600)
[2019.09.03-06.32.41:539][566]LogModuleManager: Shutting down and abandoning module MagicLeapCameraPreviewFactory (598)
[2019.09.03-06.32.41:539][566]LogModuleManager: Shutting down and abandoning module MagicLeapMediaCodecFactory (596)
[2019.09.03-06.32.41:539][566]LogModuleManager: Shutting down and abandoning module MagicLeapMediaFactory (594)
[2019.09.03-06.32.41:539][566]LogModuleManager: Shutting down and abandoning module MagicLeapMediaEditor (592)
[2019.09.03-06.32.41:539][566]LogModuleManager: Shutting down and abandoning module CharacterAI (590)
[2019.09.03-06.32.41:539][566]LogModuleManager: Shutting down and abandoning module SmartSnapping (588)
[2019.09.03-06.32.41:539][566]LogModuleManager: Shutting down and abandoning module SessionServices (586)
[2019.09.03-06.32.41:539][566]LogModuleManager: Shutting down and abandoning module MeshPaint (584)
[2019.09.03-06.32.41:548][566]LogModuleManager: Shutting down and abandoning module ViewportSnapping (582)
[2019.09.03-06.32.41:549][566]LogModuleManager: Shutting down and abandoning module ViewportInteraction (580)
[2019.09.03-06.32.41:553][566]LogModuleManager: Shutting down and abandoning module ClothPainter (578)
[2019.09.03-06.32.41:591][566]LogModuleManager: Shutting down and abandoning module SkeletalMeshEditor (577)
[2019.09.03-06.32.41:604][566]LogModuleManager: Shutting down and abandoning module LogVisualizer (574)
[2019.09.03-06.32.41:623][566]LogModuleManager: Shutting down and abandoning module IntroTutorials (572)
[2019.09.03-06.32.41:627][566]LogModuleManager: Shutting down and abandoning module GameProjectGeneration (571)
[2019.09.03-06.32.41:644][566]LogModuleManager: Shutting down and abandoning module LuminPlatformEditor (568)
[2019.09.03-06.32.41:644][566]LogModuleManager: Shutting down and abandoning module IOSPlatformEditor (566)
[2019.09.03-06.32.41:644][566]LogModuleManager: Shutting down and abandoning module HTML5PlatformEditor (564)
[2019.09.03-06.32.41:644][566]LogModuleManager: Shutting down and abandoning module AndroidPlatformEditor (562)
[2019.09.03-06.32.41:644][566]LogModuleManager: Shutting down and abandoning module AndroidDeviceDetection (561)
[2019.09.03-06.32.42:753][566]LogModuleManager: Shutting down and abandoning module WindowsPlatformEditor (558)
[2019.09.03-06.32.42:753][566]LogModuleManager: Shutting down and abandoning module LuminRuntimeSettings (556)
[2019.09.03-06.32.42:753][566]LogModuleManager: Shutting down and abandoning module IOSRuntimeSettings (554)
[2019.09.03-06.32.42:753][566]LogModuleManager: Shutting down and abandoning module AndroidRuntimeSettings (552)
[2019.09.03-06.32.42:753][566]LogModuleManager: Shutting down and abandoning module TimeManagementEditor (550)
[2019.09.03-06.32.42:753][566]LogModuleManager: Shutting down and abandoning module InputBindingEditor (548)
[2019.09.03-06.32.42:766][566]LogModuleManager: Shutting down and abandoning module MergeActors (546)
[2019.09.03-06.32.42:783][566]LogModuleManager: Shutting down and abandoning module LocalizationDashboard (544)
[2019.09.03-06.32.42:834][566]LogModuleManager: Shutting down and abandoning module LocalizationService (543)
[2019.09.03-06.32.42:842][566]LogModuleManager: Shutting down and abandoning module HardwareTargeting (540)
[2019.09.03-06.32.42:842][566]LogModuleManager: Shutting down and abandoning module DeviceProfileEditor (538)
[2019.09.03-06.32.42:850][566]LogModuleManager: Shutting down and abandoning module UndoHistory (536)
[2019.09.03-06.32.42:868][566]LogModuleManager: Shutting down and abandoning module XmlParser (534)
[2019.09.03-06.32.42:873][566]LogModuleManager: Shutting down and abandoning module Blutility (532)
[2019.09.03-06.32.42:888][566]LogModuleManager: Shutting down and abandoning module ProjectSettingsViewer (530)
[2019.09.03-06.32.42:888][566]LogModuleManager: Shutting down and abandoning module ProjectTargetPlatformEditor (529)
[2019.09.03-06.32.42:888][566]LogModuleManager: Shutting down and abandoning module EditorSettingsViewer (526)
[2019.09.03-06.32.42:888][566]LogModuleManager: Shutting down and abandoning module SettingsEditor (524)
[2019.09.03-06.32.42:888][566]LogModuleManager: Shutting down and abandoning module ProjectLauncher (522)
[2019.09.03-06.32.42:899][566]LogModuleManager: Shutting down and abandoning module SessionFrontend (520)
[2019.09.03-06.32.42:902][566]LogModuleManager: Shutting down and abandoning module ProfilerClient (518)
[2019.09.03-06.32.42:917][566]LogModuleManager: Shutting down and abandoning module DeviceManager (516)
[2019.09.03-06.32.42:933][566]LogModuleManager: Shutting down and abandoning module TargetDeviceServices (515)
[2019.09.03-06.32.42:978][566]LogModuleManager: Shutting down and abandoning module AutomationController (512)
[2019.09.03-06.32.42:988][566]LogModuleManager: Shutting down and abandoning module AutomationWindow (510)
[2019.09.03-06.32.43:001][566]LogModuleManager: Shutting down and abandoning module Layers (508)
[2019.09.03-06.32.43:026][566]LogModuleManager: Shutting down and abandoning module ComponentVisualizers (506)
[2019.09.03-06.32.43:026][566]LogModuleManager: Shutting down and abandoning module DetailCustomizations (504)
[2019.09.03-06.32.43:026][566]LogModuleManager: Shutting down and abandoning module PackagesDialog (502)
[2019.09.03-06.32.43:026][566]LogModuleManager: Shutting down and abandoning module AnimationBlueprintEditor (500)
[2019.09.03-06.32.43:064][566]LogModuleManager: Shutting down and abandoning module Persona (498)
[2019.09.03-06.32.43:086][566]LogModuleManager: Shutting down and abandoning module AnimGraph (497)
[2019.09.03-06.32.43:087][566]LogModuleManager: Shutting down and abandoning module Kismet (494)
[2019.09.03-06.32.43:116][566]LogModuleManager: Shutting down and abandoning module GraphEditor (492)
[2019.09.03-06.32.43:147][566]LogModuleManager: Shutting down and abandoning module ClassViewer (490)
[2019.09.03-06.32.43:149][566]LogModuleManager: Shutting down and abandoning module Toolbox (488)
[2019.09.03-06.32.43:149][566]LogModuleManager: Shutting down and abandoning module ModuleUI (486)
[2019.09.03-06.32.43:163][566]LogModuleManager: Shutting down and abandoning module MovieSceneTools (484)
[2019.09.03-06.32.43:173][566]LogModuleManager: Shutting down and abandoning module OutputLog (482)
[2019.09.03-06.32.43:173][566]LogModuleManager: Shutting down and abandoning module GammaUI (480)
[2019.09.03-06.32.43:186][566]LogModuleManager: Shutting down and abandoning module Documentation (478)
[2019.09.03-06.32.43:186][566]LogModuleManager: Shutting down and abandoning module LiveCoding (476)
[2019.09.03-06.32.43:196][566]LogModuleManager: Shutting down and abandoning module LevelSequence (474)
[2019.09.03-06.32.43:196][566]LogModuleManager: Shutting down and abandoning module MovieSceneTracks (472)
[2019.09.03-06.32.43:196][566]LogModuleManager: Shutting down and abandoning module MovieScene (470)
[2019.09.03-06.32.43:196][566]LogModuleManager: Shutting down and abandoning module StreamingPauseRendering (468)
[2019.09.03-06.32.43:204][566]LogModuleManager: Shutting down and abandoning module LauncherPlatform (466)
[2019.09.03-06.32.43:204][566]LogModuleManager: Shutting down and abandoning module AnalyticsET (464)
[2019.09.03-06.32.43:204][566]LogModuleManager: Shutting down and abandoning module PortalServices (462)
[2019.09.03-06.32.43:204][566]LogModuleManager: Shutting down and abandoning module PortalRpc (460)
[2019.09.03-06.32.43:204][566]LogModuleManager: Shutting down and abandoning module MessagingRpc (458)
[2019.09.03-06.32.43:204][566]LogModuleManager: Shutting down and abandoning module AIModule (456)
[2019.09.03-06.32.43:212][566]LogModuleManager: Shutting down and abandoning module GameplayDebugger (455)
[2019.09.03-06.32.43:235][566]LogModuleManager: Shutting down and abandoning module AITestSuite (453)
[2019.09.03-06.32.43:235][566]LogModuleManager: Shutting down and abandoning module NavigationSystem (451)
[2019.09.03-06.32.43:236][566]LogModuleManager: Shutting down and abandoning module DesktopPlatform (448)
[2019.09.03-06.32.43:236][566]LogModuleManager: Shutting down and abandoning module ImageWriteQueue (446)
[2019.09.03-06.32.43:241][566]LogModuleManager: Shutting down and abandoning module ProfilerService (444)
[2019.09.03-06.32.43:488][566]LogModuleManager: Shutting down and abandoning module TaskGraph (442)
[2019.09.03-06.32.43:508][566]LogModuleManager: Shutting down and abandoning module DatasmithCADImporter (440)
[2019.09.03-06.32.43:509][566]LogModuleManager: Shutting down and abandoning module VariantManager (438)
[2019.09.03-06.32.43:529][566]LogModuleManager: Shutting down and abandoning module StaticMeshEditorExtension (436)
[2019.09.03-06.32.43:529][566]LogModuleManager: Shutting down and abandoning module StaticMeshEditor (435)
[2019.09.03-06.32.43:549][566]LogModuleManager: Shutting down and abandoning module AdvancedPreviewScene (434)
[2019.09.03-06.32.43:549][566]LogModuleManager: Shutting down and abandoning module MeshProcessingLibrary (431)
[2019.09.03-06.32.43:560][566]LogModuleManager: Shutting down and abandoning module MDLImporter (428)
[2019.09.03-06.32.43:568][566]LogModuleManager: Shutting down and abandoning module DatasmithGLTFImporter (426)
[2019.09.03-06.32.43:585][566]LogModuleManager: Shutting down and abandoning module DatasmithImporter (425)
[2019.09.03-06.32.43:625][566]LogModuleManager: Shutting down and abandoning module DatasmithDataPrepLibraries (422)
[2019.09.03-06.32.43:633][566]LogModuleManager: Shutting down and abandoning module DatasmithDataPrepEditor (420)
[2019.09.03-06.32.43:650][566]LogModuleManager: Shutting down and abandoning module SteamVRController (418)
[2019.09.03-06.32.43:650][566]LogModuleManager: Shutting down and abandoning module ProceduralMeshComponentEditor (416)
[2019.09.03-06.32.43:660][566]LogModuleManager: Shutting down and abandoning module ProceduralMeshComponent (414)
[2019.09.03-06.32.43:672][566]LogModuleManager: Shutting down and abandoning module OculusEditor (412)
[2019.09.03-06.32.43:698][566]LogModuleManager: Shutting down and abandoning module OculusInput (410)
[2019.09.03-06.32.43:699][566]LogModuleManager: Shutting down and abandoning module MobilePatchingUtils (408)
[2019.09.03-06.32.43:699][566]LogModuleManager: Shutting down and abandoning module EditableMesh (406)
[2019.09.03-06.32.43:699][566]LogModuleManager: Shutting down and abandoning module CustomMeshComponent (404)
[2019.09.03-06.32.43:699][566]LogModuleManager: Shutting down and abandoning module CableComponent (402)
[2019.09.03-06.32.43:713][566]LogModuleManager: Shutting down and abandoning module AudioCapture (400)
[2019.09.03-06.32.43:714][566]LogModuleManager: Shutting down and abandoning module ArchVisCharacter (398)
[2019.09.03-06.32.43:714][566]LogModuleManager: Shutting down and abandoning module AndroidPermission (396)
[2019.09.03-06.32.43:714][566]LogModuleManager: Shutting down and abandoning module NUTUnrealEngine4 (394)
[2019.09.03-06.32.43:751][566]LogModuleManager: Shutting down and abandoning module NetcodeUnitTest (392)
[2019.09.03-06.32.43:755][566]LogModuleManager: Shutting down and abandoning module MediaCompositing (390)
[2019.09.03-06.32.43:755][566]LogModuleManager: Shutting down and abandoning module LinearTimecode (388)
[2019.09.03-06.32.43:755][566]LogModuleManager: Shutting down and abandoning module ImgMedia (386)
[2019.09.03-06.32.43:755][566]LogModuleManager: Shutting down and abandoning module MagicLeapHelperVulkan (384)
[2019.09.03-06.32.43:755][566]LogModuleManager: Shutting down and abandoning module MagicLeapHelperOpenGL (382)
[2019.09.03-06.32.43:767][566]LogModuleManager: Shutting down and abandoning module MagicLeapAudio (380)
[2019.09.03-06.32.43:775][566]LogModuleManager: Shutting down and abandoning module HTML5Networking (378)
[2019.09.03-06.32.43:775][566]LogModuleManager: Shutting down and abandoning module GeometryCollectionEditor (376)
[2019.09.03-06.32.43:775][566]LogModuleManager: Shutting down and abandoning module GeometryCollectionExampleCore (374)
[2019.09.03-06.32.43:785][566]LogModuleManager: Shutting down and abandoning module GeometryCacheTracks (372)
[2019.09.03-06.32.43:785][566]LogModuleManager: Shutting down and abandoning module GeometryCacheSequencer (370)
[2019.09.03-06.32.43:785][566]LogModuleManager: Shutting down and abandoning module ChaosSolverEditor (368)
[2019.09.03-06.32.43:785][566]LogModuleManager: Shutting down and abandoning module BlastAuthoring (366)
[2019.09.03-06.32.43:785][566]LogModuleManager: Shutting down and abandoning module BackChannel (364)
[2019.09.03-06.32.43:792][566]LogModuleManager: Shutting down and abandoning module AppleVision (362)
[2019.09.03-06.32.43:792][566]LogModuleManager: Shutting down and abandoning module AppleImageUtilsBlueprintSupport (360)
[2019.09.03-06.32.43:792][566]LogModuleManager: Shutting down and abandoning module AppleImageUtils (358)
[2019.09.03-06.32.43:792][566]LogModuleManager: Shutting down and abandoning module AlembicImporter (356)
[2019.09.03-06.32.43:792][566]LogModuleManager: Shutting down and abandoning module AlembicLibrary (355)
[2019.09.03-06.32.43:792][566]LogModuleManager: Shutting down and abandoning module GeometryCache (354)
[2019.09.03-06.32.43:792][566]LogModuleManager: Shutting down and abandoning module GeometryCacheEd (353)
[2019.09.03-06.32.43:792][566]LogModuleManager: Shutting down and abandoning module VariantManagerContent (348)
[2019.09.03-06.32.43:792][566]LogModuleManager: Shutting down and abandoning module DatasmithContentEditor (346)
[2019.09.03-06.32.43:792][566]LogModuleManager: Shutting down and abandoning module SpeedTreeImporter (344)
[2019.09.03-06.32.43:792][566]LogModuleManager: Shutting down and abandoning module PluginBrowser (342)
[2019.09.03-06.32.43:813][566]LogModuleManager: Shutting down and abandoning module MobileLauncherProfileWizard (340)
[2019.09.03-06.32.43:830][566]LogModuleManager: Shutting down and abandoning module PolygonModeling (338)
[2019.09.03-06.32.43:830][566]LogModuleManager: Shutting down and abandoning module MeshEditor (336)
[2019.09.03-06.32.43:830][566]LogModuleManager: Shutting down and abandoning module MaterialAnalyzer (334)
[2019.09.03-06.32.43:840][566]LogModuleManager: Shutting down and abandoning module GLTFImporter (332)
[2019.09.03-06.32.43:840][566]LogModuleManager: Shutting down and abandoning module EditorScriptingUtilities (330)
[2019.09.03-06.32.43:840][566]LogModuleManager: Shutting down and abandoning module CryptoKeysOpenSSL (328)
[2019.09.03-06.32.43:840][566]LogModuleManager: Shutting down and abandoning module CryptoKeys (326)
[2019.09.03-06.32.43:840][566]LogModuleManager: Shutting down and abandoning module VisualStudioSourceCodeAccess (324)
[2019.09.03-06.32.43:849][566]LogModuleManager: Shutting down and abandoning module VisualStudioCodeSourceCodeAccess (322)
[2019.09.03-06.32.43:849][566]LogModuleManager: Shutting down and abandoning module UObjectPlugin (320)
[2019.09.03-06.32.43:849][566]LogModuleManager: Shutting down and abandoning module SubversionSourceControl (318)
[2019.09.03-06.32.43:872][566]LogModuleManager: Shutting down and abandoning module PerforceSourceControl (316)
[2019.09.03-06.32.43:885][566]LogModuleManager: Shutting down and abandoning module GitSourceControl (314)
[2019.09.03-06.32.43:885][566]LogModuleManager: Shutting down and abandoning module SourceControl (313)
[2019.09.03-06.32.43:885][566]LogModuleManager: Shutting down and abandoning module CLionSourceCodeAccess (310)
[2019.09.03-06.32.43:885][566]LogModuleManager: Shutting down and abandoning module AnimationSharingEd (308)
[2019.09.03-06.32.43:885][566]LogModuleManager: Shutting down and abandoning module ActorLayerUtilitiesEditor (306)
[2019.09.03-06.32.43:885][566]LogModuleManager: Shutting down and abandoning module ActorLayerUtilities (304)
[2019.09.03-06.32.43:885][566]LogModuleManager: Shutting down and abandoning module LightPropagationVolumeEditor (302)
[2019.09.03-06.32.43:885][566]LogModuleManager: Shutting down and abandoning module PaperTiledImporter (300)
[2019.09.03-06.32.43:885][566]LogModuleManager: Shutting down and abandoning module PaperSpriteSheetImporter (298)
[2019.09.03-06.32.43:885][566]LogModuleManager: Shutting down and abandoning module Paper2DEditor (296)
[2019.09.03-06.32.43:919][566]LogModuleManager: Shutting down and abandoning module SignificanceManager (294)
[2019.09.03-06.32.43:919][566]LogModuleManager: Shutting down and abandoning module RuntimePhysXCooking (292)
[2019.09.03-06.32.43:919][566]LogModuleManager: Shutting down and abandoning module PhysXVehiclesEditor (290)
[2019.09.03-06.32.43:919][566]LogModuleManager: Shutting down and abandoning module PhysXVehicles (288)
[2019.09.03-06.32.43:919][566]LogModuleManager: Shutting down and abandoning module LocationServicesBPLibrary (286)
[2019.09.03-06.32.43:919][566]LogModuleManager: Shutting down and abandoning module ActorSequence (284)
[2019.09.03-06.32.43:919][566]LogModuleManager: Shutting down and abandoning module UdpMessaging (282)
[2019.09.03-06.32.44:020][566]LogModuleManager: Shutting down and abandoning module TcpMessaging (280)
[2019.09.03-06.32.44:136][566]LogModuleManager: Shutting down and abandoning module MagicLeapIdentity (278)
[2019.09.03-06.32.44:136][566]LogModuleManager: Shutting down and abandoning module MagicLeapSecureStorage (276)
[2019.09.03-06.32.44:136][566]LogModuleManager: Shutting down and abandoning module MagicLeapHandTracking (274)
[2019.09.03-06.32.44:146][566]LogModuleManager: Shutting down and abandoning module MagicLeapEyeTracker (272)
[2019.09.03-06.32.44:146][566]LogModuleManager: Shutting down and abandoning module MagicLeapController (270)
[2019.09.03-06.32.44:147][566]LogSlate: Slate User Destroyed.  User Index 0, Is Virtual User: 0
[2019.09.03-06.32.44:147][566]LogModuleManager: Shutting down and abandoning module MagicLeapAR (268)
[2019.09.03-06.32.44:147][566]LogModuleManager: Shutting down and abandoning module AugmentedReality (267)
[2019.09.03-06.32.44:147][566]LogModuleManager: Shutting down and abandoning module GameplayTagsEditor (264)
[2019.09.03-06.32.44:147][566]LogModuleManager: Shutting down and abandoning module FacialAnimationEditor (262)
[2019.09.03-06.32.44:147][566]LogModuleManager: Shutting down and abandoning module FacialAnimation (260)
[2019.09.03-06.32.44:147][566]LogModuleManager: Shutting down and abandoning module DataValidation (258)
[2019.09.03-06.32.44:147][566]LogModuleManager: Shutting down and abandoning module AssetManagerEditor (256)
[2019.09.03-06.32.44:161][566]LogModuleManager: Shutting down and abandoning module LevelEditor (255)
[2019.09.03-06.32.44:161][566]LogModuleManager: Shutting down and abandoning module PixelInspectorModule (254)
[2019.09.03-06.32.44:169][566]LogModuleManager: Shutting down and abandoning module CommonMenuExtensions (252)
[2019.09.03-06.32.44:169][566]LogModuleManager: Shutting down and abandoning module MainFrame (250)
[2019.09.03-06.32.44:170][566]LogModuleManager: Shutting down and abandoning module HotReload (249)
[2019.09.03-06.32.44:171][566]LogModuleManager: Shutting down and abandoning module ContentBrowser (245)
[2019.09.03-06.32.44:171][566]LogModuleManager: Shutting down and abandoning module TreeMap (243)
[2019.09.03-06.32.44:182][566]LogModuleManager: Shutting down and abandoning module AnimationSharing (240)
[2019.09.03-06.32.44:182][566]LogModuleManager: Shutting down and abandoning module LightPropagationVolumeRuntime (238)
[2019.09.03-06.32.44:182][566]LogModuleManager: Shutting down and abandoning module AISupportModule (236)
[2019.09.03-06.32.44:182][566]LogModuleManager: Shutting down and abandoning module Paper2D (234)
[2019.09.03-06.32.44:182][566]LogModuleManager: Shutting down and abandoning module WindowsMoviePlayer (232)
[2019.09.03-06.32.44:202][566]LogModuleManager: Shutting down and abandoning module WebMMoviePlayer (230)
[2019.09.03-06.32.44:212][566]LogModuleManager: Shutting down and abandoning module PacketHandler (228)
[2019.09.03-06.32.44:212][566]LogModuleManager: Shutting down and abandoning module ClothingSystemEditor (226)
[2019.09.03-06.32.44:212][566]LogModuleManager: Shutting down and abandoning module ClothingSystemRuntime (224)
[2019.09.03-06.32.44:246][566]LogModuleManager: Shutting down and abandoning module MediaAssets (222)
[2019.09.03-06.32.44:246][566]LogModuleManager: Shutting down and abandoning module Overlay (220)
[2019.09.03-06.32.44:246][566]LogModuleManager: Shutting down and abandoning module OverlayEditor (219)
[2019.09.03-06.32.44:246][566]LogModuleManager: Shutting down and abandoning module VREditor (216)
[2019.09.03-06.32.44:262][566]LogModuleManager: Shutting down and abandoning module StringTableEditor (214)
[2019.09.03-06.32.44:281][566]LogModuleManager: Shutting down and abandoning module GameplayTasksEditor (212)
[2019.09.03-06.32.44:281][566]LogModuleManager: Shutting down and abandoning module BehaviorTreeEditor (210)
[2019.09.03-06.32.44:302][566]LogModuleManager: Shutting down and abandoning module FunctionalTesting (208)
[2019.09.03-06.32.44:319][566]LogModuleManager: Shutting down and abandoning module CollisionAnalyzer (206)
[2019.09.03-06.32.44:333][566]LogModuleManager: Shutting down and abandoning module WorkspaceMenuStructure (205)
[2019.09.03-06.32.44:339][566]LogModuleManager: Shutting down and abandoning module UMG (202)
[2019.09.03-06.32.44:339][566]LogModuleManager: Shutting down and abandoning module UMGEditor (201)
[2019.09.03-06.32.44:358][566]LogModuleManager: Shutting down and abandoning module Sequencer (200)
[2019.09.03-06.32.44:399][566]LogModuleManager: Shutting down and abandoning module MessageLog (197)
[2019.09.03-06.32.44:401][566]LogModuleManager: Shutting down and abandoning module SlateReflector (192)
[2019.09.03-06.32.44:421][566]LogModuleManager: Shutting down and abandoning module Slate (190)
[2019.09.03-06.32.44:421][566]LogModuleManager: Shutting down and abandoning module EditorStyle (188)
[2019.09.03-06.32.44:423][566]LogModuleManager: Shutting down and abandoning module UnrealEd (186)
[2019.09.03-06.32.44:423][566]LogModuleManager: Shutting down and abandoning module MRMesh (184)
[2019.09.03-06.32.44:423][566]LogModuleManager: Shutting down and abandoning module SourceCodeAccess (182)
[2019.09.03-06.32.44:423][566]LogModuleManager: Shutting down and abandoning module HeadMountedDisplay (180)
[2019.09.03-06.32.44:423][566]LogModuleManager: Shutting down and abandoning module XAudio2 (178)
[2019.09.03-06.32.44:423][566]LogModuleManager: Shutting down and abandoning module Networking (176)
[2019.09.03-06.32.44:423][566]LogModuleManager: Shutting down and abandoning module Core (174)
[2019.09.03-06.32.44:423][566]LogModuleManager: Shutting down and abandoning module KismetCompiler (172)
[2019.09.03-06.32.44:423][566]LogModuleManager: Shutting down and abandoning module MeshUtilities (170)
[2019.09.03-06.32.44:423][566]LogModuleManager: Shutting down and abandoning module MeshMergeUtilities (169)
[2019.09.03-06.32.44:423][566]LogModuleManager: Shutting down and abandoning module MeshReductionInterface (168)
[2019.09.03-06.32.44:423][566]LogModuleManager: Shutting down and abandoning module SkeletalMeshReduction (167)
[2019.09.03-06.32.44:435][566]LogModuleManager: Shutting down and abandoning module ProxyLODMeshReduction (165)
[2019.09.03-06.32.44:482][566]LogModuleManager: Shutting down and abandoning module QuadricMeshReduction (163)
[2019.09.03-06.32.44:493][566]LogModuleManager: Shutting down and abandoning module MaterialBaking (159)
[2019.09.03-06.32.44:503][566]LogModuleManager: Shutting down and abandoning module DerivedDataCache (154)
[2019.09.03-06.32.44:511][566]LogDerivedDataCache: Shutdown
[2019.09.03-06.32.44:511][566]LogModuleManager: Shutting down and abandoning module XGEController (152)
[2019.09.03-06.32.44:511][566]LogXGEController: Cleaning working directory: C:/Users/kingw/AppData/Local/Temp/UnrealXGEWorkingDir/
[2019.09.03-06.32.44:517][566]LogModuleManager: Shutting down and abandoning module TargetPlatform (150)
[2019.09.03-06.32.44:517][566]LogModuleManager: Shutting down and abandoning module VulkanShaderFormat (149)
[2019.09.03-06.32.44:523][566]LogModuleManager: Shutting down and abandoning module ShaderFormatVectorVM (147)
[2019.09.03-06.32.44:532][566]LogModuleManager: Shutting down and abandoning module ShaderFormatOpenGL (145)
[2019.09.03-06.32.44:548][566]LogModuleManager: Shutting down and abandoning module ShaderFormatD3D (143)
[2019.09.03-06.32.44:558][566]LogModuleManager: Shutting down and abandoning module MetalShaderFormat (141)
[2019.09.03-06.32.44:569][566]LogModuleManager: Shutting down and abandoning module TextureFormatUncompressed (139)
[2019.09.03-06.32.44:569][566]LogModuleManager: Shutting down and abandoning module TextureFormatPVR (137)
[2019.09.03-06.32.44:570][566]LogModuleManager: Shutting down and abandoning module TextureFormatDXT (135)
[2019.09.03-06.32.44:576][566]LogModuleManager: Shutting down and abandoning module TextureFormatIntelISPCTexComp (133)
[2019.09.03-06.32.44:589][566]LogModuleManager: Shutting down and abandoning module TextureFormatASTC (131)
[2019.09.03-06.32.44:589][566]LogModuleManager: Shutting down and abandoning module ImageWrapper (130)
[2019.09.03-06.32.44:589][566]LogModuleManager: Shutting down and abandoning module TextureFormatAndroid (127)
[2019.09.03-06.32.44:589][566]LogModuleManager: Shutting down and abandoning module AudioFormatOpus (125)
[2019.09.03-06.32.44:601][566]LogModuleManager: Shutting down and abandoning module AudioFormatOgg (123)
[2019.09.03-06.32.44:601][566]LogModuleManager: Shutting down and abandoning module AudioFormatADPCM (121)
[2019.09.03-06.32.44:613][566]LogModuleManager: Shutting down and abandoning module LuminTargetPlatform (119)
[2019.09.03-06.32.44:626][566]LogModuleManager: Shutting down and abandoning module LinuxTargetPlatform (117)
[2019.09.03-06.32.44:626][566]LogModuleManager: Shutting down and abandoning module LinuxServerTargetPlatform (115)
[2019.09.03-06.32.44:635][566]LogModuleManager: Shutting down and abandoning module LinuxNoEditorTargetPlatform (113)
[2019.09.03-06.32.44:644][566]LogModuleManager: Shutting down and abandoning module LinuxClientTargetPlatform (111)
[2019.09.03-06.32.44:651][566]LogModuleManager: Shutting down and abandoning module TVOSTargetPlatform (109)
[2019.09.03-06.32.44:653][566]LogModuleManager: Shutting down and abandoning module Messaging (107)
[2019.09.03-06.32.44:653][566]LogModuleManager: Shutting down and abandoning module IOSTargetPlatform (105)
[2019.09.03-06.32.44:654][566]LogModuleManager: Shutting down and abandoning module HTML5TargetPlatform (103)
[2019.09.03-06.32.44:654][566]LogModuleManager: Shutting down and abandoning module AndroidTargetPlatform (101)
[2019.09.03-06.32.44:659][566]LogModuleManager: Shutting down and abandoning module WindowsTargetPlatform (99)
[2019.09.03-06.32.44:659][566]LogModuleManager: Shutting down and abandoning module WindowsServerTargetPlatform (97)
[2019.09.03-06.32.44:659][566]LogModuleManager: Shutting down and abandoning module WindowsNoEditorTargetPlatform (95)
[2019.09.03-06.32.44:659][566]LogModuleManager: Shutting down and abandoning module WindowsClientTargetPlatform (93)
[2019.09.03-06.32.44:659][566]LogModuleManager: Shutting down and abandoning module MacTargetPlatform (91)
[2019.09.03-06.32.44:659][566]LogModuleManager: Shutting down and abandoning module MacServerTargetPlatform (89)
[2019.09.03-06.32.44:659][566]LogModuleManager: Shutting down and abandoning module MacNoEditorTargetPlatform (87)
[2019.09.03-06.32.44:659][566]LogModuleManager: Shutting down and abandoning module MacClientTargetPlatform (85)
[2019.09.03-06.32.44:659][566]LogModuleManager: Shutting down and abandoning module AllDesktopTargetPlatform (83)
[2019.09.03-06.32.44:659][566]LogModuleManager: Shutting down and abandoning module InputCore (80)
[2019.09.03-06.32.44:659][566]LogModuleManager: Shutting down and abandoning module Settings (78)
[2019.09.03-06.32.44:659][566]LogModuleManager: Shutting down and abandoning module DirectoryWatcher (76)
[2019.09.03-06.32.44:659][566]LogModuleManager: Shutting down and abandoning module PhysXCooking (74)
[2019.09.03-06.32.44:659][566]LogModuleManager: Shutting down and abandoning module SteamVR (72)
[2019.09.03-06.32.44:669][566]LogHMD: Freeing OpenVRDLLHandle.
[2019.09.03-06.32.44:669][566]LogModuleManager: Shutting down and abandoning module OculusHMD (70)
[2019.09.03-06.32.44:689][566]LogModuleManager: Shutting down and abandoning module ExampleDeviceProfileSelector (68)
[2019.09.03-06.32.44:689][566]LogModuleManager: Shutting down and abandoning module LauncherChunkInstaller (66)
[2019.09.03-06.32.44:689][566]LogModuleManager: Shutting down and abandoning module OnlineBlueprintSupport (64)
[2019.09.03-06.32.44:689][566]LogModuleManager: Shutting down and abandoning module OnlineSubsystem (60)
[2019.09.03-06.32.44:766][566]LogModuleManager: Shutting down and abandoning module XMPP (55)
[2019.09.03-06.32.44:775][566]LogModuleManager: Shutting down and abandoning module WebSockets (54)
[2019.09.03-06.32.44:805][566]LogModuleManager: Shutting down and abandoning module HTTP (51)
[2019.09.03-06.32.44:805][566]LogHttp: Display: Http module shutting down, but needs to wait on 1 outstanding Http requests:
[2019.09.03-06.32.44:805][566]LogHttp: Display: 	verb=[POST] url=[https://datarouter.ol.epicgames.com/datarouter/api/v1/public/data?SessionID=%7BB5BBFF82-4A7E-F7B7-CF7A-16AA97C123C9%7D&AppID=UEEditor.Rocket.Release&AppVersion=4.22.3-7053642%2B%2B%2BUE4%2BRelease-4.22&UserID=580144b44e2198be714b72b87c26e6b0%7C527a58163b7f46c2907719585f422cb1%7C7df650a5-19d5-45d9-8409-d917267140ce&AppEnvironment=datacollector-binary&UploadType=eteventstream] status=Processing
[2019.09.03-06.32.44:838][566]LogModuleManager: Shutting down and abandoning module SSL (50)
[2019.09.03-06.32.44:839][566]LogModuleManager: Shutting down and abandoning module WmfMedia (46)
[2019.09.03-06.32.44:853][566]LogModuleManager: Shutting down and abandoning module Media (45)
[2019.09.03-06.32.44:860][566]LogModuleManager: Shutting down and abandoning module MagicLeap (42)
[2019.09.03-06.32.44:872][566]LogModuleManager: Shutting down and abandoning module DatasmithContent (40)
[2019.09.03-06.32.44:872][566]LogModuleManager: Shutting down and abandoning module AnimationModifiers (38)
[2019.09.03-06.32.44:884][566]LogModuleManager: Shutting down and abandoning module PropertyEditor (37)
[2019.09.03-06.32.44:885][566]LogModuleManager: Shutting down and abandoning module AudioEditor (34)
[2019.09.03-06.32.44:905][566]LogModuleManager: Shutting down and abandoning module TextureCompressor (32)
[2019.09.03-06.32.44:921][566]LogModuleManager: Shutting down and abandoning module RenderCore (30)
[2019.09.03-06.32.44:921][566]LogModuleManager: Shutting down and abandoning module Landscape (28)
[2019.09.03-06.32.44:921][566]LogModuleManager: Shutting down and abandoning module SlateRHIRenderer (26)
[2019.09.03-06.32.44:936][566]LogModuleManager: Shutting down and abandoning module OpenGLDrv (24)
[2019.09.03-06.32.44:983][566]LogModuleManager: Shutting down and abandoning module D3D11RHI (22)
[2019.09.03-06.32.44:983][566]LogModuleManager: Shutting down and abandoning module AnimGraphRuntime (20)
[2019.09.03-06.32.44:992][566]LogModuleManager: Shutting down and abandoning module Renderer (18)
[2019.09.03-06.32.44:993][566]LogModuleManager: Shutting down and abandoning module Engine (16)
[2019.09.03-06.32.44:993][566]LogModuleManager: Shutting down and abandoning module CoreUObject (14)
[2019.09.03-06.32.44:993][566]LogModuleManager: Shutting down and abandoning module NetworkFile (12)
[2019.09.03-06.32.45:004][566]LogModuleManager: Shutting down and abandoning module CookedIterativeFile (10)
[2019.09.03-06.32.45:005][566]LogModuleManager: Shutting down and abandoning module StreamingFile (8)
[2019.09.03-06.32.45:017][566]LogModuleManager: Shutting down and abandoning module SandboxFile (6)
[2019.09.03-06.32.45:017][566]LogModuleManager: Shutting down and abandoning module PakFile (4)
[2019.09.03-06.32.45:029][566]LogModuleManager: Shutting down and abandoning module RSA (3)
[2019.09.03-06.32.45:058][566]LogExit: Exiting.
[2019.09.03-06.32.45:090][566]Log file closed, 09/03/19 15:32:45
