Log file open, 09/15/19 18:00:31
LogWindows: Failed to load 'aqProf.dll' (GetLastError=126)
LogWindows: File 'aqProf.dll' does not exist
LogWindows: Failed to load 'VtuneApi.dll' (GetLastError=126)
LogWindows: File 'VtuneApi.dll' does not exist
LogWindows: Failed to load 'VtuneApi32e.dll' (GetLastError=126)
LogWindows: File 'VtuneApi32e.dll' does not exist
LogConsoleResponse: Display: Failed to find resolution value strings in scalability ini. Falling back to default.
LogInit: Display: Running engine for game: UEVRtrasco
LogPakFile: Registered encryption key '00000000000000000000000000000000': 0 pak files mounted, 0 remain pending
LogPlatformFile: Not using cached read wrapper
LogTaskGraph: Started task graph with 5 named threads and 14 total threads with 3 sets of task threads.
LogStats: Stats thread started at 0.179839
LogD3D11RHI: Loaded GFSDK_Aftermath_Lib.x64.dll
LogICUInternationalization: ICU TimeZone Detection - Raw Offset: +9:00, Platform Override: ''
LogPluginManager: Mounting plugin Paper2D
LogPluginManager: Mounting plugin AISupport
LogPluginManager: Mounting plugin LightPropagationVolume
LogPluginManager: Mounting plugin ActorLayerUtilities
LogPluginManager: Mounting plugin AnimationSharing
LogPluginManager: Mounting plugin CLionSourceCodeAccess
LogPluginManager: Mounting plugin CodeLiteSourceCodeAccess
LogPluginManager: Mounting plugin GitSourceControl
LogPluginManager: Mounting plugin KDevelopSourceCodeAccess
LogPluginManager: Mounting plugin NullSourceCodeAccess
LogPluginManager: Mounting plugin PerforceSourceControl
LogPluginManager: Mounting plugin SubversionSourceControl
LogPluginManager: Mounting plugin UObjectPlugin
LogPluginManager: Mounting plugin VisualStudioCodeSourceCodeAccess
LogPluginManager: Mounting plugin VisualStudioSourceCodeAccess
LogPluginManager: Mounting plugin XCodeSourceCodeAccess
LogPluginManager: Mounting plugin AssetManagerEditor
LogPluginManager: Mounting plugin CryptoKeys
LogPluginManager: Mounting plugin DataValidation
LogPluginManager: Mounting plugin EditorScriptingUtilities
LogPluginManager: Mounting plugin FacialAnimation
LogPluginManager: Mounting plugin GameplayTagsEditor
LogPluginManager: Mounting plugin GLTFImporter
LogPluginManager: Mounting plugin MacGraphicsSwitching
LogPluginManager: Mounting plugin MaterialAnalyzer
LogPluginManager: Mounting plugin MeshEditor
LogPluginManager: Mounting plugin MobileLauncherProfileWizard
LogPluginManager: Mounting plugin PluginBrowser
LogPluginManager: Mounting plugin SpeedTreeImporter
LogPluginManager: Mounting plugin DatasmithContent
LogPluginManager: Mounting plugin VariantManagerContent
LogPluginManager: Mounting plugin AlembicImporter
LogPluginManager: Mounting plugin AppleImageUtils
LogPluginManager: Mounting plugin AppleVision
LogPluginManager: Mounting plugin BackChannel
LogPluginManager: Mounting plugin BlastPlugin
LogPluginManager: Mounting plugin ChaosSolverPlugin
LogPluginManager: Mounting plugin CharacterAI
LogPluginManager: Mounting plugin GeometryCache
LogPluginManager: Mounting plugin GeometryCollectionPlugin
LogPluginManager: Mounting plugin HTML5Networking
LogPluginManager: Mounting plugin ProxyLODPlugin
LogPluginManager: Mounting plugin SkeletalReduction
LogPluginManager: Mounting plugin MagicLeap
LogPluginManager: Mounting plugin MagicLeapMedia
LogPluginManager: Mounting plugin AndroidMedia
LogPluginManager: Mounting plugin AvfMedia
LogPluginManager: Mounting plugin ImgMedia
LogPluginManager: Mounting plugin LinearTimecode
LogPluginManager: Mounting plugin MediaCompositing
LogPluginManager: Mounting plugin MediaPlayerEditor
LogPluginManager: Mounting plugin WebMMedia
LogPluginManager: Mounting plugin WmfMedia
LogPluginManager: Mounting plugin TcpMessaging
LogPluginManager: Mounting plugin UdpMessaging
LogPluginManager: Mounting plugin ActorSequence
LogPluginManager: Mounting plugin LevelSequenceEditor
LogPluginManager: Mounting plugin MatineeToLevelSequence
LogPluginManager: Mounting plugin NetcodeUnitTest
LogPluginManager: Mounting plugin NUTUnrealEngine4
LogPluginManager: Mounting plugin OnlineSubsystemGooglePlay
LogPluginManager: Mounting plugin OnlineSubsystemIOS
LogPluginManager: Mounting plugin OnlineSubsystem
LogPluginManager: Mounting plugin OnlineSubsystemNull
LogPluginManager: Mounting plugin OnlineSubsystemUtils
LogPluginManager: Mounting plugin LauncherChunkInstaller
LogPluginManager: Mounting plugin AndroidDeviceProfileSelector
LogPluginManager: Mounting plugin AndroidMoviePlayer
LogPluginManager: Mounting plugin AndroidPermission
LogPluginManager: Mounting plugin AppleMoviePlayer
LogPluginManager: Mounting plugin ArchVisCharacter
LogPluginManager: Mounting plugin AudioCapture
LogPluginManager: Mounting plugin CableComponent
LogPluginManager: Mounting plugin CustomMeshComponent
LogPluginManager: Mounting plugin EditableMesh
LogPluginManager: Mounting plugin ExampleDeviceProfileSelector
LogPluginManager: Mounting plugin Firebase
LogPluginManager: Mounting plugin GoogleCloudMessaging
LogPluginManager: Mounting plugin IOSDeviceProfileSelector
LogPluginManager: Mounting plugin LinuxDeviceProfileSelector
LogPluginManager: Mounting plugin LocationServicesBPLibrary
LogPluginManager: Mounting plugin MobilePatchingUtils
LogPluginManager: Mounting plugin OculusVR
LogPluginManager: Mounting plugin PhysXVehicles
LogPluginManager: Mounting plugin ProceduralMeshComponent
LogPluginManager: Mounting plugin RuntimePhysXCooking
LogPluginManager: Mounting plugin SignificanceManager
LogPluginManager: Mounting plugin SteamVR
LogPluginManager: Mounting plugin WebMMoviePlayer
LogPluginManager: Mounting plugin WindowsMoviePlayer
LogPluginManager: Mounting plugin DatasmithCADImporter
LogPluginManager: Mounting plugin DatasmithDataPrepEditor
LogPluginManager: Mounting plugin DatasmithFBXImporter
LogPluginManager: Mounting plugin DatasmithGLTFImporter
LogPluginManager: Mounting plugin DatasmithImporter
LogPluginManager: Mounting plugin MDLImporter
LogPluginManager: Mounting plugin StaticMeshEditorExtension
LogPluginManager: Mounting plugin VariantManager
LogInit: Using libcurl 7.55.1-DEV
LogInit:  - built for x86_64-pc-win32
LogInit:  - supports SSL with OpenSSL/1.1.1
LogInit:  - supports HTTP deflate (compression) using libz 1.2.8
LogInit:  - other features:
LogInit:      CURL_VERSION_SSL
LogInit:      CURL_VERSION_LIBZ
LogInit:      CURL_VERSION_IPV6
LogInit:      CURL_VERSION_ASYNCHDNS
LogInit:      CURL_VERSION_LARGEFILE
LogInit:      CURL_VERSION_IDN
LogInit:  CurlRequestOptions (configurable via config and command line):
LogInit:  - bVerifyPeer = true  - Libcurl will verify peer certificate
LogInit:  - bUseHttpProxy = false  - Libcurl will NOT use HTTP proxy
LogInit:  - bDontReuseConnections = false  - Libcurl will reuse connections
LogInit:  - MaxHostConnections = 16  - Libcurl will limit the number of connections to a host
LogInit:  - LocalHostAddr = Default
LogInit:  - BufferSize = 65536
LogInit: WinSock: version 1.1 (2.2), MaxSocks=32767, MaxUdp=65467
LogHMD: Could not determine HMD audio input device
LogInit: Build: ++UE4+Release-4.22-CL-7053642
LogInit: Engine Version: 4.22.3-7053642+++UE4+Release-4.22
LogInit: Compatible Engine Version: 4.22.0-5660361+++UE4+Release-4.22
LogInit: Net CL: 5660361
LogInit: OS: Windows 10 (Release 1809) (), CPU: Intel(R) Core(TM) i5-6500 CPU @ 3.20GHz, GPU: NVIDIA GeForce GTX 1060 3GB
LogInit: Compiled (64-bit): Jun 18 2019 03:09:11
LogInit: Compiled with Visual C++: 19.16.27025.01
LogInit: Build Configuration: Development
LogInit: Branch Name: ++UE4+Release-4.22
LogInit: Command Line: 
LogInit: Base Directory: E:/Epic Games/UE_4.22/Engine/Binaries/Win64/
LogInit: Installed Engine Build: 1
LogDevObjectVersion: Number of dev versions registered: 23
LogDevObjectVersion:   Dev-Blueprints (B0D832E4-1F89-4F0D-ACCF-7EB736FD4AA2): 10
LogDevObjectVersion:   Dev-Build (E1C64328-A22C-4D53-A36C-8E866417BD8C): 0
LogDevObjectVersion:   Dev-Core (375EC13C-06E4-48FB-B500-84F0262A717E): 3
LogDevObjectVersion:   Dev-Editor (E4B068ED-F494-42E9-A231-DA0B2E46BB41): 30
LogDevObjectVersion:   Dev-Framework (CFFC743F-43B0-4480-9391-14DF171D2073): 35
LogDevObjectVersion:   Dev-Mobile (B02B49B5-BB20-44E9-A304-32B752E40360): 2
LogDevObjectVersion:   Dev-Networking (A4E4105C-59A1-49B5-A7C5-40C4547EDFEE): 0
LogDevObjectVersion:   Dev-Online (39C831C9-5AE6-47DC-9A44-9C173E1C8E7C): 0
LogDevObjectVersion:   Dev-Physics (78F01B33-EBEA-4F98-B9B4-84EACCB95AA2): 0
LogDevObjectVersion:   Dev-Platform (6631380F-2D4D-43E0-8009-CF276956A95A): 0
LogDevObjectVersion:   Dev-Rendering (12F88B9F-8875-4AFC-A67C-D90C383ABD29): 28
LogDevObjectVersion:   Dev-Sequencer (7B5AE74C-D270-4C10-A958-57980B212A5A): 11
LogDevObjectVersion:   Dev-VR (D7296918-1DD6-4BDD-9DE2-64A83CC13884): 2
LogDevObjectVersion:   Dev-LoadTimes (C2A15278-BFE7-4AFE-6C17-90FF531DF755): 1
LogDevObjectVersion:   Private-Geometry (6EACA3D4-40EC-4CC1-B786-8BED09428FC5): 3
LogDevObjectVersion:   Dev-AnimPhys (29E575DD-E0A3-4627-9D10-D276232CDCEA): 17
LogDevObjectVersion:   Dev-Anim (AF43A65D-7FD3-4947-9873-3E8ED9C1BB05): 2
LogDevObjectVersion:   Dev-ReflectionCapture (6B266CEC-1EC7-4B8F-A30B-E4D90942FC07): 1
LogDevObjectVersion:   Dev-Automation (0DF73D61-A23F-47EA-B727-89E90C41499A): 1
LogDevObjectVersion:   FortniteMain (601D1886-AC64-4F84-AA16-D3DE0DEAC7D6): 25
LogDevObjectVersion:   Dev-Enterprise (9DFFBCD6-494F-0158-E221-12823C92A888): 6
LogDevObjectVersion:   Dev-Niagara (F2AED0AC-9AFE-416F-8664-AA7FFA26D6FC): 1
LogDevObjectVersion:   Dev-Destruction (174F1F0B-B4C6-45A5-B13F-2EE8D0FB917D): 2
LogInit: Presizing for max 16777216 objects, including 0 objects not considered by GC, pre-allocating 0 bytes for permanent pool.
LogInit: Object subsystem initialized
LogConfig: Setting CVar [[con.DebugEarlyDefault:1]]
LogConfig: Setting CVar [[r.setres:1280x720]]
[2019.09.15-09.00.31:813][  0]LogConfig: Setting CVar [[r.VSync:0]]
[2019.09.15-09.00.31:813][  0]LogConfig: Setting CVar [[r.RHICmdBypass:0]]
[2019.09.15-09.00.31:814][  0]LogConfig: Applying CVar settings from Section [/Script/Engine.RendererSettings] File [E:/Documents/Unreal Projects/UEVRtrasco/UEVRtrasco/Saved/Config/Windows/Engine.ini]
[2019.09.15-09.00.31:814][  0]LogConfig: Setting CVar [[r.GPUCrashDebugging:0]]
[2019.09.15-09.00.31:814][  0]LogConfig: Setting CVar [[r.DefaultFeature.AmbientOcclusion:0]]
[2019.09.15-09.00.31:814][  0]LogConfig: Setting CVar [[r.DefaultFeature.AmbientOcclusionStaticFraction:0]]
[2019.09.15-09.00.31:814][  0]LogConfig: Setting CVar [[vr.InstancedStereo:1]]
[2019.09.15-09.00.31:814][  0]LogConfig: Setting CVar [[r.SeparateTranslucency:0]]
[2019.09.15-09.00.31:814][  0]LogConfig: Setting CVar [[r.HZBOcclusion:0]]
[2019.09.15-09.00.31:814][  0]LogConfig: Setting CVar [[r.SSR.MaxRoughness:0]]
[2019.09.15-09.00.31:814][  0]LogConfig: Setting CVar [[r.rhicmdbypass:0]]
[2019.09.15-09.00.31:814][  0]LogConfig: Applying CVar settings from Section [/Script/Engine.RendererOverrideSettings] File [E:/Documents/Unreal Projects/UEVRtrasco/UEVRtrasco/Saved/Config/Windows/Engine.ini]
[2019.09.15-09.00.31:814][  0]LogConfig: Applying CVar settings from Section [/Script/Engine.StreamingSettings] File [E:/Documents/Unreal Projects/UEVRtrasco/UEVRtrasco/Saved/Config/Windows/Engine.ini]
[2019.09.15-09.00.31:814][  0]LogConfig: Setting CVar [[s.MinBulkDataSizeForAsyncLoading:131072]]
[2019.09.15-09.00.31:814][  0]LogConfig: Setting CVar [[s.AsyncLoadingThreadEnabled:0]]
[2019.09.15-09.00.31:814][  0]LogConfig: Setting CVar [[s.EventDrivenLoaderEnabled:1]]
[2019.09.15-09.00.31:814][  0]LogConfig: Setting CVar [[s.WarnIfTimeLimitExceeded:0]]
[2019.09.15-09.00.31:814][  0]LogConfig: Setting CVar [[s.TimeLimitExceededMultiplier:1.5]]
[2019.09.15-09.00.31:814][  0]LogConfig: Setting CVar [[s.TimeLimitExceededMinTime:0.005]]
[2019.09.15-09.00.31:814][  0]LogConfig: Setting CVar [[s.UseBackgroundLevelStreaming:1]]
[2019.09.15-09.00.31:814][  0]LogConfig: Setting CVar [[s.PriorityAsyncLoadingExtraTime:15.0]]
[2019.09.15-09.00.31:814][  0]LogConfig: Setting CVar [[s.LevelStreamingActorsUpdateTimeLimit:5.0]]
[2019.09.15-09.00.31:814][  0]LogConfig: Setting CVar [[s.PriorityLevelStreamingActorsUpdateExtraTime:5.0]]
[2019.09.15-09.00.31:814][  0]LogConfig: Setting CVar [[s.LevelStreamingComponentsRegistrationGranularity:10]]
[2019.09.15-09.00.31:814][  0]LogConfig: Setting CVar [[s.UnregisterComponentsTimeLimit:1.0]]
[2019.09.15-09.00.31:814][  0]LogConfig: Setting CVar [[s.LevelStreamingComponentsUnregistrationGranularity:5]]
[2019.09.15-09.00.31:814][  0]LogConfig: Applying CVar settings from Section [/Script/Engine.GarbageCollectionSettings] File [E:/Documents/Unreal Projects/UEVRtrasco/UEVRtrasco/Saved/Config/Windows/Engine.ini]
[2019.09.15-09.00.31:814][  0]LogConfig: Setting CVar [[gc.MaxObjectsNotConsideredByGC:1]]
[2019.09.15-09.00.31:814][  0]LogConfig: Setting CVar [[gc.SizeOfPermanentObjectPool:0]]
[2019.09.15-09.00.31:814][  0]LogConfig: Setting CVar [[gc.FlushStreamingOnGC:0]]
[2019.09.15-09.00.31:814][  0]LogConfig: Setting CVar [[gc.NumRetriesBeforeForcingGC:10]]
[2019.09.15-09.00.31:814][  0]LogConfig: Setting CVar [[gc.AllowParallelGC:1]]
[2019.09.15-09.00.31:814][  0]LogConfig: Setting CVar [[gc.TimeBetweenPurgingPendingKillObjects:61.1]]
[2019.09.15-09.00.31:814][  0]LogConfig: Setting CVar [[gc.MaxObjectsInEditor:16777216]]
[2019.09.15-09.00.31:814][  0]LogConfig: Setting CVar [[gc.IncrementalBeginDestroyEnabled:1]]
[2019.09.15-09.00.31:814][  0]LogConfig: Setting CVar [[gc.CreateGCClusters:1]]
[2019.09.15-09.00.31:814][  0]LogConfig: Setting CVar [[gc.MinGCClusterSize:5]]
[2019.09.15-09.00.31:814][  0]LogConfig: Setting CVar [[gc.ActorClusteringEnabled:0]]
[2019.09.15-09.00.31:814][  0]LogConfig: Setting CVar [[gc.BlueprintClusteringEnabled:0]]
[2019.09.15-09.00.31:814][  0]LogConfig: Setting CVar [[gc.UseDisregardForGCOnDedicatedServers:0]]
[2019.09.15-09.00.31:814][  0]LogConfig: Applying CVar settings from Section [/Script/Engine.NetworkSettings] File [E:/Documents/Unreal Projects/UEVRtrasco/UEVRtrasco/Saved/Config/Windows/Engine.ini]
[2019.09.15-09.00.31:814][  0]LogConfig: Applying CVar settings from Section [/Script/UnrealEd.CookerSettings] File [E:/Documents/Unreal Projects/UEVRtrasco/UEVRtrasco/Saved/Config/Windows/Engine.ini]
[2019.09.15-09.00.31:816][  0]LogConfig: Applying CVar settings from Section [ViewDistanceQuality@3] File [E:/Documents/Unreal Projects/UEVRtrasco/UEVRtrasco/Saved/Config/Windows/Scalability.ini]
[2019.09.15-09.00.31:817][  0]LogConfig: Setting CVar [[r.SkeletalMeshLODBias:0]]
[2019.09.15-09.00.31:817][  0]LogConfig: Setting CVar [[r.ViewDistanceScale:1.0]]
[2019.09.15-09.00.31:817][  0]LogConfig: Applying CVar settings from Section [AntiAliasingQuality@3] File [E:/Documents/Unreal Projects/UEVRtrasco/UEVRtrasco/Saved/Config/Windows/Scalability.ini]
[2019.09.15-09.00.31:817][  0]LogConfig: Setting CVar [[r.PostProcessAAQuality:3]]
[2019.09.15-09.00.31:817][  0]LogConfig: Applying CVar settings from Section [ShadowQuality@3] File [E:/Documents/Unreal Projects/UEVRtrasco/UEVRtrasco/Saved/Config/Windows/Scalability.ini]
[2019.09.15-09.00.31:817][  0]LogConfig: Setting CVar [[r.LightFunctionQuality:1]]
[2019.09.15-09.00.31:817][  0]LogConfig: Setting CVar [[r.ShadowQuality:5]]
[2019.09.15-09.00.31:817][  0]LogConfig: Setting CVar [[r.Shadow.CSM.MaxCascades:10]]
[2019.09.15-09.00.31:817][  0]LogConfig: Setting CVar [[r.Shadow.MaxResolution:2048]]
[2019.09.15-09.00.31:817][  0]LogConfig: Setting CVar [[r.Shadow.MaxCSMResolution:2048]]
[2019.09.15-09.00.31:817][  0]LogConfig: Setting CVar [[r.Shadow.RadiusThreshold:0.01]]
[2019.09.15-09.00.31:817][  0]LogConfig: Setting CVar [[r.Shadow.DistanceScale:1.0]]
[2019.09.15-09.00.31:817][  0]LogConfig: Setting CVar [[r.Shadow.CSM.TransitionScale:1.0]]
[2019.09.15-09.00.31:817][  0]LogConfig: Setting CVar [[r.Shadow.PreShadowResolutionFactor:1.0]]
[2019.09.15-09.00.31:817][  0]LogConfig: Setting CVar [[r.DistanceFieldShadowing:1]]
[2019.09.15-09.00.31:817][  0]LogConfig: Setting CVar [[r.DistanceFieldAO:1]]
[2019.09.15-09.00.31:817][  0]LogConfig: Setting CVar [[r.AOQuality:2]]
[2019.09.15-09.00.31:817][  0]LogConfig: Setting CVar [[r.VolumetricFog:1]]
[2019.09.15-09.00.31:817][  0]LogConfig: Setting CVar [[r.VolumetricFog.GridPixelSize:8]]
[2019.09.15-09.00.31:817][  0]LogConfig: Setting CVar [[r.VolumetricFog.GridSizeZ:128]]
[2019.09.15-09.00.31:817][  0]LogConfig: Setting CVar [[r.VolumetricFog.HistoryMissSupersampleCount:4]]
[2019.09.15-09.00.31:817][  0]LogConfig: Setting CVar [[r.LightMaxDrawDistanceScale:1]]
[2019.09.15-09.00.31:817][  0]LogConfig: Setting CVar [[r.CapsuleShadows:1]]
[2019.09.15-09.00.31:817][  0]LogConfig: Applying CVar settings from Section [PostProcessQuality@3] File [E:/Documents/Unreal Projects/UEVRtrasco/UEVRtrasco/Saved/Config/Windows/Scalability.ini]
[2019.09.15-09.00.31:817][  0]LogConfig: Setting CVar [[r.MotionBlurQuality:0]]
[2019.09.15-09.00.31:817][  0]LogConfig: Setting CVar [[r.AmbientOcclusionMipLevelFactor:0.4]]
[2019.09.15-09.00.31:817][  0]LogConfig: Setting CVar [[r.AmbientOcclusionMaxQuality:100]]
[2019.09.15-09.00.31:817][  0]LogConfig: Setting CVar [[r.AmbientOcclusionLevels:0]]
[2019.09.15-09.00.31:817][  0]LogConfig: Setting CVar [[r.AmbientOcclusionRadiusScale:1.0]]
[2019.09.15-09.00.31:817][  0]LogConfig: Setting CVar [[r.DepthOfFieldQuality:0]]
[2019.09.15-09.00.31:817][  0]LogConfig: Setting CVar [[r.RenderTargetPoolMin:400]]
[2019.09.15-09.00.31:817][  0]LogConfig: Setting CVar [[r.LensFlareQuality:0]]
[2019.09.15-09.00.31:817][  0]LogConfig: Setting CVar [[r.SceneColorFringeQuality:0]]
[2019.09.15-09.00.31:817][  0]LogConfig: Setting CVar [[r.EyeAdaptationQuality:2]]
[2019.09.15-09.00.31:817][  0]LogConfig: Setting CVar [[r.BloomQuality:1]]
[2019.09.15-09.00.31:817][  0]LogConfig: Setting CVar [[r.FastBlurThreshold:0]]
[2019.09.15-09.00.31:817][  0]LogConfig: Setting CVar [[r.Upscale.Quality:3]]
[2019.09.15-09.00.31:817][  0]LogConfig: Setting CVar [[r.Tonemapper.GrainQuantization:1]]
[2019.09.15-09.00.31:817][  0]LogConfig: Setting CVar [[r.LightShaftQuality:1]]
[2019.09.15-09.00.31:817][  0]LogConfig: Setting CVar [[r.Filter.SizeScale:1]]
[2019.09.15-09.00.31:817][  0]LogConfig: Setting CVar [[r.Tonemapper.Quality:5]]
[2019.09.15-09.00.31:817][  0]LogConfig: Setting CVar [[r.DOF.Gather.AccumulatorQuality:1        ; higher gathering accumulator quality]]
[2019.09.15-09.00.31:817][  0]LogConfig: Setting CVar [[r.DOF.Gather.PostfilterMethod:1          ; Median3x3 postfilering method]]
[2019.09.15-09.00.31:817][  0]LogConfig: Setting CVar [[r.DOF.Gather.EnableBokehSettings:0       ; no bokeh simulation when gathering]]
[2019.09.15-09.00.31:817][  0]LogConfig: Setting CVar [[r.DOF.Gather.RingCount:4                 ; medium number of samples when gathering]]
[2019.09.15-09.00.31:817][  0]LogConfig: Setting CVar [[r.DOF.Scatter.ForegroundCompositing:1    ; additive foreground scattering]]
[2019.09.15-09.00.31:817][  0]LogConfig: Setting CVar [[r.DOF.Scatter.BackgroundCompositing:2    ; additive background scattering]]
[2019.09.15-09.00.31:817][  0]LogConfig: Setting CVar [[r.DOF.Scatter.EnableBokehSettings:1      ; bokeh simulation when scattering]]
[2019.09.15-09.00.31:817][  0]LogConfig: Setting CVar [[r.DOF.Scatter.MaxSpriteRatio:0.1         ; only a maximum of 10% of scattered bokeh]]
[2019.09.15-09.00.31:817][  0]LogConfig: Setting CVar [[r.DOF.Recombine.Quality:1                ; cheap slight out of focus]]
[2019.09.15-09.00.31:817][  0]LogConfig: Setting CVar [[r.DOF.Recombine.EnableBokehSettings:0    ; no bokeh simulation on slight out of focus]]
[2019.09.15-09.00.31:817][  0]LogConfig: Setting CVar [[r.DOF.TemporalAAQuality:1                ; more stable temporal accumulation]]
[2019.09.15-09.00.31:817][  0]LogConfig: Setting CVar [[r.DOF.Kernel.MaxForegroundRadius:0.025]]
[2019.09.15-09.00.31:817][  0]LogConfig: Setting CVar [[r.DOF.Kernel.MaxBackgroundRadius:0.025]]
[2019.09.15-09.00.31:817][  0]LogConfig: Applying CVar settings from Section [TextureQuality@3] File [E:/Documents/Unreal Projects/UEVRtrasco/UEVRtrasco/Saved/Config/Windows/Scalability.ini]
[2019.09.15-09.00.31:817][  0]LogConfig: Setting CVar [[r.Streaming.MipBias:0]]
[2019.09.15-09.00.31:817][  0]LogConfig: Setting CVar [[r.Streaming.AmortizeCPUToGPUCopy:0]]
[2019.09.15-09.00.31:817][  0]LogConfig: Setting CVar [[r.Streaming.MaxNumTexturesToStreamPerFrame:0]]
[2019.09.15-09.00.31:817][  0]LogConfig: Setting CVar [[r.Streaming.Boost:1]]
[2019.09.15-09.00.31:818][  0]LogConfig: Setting CVar [[r.MaxAnisotropy:8]]
[2019.09.15-09.00.31:818][  0]LogConfig: Setting CVar [[r.Streaming.LimitPoolSizeToVRAM:0]]
[2019.09.15-09.00.31:818][  0]LogConfig: Setting CVar [[r.Streaming.PoolSize:1000]]
[2019.09.15-09.00.31:818][  0]LogConfig: Setting CVar [[r.Streaming.MaxEffectiveScreenSize:0]]
[2019.09.15-09.00.31:818][  0]LogConfig: Applying CVar settings from Section [EffectsQuality@3] File [E:/Documents/Unreal Projects/UEVRtrasco/UEVRtrasco/Saved/Config/Windows/Scalability.ini]
[2019.09.15-09.00.31:818][  0]LogConfig: Setting CVar [[r.TranslucencyLightingVolumeDim:4]]
[2019.09.15-09.00.31:818][  0]LogConfig: Setting CVar [[r.RefractionQuality:2]]
[2019.09.15-09.00.31:818][  0]LogConfig: Setting CVar [[r.SSR.Quality:0]]
[2019.09.15-09.00.31:818][  0]LogConfig: Setting CVar [[r.SceneColorFormat:2]]
[2019.09.15-09.00.31:818][  0]LogConfig: Setting CVar [[r.DetailMode:2]]
[2019.09.15-09.00.31:818][  0]LogConfig: Setting CVar [[r.TranslucencyVolumeBlur:0]]
[2019.09.15-09.00.31:818][  0]LogConfig: Setting CVar [[r.MaterialQualityLevel:1 ; High quality]]
[2019.09.15-09.00.31:818][  0]LogConfig: Setting CVar [[r.SSS.Scale:1]]
[2019.09.15-09.00.31:818][  0]LogConfig: Setting CVar [[r.SSS.SampleSet:2]]
[2019.09.15-09.00.31:818][  0]LogConfig: Setting CVar [[r.SSS.Quality:1]]
[2019.09.15-09.00.31:818][  0]LogConfig: Setting CVar [[r.SSS.HalfRes:1]]
[2019.09.15-09.00.31:818][  0]LogConfig: Setting CVar [[r.EmitterSpawnRateScale:1.0]]
[2019.09.15-09.00.31:818][  0]LogConfig: Setting CVar [[r.ParticleLightQuality:2]]
[2019.09.15-09.00.31:818][  0]LogConfig: Applying CVar settings from Section [FoliageQuality@3] File [E:/Documents/Unreal Projects/UEVRtrasco/UEVRtrasco/Saved/Config/Windows/Scalability.ini]
[2019.09.15-09.00.31:818][  0]LogConfig: Setting CVar [[foliage.DensityScale:1.0]]
[2019.09.15-09.00.31:818][  0]LogConfig: Setting CVar [[grass.DensityScale:1.0]]
[2019.09.15-09.00.31:818][  0]LogInit: Selected Device Profile: [Windows]
[2019.09.15-09.00.31:818][  0]LogInit: Applying CVar settings loaded from the selected device profile: [Windows]
[2019.09.15-09.00.31:831][  0]LogHAL: Display: Platform has ~ 8 GB [8543051776 / 8589934592 / 8], which maps to Default [LargestMinGB=32, LargerMinGB=12, DefaultMinGB=8, SmallerMinGB=6, SmallestMinGB=0)
[2019.09.15-09.00.31:831][  0]LogConfig: Setting CVar [[r.Vulkan.UseRealUBs:0		; Required until we fix HLR fall-out]]
[2019.09.15-09.00.31:831][  0]LogInit: Going up to parent DeviceProfile []
[2019.09.15-09.00.31:831][  0]LogConfig: Applying CVar settings from Section [ViewDistanceQuality@1] File [E:/Documents/Unreal Projects/UEVRtrasco/UEVRtrasco/Saved/Config/Windows/Scalability.ini]
[2019.09.15-09.00.31:831][  0]LogConfig: Setting CVar [[r.SkeletalMeshLODBias:1]]
[2019.09.15-09.00.31:831][  0]LogConfig: Setting CVar [[r.ViewDistanceScale:0.6]]
[2019.09.15-09.00.31:831][  0]LogConfig: Applying CVar settings from Section [AntiAliasingQuality@1] File [E:/Documents/Unreal Projects/UEVRtrasco/UEVRtrasco/Saved/Config/Windows/Scalability.ini]
[2019.09.15-09.00.31:831][  0]LogConfig: Setting CVar [[r.PostProcessAAQuality:2]]
[2019.09.15-09.00.31:831][  0]LogConfig: Applying CVar settings from Section [ShadowQuality@1] File [E:/Documents/Unreal Projects/UEVRtrasco/UEVRtrasco/Saved/Config/Windows/Scalability.ini]
[2019.09.15-09.00.31:831][  0]LogConfig: Setting CVar [[r.LightFunctionQuality:1]]
[2019.09.15-09.00.31:831][  0]LogConfig: Setting CVar [[r.ShadowQuality:3]]
[2019.09.15-09.00.31:831][  0]LogConfig: Setting CVar [[r.Shadow.CSM.MaxCascades:1]]
[2019.09.15-09.00.31:831][  0]LogConfig: Setting CVar [[r.Shadow.MaxResolution:1024]]
[2019.09.15-09.00.31:831][  0]LogConfig: Setting CVar [[r.Shadow.MaxCSMResolution:1024]]
[2019.09.15-09.00.31:831][  0]LogConfig: Setting CVar [[r.Shadow.RadiusThreshold:0.05]]
[2019.09.15-09.00.31:831][  0]LogConfig: Setting CVar [[r.Shadow.DistanceScale:0.7]]
[2019.09.15-09.00.31:831][  0]LogConfig: Setting CVar [[r.Shadow.CSM.TransitionScale:0.25]]
[2019.09.15-09.00.31:831][  0]LogConfig: Setting CVar [[r.Shadow.PreShadowResolutionFactor:0.5]]
[2019.09.15-09.00.31:831][  0]LogConfig: Setting CVar [[r.DistanceFieldShadowing:0]]
[2019.09.15-09.00.31:831][  0]LogConfig: Setting CVar [[r.DistanceFieldAO:0]]
[2019.09.15-09.00.31:831][  0]LogConfig: Setting CVar [[r.VolumetricFog:0]]
[2019.09.15-09.00.31:831][  0]LogConfig: Setting CVar [[r.LightMaxDrawDistanceScale:.5]]
[2019.09.15-09.00.31:831][  0]LogConfig: Setting CVar [[r.CapsuleShadows:1]]
[2019.09.15-09.00.31:831][  0]LogConfig: Applying CVar settings from Section [PostProcessQuality@1] File [E:/Documents/Unreal Projects/UEVRtrasco/UEVRtrasco/Saved/Config/Windows/Scalability.ini]
[2019.09.15-09.00.31:831][  0]LogConfig: Setting CVar [[r.MotionBlurQuality:0]]
[2019.09.15-09.00.31:831][  0]LogConfig: Setting CVar [[r.AmbientOcclusionMipLevelFactor:1.0]]
[2019.09.15-09.00.31:831][  0]LogConfig: Setting CVar [[r.AmbientOcclusionMaxQuality:60]]
[2019.09.15-09.00.31:831][  0]LogConfig: Setting CVar [[r.AmbientOcclusionLevels:0]]
[2019.09.15-09.00.31:831][  0]LogConfig: Setting CVar [[r.AmbientOcclusionRadiusScale:1.5]]
[2019.09.15-09.00.31:831][  0]LogConfig: Setting CVar [[r.DepthOfFieldQuality:0]]
[2019.09.15-09.00.31:831][  0]LogConfig: Setting CVar [[r.RenderTargetPoolMin:350]]
[2019.09.15-09.00.31:831][  0]LogConfig: Setting CVar [[r.LensFlareQuality:0]]
[2019.09.15-09.00.31:831][  0]LogConfig: Setting CVar [[r.SceneColorFringeQuality:0]]
[2019.09.15-09.00.31:831][  0]LogConfig: Setting CVar [[r.EyeAdaptationQuality:0]]
[2019.09.15-09.00.31:831][  0]LogConfig: Setting CVar [[r.BloomQuality:1]]
[2019.09.15-09.00.31:831][  0]LogConfig: Setting CVar [[r.FastBlurThreshold:0]]
[2019.09.15-09.00.31:831][  0]LogConfig: Setting CVar [[r.Upscale.Quality:2]]
[2019.09.15-09.00.31:831][  0]LogConfig: Setting CVar [[r.Tonemapper.GrainQuantization:0]]
[2019.09.15-09.00.31:831][  0]LogConfig: Setting CVar [[r.LightShaftQuality:0]]
[2019.09.15-09.00.31:831][  0]LogConfig: Setting CVar [[r.Filter.SizeScale:0.7]]
[2019.09.15-09.00.31:831][  0]LogConfig: Setting CVar [[r.Tonemapper.Quality:2]]
[2019.09.15-09.00.31:831][  0]LogConfig: Setting CVar [[r.DOF.Gather.AccumulatorQuality:0        ; lower gathering accumulator quality]]
[2019.09.15-09.00.31:831][  0]LogConfig: Setting CVar [[r.DOF.Gather.PostfilterMethod:2          ; Max3x3 postfilering method]]
[2019.09.15-09.00.31:831][  0]LogConfig: Setting CVar [[r.DOF.Gather.EnableBokehSettings:0       ; no bokeh simulation when gathering]]
[2019.09.15-09.00.31:831][  0]LogConfig: Setting CVar [[r.DOF.Gather.RingCount:3                 ; low number of samples when gathering]]
[2019.09.15-09.00.31:831][  0]LogConfig: Setting CVar [[r.DOF.Scatter.ForegroundCompositing:0    ; no foreground scattering]]
[2019.09.15-09.00.31:831][  0]LogConfig: Setting CVar [[r.DOF.Scatter.BackgroundCompositing:0    ; no foreground scattering]]
[2019.09.15-09.00.31:831][  0]LogConfig: Setting CVar [[r.DOF.Recombine.Quality:0                ; no slight out of focus]]
[2019.09.15-09.00.31:831][  0]LogConfig: Setting CVar [[r.DOF.TemporalAAQuality:0                ; faster temporal accumulation]]
[2019.09.15-09.00.31:832][  0]LogConfig: Setting CVar [[r.DOF.Kernel.MaxForegroundRadius:0.006   ; required because low gathering and no scattering and not looking great at 1080p]]
[2019.09.15-09.00.31:832][  0]LogConfig: Setting CVar [[r.DOF.Kernel.MaxBackgroundRadius:0.006   ; required because low gathering and no scattering and not looking great at 1080p]]
[2019.09.15-09.00.31:832][  0]LogConfig: Applying CVar settings from Section [TextureQuality@1] File [E:/Documents/Unreal Projects/UEVRtrasco/UEVRtrasco/Saved/Config/Windows/Scalability.ini]
[2019.09.15-09.00.31:832][  0]LogConfig: Setting CVar [[r.Streaming.MipBias:1]]
[2019.09.15-09.00.31:832][  0]LogConfig: Setting CVar [[r.Streaming.AmortizeCPUToGPUCopy:0]]
[2019.09.15-09.00.31:832][  0]LogConfig: Setting CVar [[r.Streaming.MaxNumTexturesToStreamPerFrame:0]]
[2019.09.15-09.00.31:832][  0]LogConfig: Setting CVar [[r.Streaming.Boost:1]]
[2019.09.15-09.00.31:832][  0]LogConfig: Setting CVar [[r.MaxAnisotropy:2]]
[2019.09.15-09.00.31:832][  0]LogConfig: Setting CVar [[r.Streaming.LimitPoolSizeToVRAM:1]]
[2019.09.15-09.00.31:832][  0]LogConfig: Setting CVar [[r.Streaming.PoolSize:600]]
[2019.09.15-09.00.31:832][  0]LogConfig: Setting CVar [[r.Streaming.MaxEffectiveScreenSize:0]]
[2019.09.15-09.00.31:832][  0]LogConfig: Applying CVar settings from Section [EffectsQuality@1] File [E:/Documents/Unreal Projects/UEVRtrasco/UEVRtrasco/Saved/Config/Windows/Scalability.ini]
[2019.09.15-09.00.31:832][  0]LogConfig: Setting CVar [[r.TranslucencyLightingVolumeDim:4]]
[2019.09.15-09.00.31:832][  0]LogConfig: Setting CVar [[r.RefractionQuality:0]]
[2019.09.15-09.00.31:832][  0]LogConfig: Setting CVar [[r.SSR.Quality:0]]
[2019.09.15-09.00.31:832][  0]LogConfig: Setting CVar [[r.SceneColorFormat:2]]
[2019.09.15-09.00.31:832][  0]LogConfig: Setting CVar [[r.DetailMode:1]]
[2019.09.15-09.00.31:832][  0]LogConfig: Setting CVar [[r.TranslucencyVolumeBlur:0]]
[2019.09.15-09.00.31:832][  0]LogConfig: Setting CVar [[r.MaterialQualityLevel:2 ; Medium quality]]
[2019.09.15-09.00.31:832][  0]LogConfig: Setting CVar [[r.SSS.Scale:0.75]]
[2019.09.15-09.00.31:832][  0]LogConfig: Setting CVar [[r.SSS.SampleSet:0]]
[2019.09.15-09.00.31:832][  0]LogConfig: Setting CVar [[r.SSS.Quality:0]]
[2019.09.15-09.00.31:832][  0]LogConfig: Setting CVar [[r.SSS.HalfRes:1]]
[2019.09.15-09.00.31:832][  0]LogConfig: Setting CVar [[r.EmitterSpawnRateScale:0.25]]
[2019.09.15-09.00.31:832][  0]LogConfig: Setting CVar [[r.ParticleLightQuality:0]]
[2019.09.15-09.00.31:832][  0]LogConfig: Applying CVar settings from Section [FoliageQuality@1] File [E:/Documents/Unreal Projects/UEVRtrasco/UEVRtrasco/Saved/Config/Windows/Scalability.ini]
[2019.09.15-09.00.31:832][  0]LogConfig: Setting CVar [[foliage.DensityScale:0.4]]
[2019.09.15-09.00.31:832][  0]LogConfig: Setting CVar [[grass.DensityScale:0.4]]
[2019.09.15-09.00.31:832][  0]LogConfig: Applying CVar settings from Section [Startup] File [../../../Engine/Config/ConsoleVariables.ini]
[2019.09.15-09.00.31:832][  0]LogConfig: Setting CVar [[net.UseAdaptiveNetUpdateFrequency:0]]
[2019.09.15-09.00.31:832][  0]LogConfig: Setting CVar [[p.chaos.AllowCreatePhysxBodies:1]]
[2019.09.15-09.00.31:832][  0]LogConfig: Applying CVar settings from Section [ConsoleVariables] File [E:/Documents/Unreal Projects/UEVRtrasco/UEVRtrasco/Saved/Config/Windows/Engine.ini]
[2019.09.15-09.00.31:832][  0]LogInit: Computer: MYCOMPUTER
[2019.09.15-09.00.31:832][  0]LogInit: User: kingw
[2019.09.15-09.00.31:832][  0]LogInit: CPU Page size=4096, Cores=4
[2019.09.15-09.00.31:832][  0]LogInit: High frequency timer resolution =10.000000 MHz
[2019.09.15-09.00.31:833][  0]LogMemory: Memory total: Physical=8.0GB (8GB approx)
[2019.09.15-09.00.31:833][  0]LogMemory: Platform Memory Stats for Windows
[2019.09.15-09.00.31:833][  0]LogMemory: Process Physical Memory: 103.53 MB used, 103.53 MB peak
[2019.09.15-09.00.31:833][  0]LogMemory: Process Virtual Memory: 97.99 MB used, 97.99 MB peak
[2019.09.15-09.00.31:833][  0]LogMemory: Physical Memory: 4734.86 MB used,  3412.43 MB free, 8147.29 MB total
[2019.09.15-09.00.31:833][  0]LogMemory: Virtual Memory: 4671.90 MB used,  134213056.00 MB free, 134217728.00 MB total
[2019.09.15-09.00.31:854][  0]LogInit: Using OS detected language (ja-JP).
[2019.09.15-09.00.31:854][  0]LogInit: Using OS detected locale (ja-JP).
[2019.09.15-09.00.31:855][  0]LogTextLocalizationManager: No specific localization for 'ja-JP' exists, so the 'ja' localization will be used.
[2019.09.15-09.00.31:918][  0]LogInit: Setting process to per monitor DPI aware
[2019.09.15-09.00.31:957][  0]LogSlate: New Slate User Created.  User Index 0, Is Virtual User: 0
[2019.09.15-09.00.31:957][  0]LogSlate: Slate User Registered.  User Index 0, Is Virtual User: 0
[2019.09.15-09.00.32:200][  0]LogD3D11RHI: D3D11 adapters:
[2019.09.15-09.00.32:269][  0]LogD3D11RHI:    0. 'NVIDIA GeForce GTX 1060 3GB' (Feature Level 11_0)
[2019.09.15-09.00.32:269][  0]LogD3D11RHI:       2988/0/4073 MB DedicatedVideo/DedicatedSystem/SharedSystem, Outputs:1, VendorId:0x10de
[2019.09.15-09.00.32:271][  0]LogD3D11RHI:    1. 'Microsoft Basic Render Driver' (Feature Level 11_0)
[2019.09.15-09.00.32:271][  0]LogD3D11RHI:       0/0/4073 MB DedicatedVideo/DedicatedSystem/SharedSystem, Outputs:0, VendorId:0x1414
[2019.09.15-09.00.32:271][  0]LogD3D11RHI: Chosen D3D11 Adapter: 0
[2019.09.15-09.00.32:279][  0]LogD3D11RHI: Creating new Direct3DDevice
[2019.09.15-09.00.32:279][  0]LogD3D11RHI:     GPU DeviceId: 0x1c02 (for the marketing name, search the web for "GPU Device Id")
[2019.09.15-09.00.32:279][  0]LogWindows: EnumDisplayDevices:
[2019.09.15-09.00.32:279][  0]LogWindows:    0. 'NVIDIA GeForce GTX 1060 3GB' (P:1 D:1)
[2019.09.15-09.00.32:279][  0]LogWindows:    1. 'NVIDIA GeForce GTX 1060 3GB' (P:0 D:0)
[2019.09.15-09.00.32:279][  0]LogWindows:    2. 'NVIDIA GeForce GTX 1060 3GB' (P:0 D:0)
[2019.09.15-09.00.32:280][  0]LogWindows:    3. 'NVIDIA GeForce GTX 1060 3GB' (P:0 D:0)
[2019.09.15-09.00.32:280][  0]LogWindows: DebugString: FoundDriverCount:4 
[2019.09.15-09.00.32:280][  0]LogD3D11RHI:     Adapter Name: NVIDIA GeForce GTX 1060 3GB
[2019.09.15-09.00.32:280][  0]LogD3D11RHI:   Driver Version: 436.15 (internal:26.21.14.3615, unified:436.15)
[2019.09.15-09.00.32:280][  0]LogD3D11RHI:      Driver Date: 8-24-2019
[2019.09.15-09.00.32:280][  0]LogRHI: Texture pool is 2091 MB (70% of 2988 MB)
[2019.09.15-09.00.32:323][  0]LogD3D11RHI: Async texture creation enabled
[2019.09.15-09.00.32:328][  0]LogRendererCore: FGlobalReadBuffer::InitRHI
[2019.09.15-09.00.32:328][  0]LogRendererCore: FGlobalReadBuffer::InitRHI
[2019.09.15-09.00.32:328][  0]LogRendererCore: FGlobalReadBuffer::InitRHI
[2019.09.15-09.00.32:338][  0]LogD3D11RHI: GPU Timing Frequency: 1000.000000 (Debug: 2 1)
[2019.09.15-09.00.32:794][  0]LogTemp: Display: Module 'AllDesktopTargetPlatform' loaded TargetPlatform 'AllDesktop'
[2019.09.15-09.00.32:808][  0]LogTemp: Display: Module 'MacClientTargetPlatform' loaded TargetPlatform 'MacClient'
[2019.09.15-09.00.32:822][  0]LogTemp: Display: Module 'MacNoEditorTargetPlatform' loaded TargetPlatform 'MacNoEditor'
[2019.09.15-09.00.32:837][  0]LogTemp: Display: Module 'MacServerTargetPlatform' loaded TargetPlatform 'MacServer'
[2019.09.15-09.00.32:852][  0]LogTemp: Display: Module 'MacTargetPlatform' loaded TargetPlatform 'Mac'
[2019.09.15-09.00.32:883][  0]LogTemp: Display: Module 'WindowsClientTargetPlatform' loaded TargetPlatform 'WindowsClient'
[2019.09.15-09.00.32:898][  0]LogTemp: Display: Module 'WindowsNoEditorTargetPlatform' loaded TargetPlatform 'WindowsNoEditor'
[2019.09.15-09.00.32:912][  0]LogTemp: Display: Module 'WindowsServerTargetPlatform' loaded TargetPlatform 'WindowsServer'
[2019.09.15-09.00.32:918][  0]LogTemp: Display: Module 'WindowsTargetPlatform' loaded TargetPlatform 'Windows'
[2019.09.15-09.00.33:006][  0]LogTemp: Display: Module 'AndroidTargetPlatform' loaded TargetPlatform 'Android'
[2019.09.15-09.00.33:006][  0]LogTemp: Display: Module 'AndroidTargetPlatform' loaded TargetPlatform 'Android_ASTC'
[2019.09.15-09.00.33:006][  0]LogTemp: Display: Module 'AndroidTargetPlatform' loaded TargetPlatform 'Android_ATC'
[2019.09.15-09.00.33:006][  0]LogTemp: Display: Module 'AndroidTargetPlatform' loaded TargetPlatform 'Android_DXT'
[2019.09.15-09.00.33:006][  0]LogTemp: Display: Module 'AndroidTargetPlatform' loaded TargetPlatform 'Android_ETC1'
[2019.09.15-09.00.33:006][  0]LogTemp: Display: Module 'AndroidTargetPlatform' loaded TargetPlatform 'Android_ETC1a'
[2019.09.15-09.00.33:006][  0]LogTemp: Display: Module 'AndroidTargetPlatform' loaded TargetPlatform 'Android_ETC2'
[2019.09.15-09.00.33:006][  0]LogTemp: Display: Module 'AndroidTargetPlatform' loaded TargetPlatform 'Android_PVRTC'
[2019.09.15-09.00.33:006][  0]LogTemp: Display: Module 'AndroidTargetPlatform' loaded TargetPlatform 'AndroidClient'
[2019.09.15-09.00.33:006][  0]LogTemp: Display: Module 'AndroidTargetPlatform' loaded TargetPlatform 'Android_ASTCClient'
[2019.09.15-09.00.33:006][  0]LogTemp: Display: Module 'AndroidTargetPlatform' loaded TargetPlatform 'Android_ATCClient'
[2019.09.15-09.00.33:006][  0]LogTemp: Display: Module 'AndroidTargetPlatform' loaded TargetPlatform 'Android_DXTClient'
[2019.09.15-09.00.33:006][  0]LogTemp: Display: Module 'AndroidTargetPlatform' loaded TargetPlatform 'Android_ETC1Client'
[2019.09.15-09.00.33:006][  0]LogTemp: Display: Module 'AndroidTargetPlatform' loaded TargetPlatform 'Android_ETC1aClient'
[2019.09.15-09.00.33:006][  0]LogTemp: Display: Module 'AndroidTargetPlatform' loaded TargetPlatform 'Android_ETC2Client'
[2019.09.15-09.00.33:006][  0]LogTemp: Display: Module 'AndroidTargetPlatform' loaded TargetPlatform 'Android_PVRTCClient'
[2019.09.15-09.00.33:006][  0]LogTemp: Display: Module 'AndroidTargetPlatform' loaded TargetPlatform 'Android_Multi'
[2019.09.15-09.00.33:006][  0]LogTemp: Display: Module 'AndroidTargetPlatform' loaded TargetPlatform 'Android_MultiClient'
[2019.09.15-09.00.33:008][  0]LogTemp: Display: Module 'HTML5TargetPlatform' loaded TargetPlatform 'HTML5'
[2019.09.15-09.00.33:058][  0]LogTemp: Display: Module 'IOSTargetPlatform' loaded TargetPlatform 'IOSClient'
[2019.09.15-09.00.33:058][  0]LogTemp: Display: Module 'IOSTargetPlatform' loaded TargetPlatform 'IOS'
[2019.09.15-09.00.33:083][  0]LogTemp: Display: Module 'TVOSTargetPlatform' loaded TargetPlatform 'TVOSClient'
[2019.09.15-09.00.33:083][  0]LogTemp: Display: Module 'TVOSTargetPlatform' loaded TargetPlatform 'TVOS'
[2019.09.15-09.00.33:095][  0]LogTemp: Display: Module 'LinuxClientTargetPlatform' loaded TargetPlatform 'LinuxClient'
[2019.09.15-09.00.33:108][  0]LogTemp: Display: Module 'LinuxNoEditorTargetPlatform' loaded TargetPlatform 'LinuxNoEditor'
[2019.09.15-09.00.33:121][  0]LogTemp: Display: Module 'LinuxServerTargetPlatform' loaded TargetPlatform 'LinuxServer'
[2019.09.15-09.00.33:135][  0]LogTemp: Display: Module 'LinuxTargetPlatform' loaded TargetPlatform 'Linux'
[2019.09.15-09.00.33:183][  0]LogTemp: Display: Module 'LuminTargetPlatform' loaded TargetPlatform 'Lumin'
[2019.09.15-09.00.33:183][  0]LogTemp: Display: Module 'LuminTargetPlatform' loaded TargetPlatform 'LuminClient'
[2019.09.15-09.00.33:183][  0]LogTargetPlatformManager: Display: Building Assets For Windows
[2019.09.15-09.00.33:190][  0]LogAudioDebug: Display: Lib vorbis DLL was dynamically loaded.
[2019.09.15-09.00.33:231][  0]LogShaderCompilers: Guid format shader working directory is -16 characters bigger than the processId version (../../../../../Documents/Unreal Projects/UEVRtrasco/UEVRtrasco/Intermediate/Shaders/WorkingDirectory/4788/).
[2019.09.15-09.00.33:231][  0]LogShaderCompilers: Cleaned the shader compiler working directory 'C:/Users/kingw/AppData/Local/Temp/UnrealShaderWorkingDir/DCD2DC7C415DDD572EDB01B291B06BCE/'.
[2019.09.15-09.00.33:232][  0]LogXGEController: Cleaning working directory: C:/Users/kingw/AppData/Local/Temp/UnrealXGEWorkingDir/
[2019.09.15-09.00.33:233][  0]LogXGEController: Cannot use XGE Controller as Incredibuild is not installed on this machine.
[2019.09.15-09.00.33:233][  0]LogShaderCompilers: Cannot use XGE Shader Compiler as Incredibuild is not installed on this machine.
[2019.09.15-09.00.33:233][  0]LogShaderCompilers: Display: Using Local Shader Compiler.
[2019.09.15-09.00.33:843][  0]LogDerivedDataCache: Display: Max Cache Size: 512 MB
[2019.09.15-09.00.33:916][  0]LogDerivedDataCache: Loaded boot cache 0.07s 73MB C:/Users/kingw/AppData/Local/UnrealEngine/4.22/DerivedDataCache/Boot.ddc.
[2019.09.15-09.00.33:916][  0]LogDerivedDataCache: Display: Loaded Boot cache: C:/Users/kingw/AppData/Local/UnrealEngine/4.22/DerivedDataCache/Boot.ddc
[2019.09.15-09.00.33:916][  0]LogDerivedDataCache: FDerivedDataBackendGraph:  Pak pak cache file ../../../../../Documents/Unreal Projects/UEVRtrasco/UEVRtrasco/DerivedDataCache/DDC.ddp not found, will not use a pak cache.
[2019.09.15-09.00.33:916][  0]LogDerivedDataCache: Unable to find inner node Pak for hierarchical cache Hierarchy.
[2019.09.15-09.00.33:916][  0]LogDerivedDataCache: FDerivedDataBackendGraph:  CompressedPak pak cache file ../../../../../Documents/Unreal Projects/UEVRtrasco/UEVRtrasco/DerivedDataCache/Compressed.ddp not found, will not use a pak cache.
[2019.09.15-09.00.33:916][  0]LogDerivedDataCache: Unable to find inner node CompressedPak for hierarchical cache Hierarchy.
[2019.09.15-09.00.33:929][  0]LogDerivedDataCache: Display: Pak cache opened for reading ../../../Engine/DerivedDataCache/Compressed.ddp.
[2019.09.15-09.00.33:933][  0]LogDerivedDataCache: Display: Pak cache opened for reading ../../../Enterprise/DerivedDataCache/Compressed.ddp.
[2019.09.15-09.00.33:945][  0]LogDerivedDataCache: Using Local data cache path C:/Users/kingw/AppData/Local/UnrealEngine/Common/DerivedDataCache: Writable
[2019.09.15-09.00.33:945][  0]LogDerivedDataCache: Shared data cache path not found in *engine.ini, will not use an Shared cache.
[2019.09.15-09.00.33:945][  0]LogDerivedDataCache: Unable to find inner node Shared for hierarchical cache Hierarchy.
[2019.09.15-09.00.33:968][  0]LogMaterial: Verifying Global Shaders for PCD3D_SM5
[2019.09.15-09.00.33:969][  0]LogSlate: Using FreeType 2.6.0
[2019.09.15-09.00.33:970][  0]LogSlate: SlateFontServices - WITH_FREETYPE: 1, WITH_HARFBUZZ: 1
[2019.09.15-09.00.34:075][  0]LogAssetRegistry: FAssetRegistry took 0.0341 seconds to start up
[2019.09.15-09.00.34:420][  0]LogInit: Selected Device Profile: [Windows]
[2019.09.15-09.00.34:477][  0]LogMeshReduction: Using QuadricMeshReduction for automatic static mesh reduction
[2019.09.15-09.00.34:477][  0]LogMeshReduction: Using SimplygonMeshReduction for automatic skeletal mesh reduction
[2019.09.15-09.00.34:477][  0]LogMeshReduction: Using ProxyLODMeshReduction for automatic mesh merging
[2019.09.15-09.00.34:477][  0]LogMeshReduction: No distributed automatic mesh merging module available
[2019.09.15-09.00.34:477][  0]LogMeshMerging: No distributed automatic mesh merging module available
[2019.09.15-09.00.34:576][  0]LogNetVersion: UEVRtrasco 1.0.0, NetCL: 5660361, EngineNetVer: 10, GameNetVer: 0 (Checksum: 1162023569)
[2019.09.15-09.00.35:108][  0]LogPackageLocalizationCache: Processed 16 localized package path(s) for 1 prioritized culture(s) in 0.073738 seconds
[2019.09.15-09.00.35:117][  0]LogUObjectArray: 42205 objects as part of root set at end of initial load.
[2019.09.15-09.00.35:117][  0]LogUObjectAllocator: 7325032 out of 0 bytes used by permanent object pool.
[2019.09.15-09.00.35:117][  0]LogUObjectArray: CloseDisregardForGC: 0/0 objects in disregard for GC pool
[2019.09.15-09.00.36:183][  0]LogTcpMessaging: Initializing TcpMessaging bridge
[2019.09.15-09.00.36:197][  0]LogUdpMessaging: Initializing bridge on interface 0.0.0.0:0 to multicast group 230.0.0.1:6666.
[2019.09.15-09.00.36:311][  0]SourceControl: ソースコントロールは無効です
[2019.09.15-09.00.36:312][  0]LogWindows: Warning: CreateProc failed: 指定されたファイルが見つかりません。 (0x00000002)
[2019.09.15-09.00.36:312][  0]LogWindows: Warning: URL: C:/Program Files/Git/bin/git.exe version
[2019.09.15-09.00.36:312][  0]LogWindows: Warning: CreateProc failed: 指定されたファイルが見つかりません。 (0x00000002)
[2019.09.15-09.00.36:312][  0]LogWindows: Warning: URL: C:/Program Files (x86)/Git/bin/git.exe version
[2019.09.15-09.00.36:312][  0]LogWindows: Warning: CreateProc failed: 指定されたファイルが見つかりません。 (0x00000002)
[2019.09.15-09.00.36:312][  0]LogWindows: Warning: URL: C:\Users\kingw\AppData\Local/Programs/Git/cmd/git.exe version
[2019.09.15-09.00.36:312][  0]LogWindows: Warning: CreateProc failed: 指定されたファイルが見つかりません。 (0x00000002)
[2019.09.15-09.00.36:312][  0]LogWindows: Warning: URL: C:/Program Files (x86)/SmartGit/git/bin/git.exe version
[2019.09.15-09.00.36:313][  0]LogWindows: Warning: CreateProc failed: 指定されたファイルが見つかりません。 (0x00000002)
[2019.09.15-09.00.36:313][  0]LogWindows: Warning: URL: C:/Program Files (x86)/SmartGit/bin/git.exe version
[2019.09.15-09.00.37:127][  0]LogAndroidPermission: UAndroidPermissionCallbackProxy::GetInstance
[2019.09.15-09.00.37:201][  0]LogOcInput: OculusInput pre-init called
[2019.09.15-09.00.40:302][  0]LogWindows: Failed to load 'libalias_api.dll' (GetLastError=126)
[2019.09.15-09.00.40:302][  0]LogWindows: File 'libalias_api.dll' does not exist
[2019.09.15-09.00.40:303][  0]LogWindows: Failed to load 'libalias_api.dll' (GetLastError=126)
[2019.09.15-09.00.40:303][  0]LogWindows: File 'libalias_api.dll' does not exist
[2019.09.15-09.00.40:455][  0]LogEngine: Initializing Engine...
[2019.09.15-09.00.40:456][  0]LogHMD: Oculus plugin initialized. Version: 4.22.3-7053642+++UE4+Release-4.22, OVRPlugin: 1.32.0
[2019.09.15-09.00.40:457][  0]LogStats: UGameplayTagsManager::InitializeManager -  0.000 s
[2019.09.15-09.00.40:845][  0]LogInit: Initializing FReadOnlyCVARCache
[2019.09.15-09.00.40:856][  0]LogAIModule: Creating AISystem for world Untitled
[2019.09.15-09.00.40:870][  0]LogInit: XAudio2 using 'スピーカー (Realtek High Definition Audio)' : 2 channels at 48 kHz using 32 bits per sample (channel mask 0x3)
[2019.09.15-09.00.40:899][  0]LogInit: FAudioDevice initialized.
[2019.09.15-09.00.40:900][  0]LogNetVersion: Set ProjectVersion to 1.0.0.0. Version Checksum will be recalculated on next use.
[2019.09.15-09.00.41:083][  0]LogDerivedDataCache: Saved boot cache 0.18s 73MB C:/Users/kingw/AppData/Local/UnrealEngine/4.22/DerivedDataCache/Boot.ddc.
[2019.09.15-09.00.41:102][  0]LogInit: Texture streaming: Enabled
[2019.09.15-09.00.41:118][  0]LogEngineSessionManager: EngineSessionManager initialized
[2019.09.15-09.00.41:147][  0]LogInit: Transaction tracking system initialized
[2019.09.15-09.00.41:165][  0]BlueprintLog: New page: エディタの読み込み
[2019.09.15-09.00.41:234][  0]LocalizationService: ローカライズのサービスが無効になりました
[2019.09.15-09.00.41:583][  0]LogCook: Display: Max memory allowance for cook 16384mb min free memory 0mb
[2019.09.15-09.00.41:583][  0]LogCook: Display: Mobile HDR setting 1
[2019.09.15-09.00.41:858][  0]LogFileCache: Scanning file cache for directory 'E:/Documents/Unreal Projects/UEVRtrasco/UEVRtrasco/Content/' took 0.03s
[2019.09.15-09.00.43:567][  0]Cmd: MAP LOAD FILE="../../../../../Documents/Unreal Projects/UEVRtrasco/UEVRtrasco/Content/My/Map/Map1.umap" TEMPLATE=0 SHOWPROGRESS=1 FEATURELEVEL=3
[2019.09.15-09.00.43:567][  0]LightingResults: New page: ライティングのビルド
[2019.09.15-09.00.43:569][  0]MapCheck: New page: マップをチェック
[2019.09.15-09.00.43:569][  0]LightingResults: New page: ライティングのビルド
[2019.09.15-09.00.43:598][  0]LogUObjectHash: Compacting FUObjectHashTables data took   1.91ms
[2019.09.15-09.00.44:695][  0]LogAIModule: Creating AISystem for world Map1
[2019.09.15-09.00.44:750][  0]LogEditorServer: Finished looking for orphan Actors (0.000 secs)
[2019.09.15-09.00.44:799][  0]LogUObjectHash: Compacting FUObjectHashTables data took   3.60ms
[2019.09.15-09.00.44:799][  0]Cmd: MAP CHECKDEP NOCLEARLOG
[2019.09.15-09.00.44:799][  0]MapCheck: マップチェックが完了: 0 エラー、 0 警告、完了に 0.314ミリ秒かかりました。
[2019.09.15-09.00.44:800][  0]LogFileHelpers: Loading map 'Map1' took 1.233
[2019.09.15-09.00.44:920][  0]LogSlate: Updating window title bar state: overlay mode, drag disabled, window buttons hidden, title bar hidden
[2019.09.15-09.00.44:932][  0]LogSlate: Updating window title bar state: overlay mode, drag disabled, window buttons hidden, title bar hidden
[2019.09.15-09.00.44:943][  0]LogSlate: Updating window title bar state: overlay mode, drag disabled, window buttons hidden, title bar hidden
[2019.09.15-09.00.44:954][  0]LogSlate: Updating window title bar state: overlay mode, drag disabled, window buttons hidden, title bar hidden
[2019.09.15-09.00.44:959][  0]LogCollectionManager: Loaded 0 collections in 0.001191 seconds
[2019.09.15-09.00.45:001][  0]LogFileCache: Scanning file cache for directory 'E:/Documents/Unreal Projects/UEVRtrasco/UEVRtrasco/Saved/Collections/' took 0.01s
[2019.09.15-09.00.45:001][  0]LogFileCache: Scanning file cache for directory 'E:/Documents/Unreal Projects/UEVRtrasco/UEVRtrasco/Content/Developers/kingw/Collections/' took 0.01s
[2019.09.15-09.00.45:001][  0]LogFileCache: Scanning file cache for directory 'E:/Documents/Unreal Projects/UEVRtrasco/UEVRtrasco/Content/Collections/' took 0.01s
[2019.09.15-09.00.45:001][  0]LogCollectionManager: Rebuilt the GUID cache for 0 collections in 0.000001 seconds
[2019.09.15-09.00.45:013][  0]LogContentBrowser: Native class hierarchy populated in 0.0118 seconds. Added 2864 classes and 726 folders.
[2019.09.15-09.00.45:018][  0]LogContentBrowser: Native class hierarchy updated for 'WidgetCarousel' in 0.0003 seconds. Added 0 classes and 0 folders.
[2019.09.15-09.00.45:021][  0]LogPakFile: Registered encryption key '00000000000000000000000000000000': 0 pak files mounted, 0 remain pending
[2019.09.15-09.00.45:022][  0]LogPakFile: Registered encryption key '00000000000000000000000000000000': 0 pak files mounted, 0 remain pending
[2019.09.15-09.00.45:023][  0]LogPakFile: Registered encryption key '00000000000000000000000000000000': 0 pak files mounted, 0 remain pending
[2019.09.15-09.00.45:024][  0]LogPakFile: Registered encryption key '00000000000000000000000000000000': 0 pak files mounted, 0 remain pending
[2019.09.15-09.00.45:025][  0]LogPakFile: Registered encryption key '00000000000000000000000000000000': 0 pak files mounted, 0 remain pending
[2019.09.15-09.00.45:025][  0]LogPakFile: Registered encryption key '00000000000000000000000000000000': 0 pak files mounted, 0 remain pending
[2019.09.15-09.00.45:027][  0]LogPakFile: Registered encryption key '00000000000000000000000000000000': 0 pak files mounted, 0 remain pending
[2019.09.15-09.00.45:027][  0]LogPakFile: Registered encryption key '00000000000000000000000000000000': 0 pak files mounted, 0 remain pending
[2019.09.15-09.00.45:028][  0]LogPakFile: Registered encryption key '00000000000000000000000000000000': 0 pak files mounted, 0 remain pending
[2019.09.15-09.00.45:029][  0]LogPakFile: Registered encryption key '00000000000000000000000000000000': 0 pak files mounted, 0 remain pending
[2019.09.15-09.00.45:030][  0]LogPakFile: Registered encryption key '00000000000000000000000000000000': 0 pak files mounted, 0 remain pending
[2019.09.15-09.00.45:030][  0]LogPakFile: Registered encryption key '00000000000000000000000000000000': 0 pak files mounted, 0 remain pending
[2019.09.15-09.00.45:031][  0]LogPakFile: Registered encryption key '00000000000000000000000000000000': 0 pak files mounted, 0 remain pending
[2019.09.15-09.00.45:032][  0]LogPakFile: Registered encryption key '00000000000000000000000000000000': 0 pak files mounted, 0 remain pending
[2019.09.15-09.00.45:032][  0]LogPakFile: Registered encryption key '00000000000000000000000000000000': 0 pak files mounted, 0 remain pending
[2019.09.15-09.00.45:033][  0]LogPakFile: Registered encryption key '00000000000000000000000000000000': 0 pak files mounted, 0 remain pending
[2019.09.15-09.00.45:034][  0]LogPakFile: Registered encryption key '00000000000000000000000000000000': 0 pak files mounted, 0 remain pending
[2019.09.15-09.00.45:035][  0]LogPakFile: Registered encryption key '00000000000000000000000000000000': 0 pak files mounted, 0 remain pending
[2019.09.15-09.00.45:035][  0]LogPakFile: Registered encryption key '00000000000000000000000000000000': 0 pak files mounted, 0 remain pending
[2019.09.15-09.00.45:036][  0]LogPakFile: Registered encryption key '00000000000000000000000000000000': 0 pak files mounted, 0 remain pending
[2019.09.15-09.00.45:038][  0]LogPakFile: Registered encryption key '00000000000000000000000000000000': 0 pak files mounted, 0 remain pending
[2019.09.15-09.00.45:039][  0]LogPakFile: Registered encryption key '00000000000000000000000000000000': 0 pak files mounted, 0 remain pending
[2019.09.15-09.00.45:040][  0]LogPakFile: Registered encryption key '00000000000000000000000000000000': 0 pak files mounted, 0 remain pending
[2019.09.15-09.00.45:041][  0]LogPakFile: Registered encryption key '00000000000000000000000000000000': 0 pak files mounted, 0 remain pending
[2019.09.15-09.00.45:042][  0]LogPakFile: Registered encryption key '00000000000000000000000000000000': 0 pak files mounted, 0 remain pending
[2019.09.15-09.00.45:043][  0]LogPakFile: Registered encryption key '00000000000000000000000000000000': 0 pak files mounted, 0 remain pending
[2019.09.15-09.00.45:044][  0]LogPakFile: Registered encryption key '00000000000000000000000000000000': 0 pak files mounted, 0 remain pending
[2019.09.15-09.00.45:045][  0]LogPakFile: Registered encryption key '00000000000000000000000000000000': 0 pak files mounted, 0 remain pending
[2019.09.15-09.00.45:102][  0]LogContentBrowser: Native class hierarchy updated for 'AddContentDialog' in 0.0003 seconds. Added 0 classes and 0 folders.
[2019.09.15-09.00.45:107][  0]LogContentBrowser: Native class hierarchy updated for 'SceneOutliner' in 0.0003 seconds. Added 1 classes and 0 folders.
[2019.09.15-09.00.45:205][  0]LogSlate: Took 0.000218 seconds to synchronously load lazily loaded font '../../../Engine/Content/Slate/Fonts/Roboto-Regular.ttf' (155K)
[2019.09.15-09.00.45:207][  0]LogSlate: Took 0.000474 seconds to synchronously load lazily loaded font '../../../Engine/Content/Editor/Slate/Fonts/GenEiGothicPro-Regular.otf' (707K)
[2019.09.15-09.00.45:208][  0]LogSlate: Took 0.000420 seconds to synchronously load lazily loaded font '../../../Engine/Content/Editor/Slate/Fonts/GenEiGothicPro-Bold.otf' (698K)
[2019.09.15-09.00.45:208][  0]LogSlate: Took 0.000168 seconds to synchronously load lazily loaded font '../../../Engine/Content/Slate/Fonts/Roboto-Bold.ttf' (160K)
[2019.09.15-09.00.45:211][  0]LogSlate: Took 0.000216 seconds to synchronously load lazily loaded font '../../../Engine/Content/Editor/Slate/Fonts/FontAwesome.ttf' (139K)
[2019.09.15-09.00.45:281][  0]LogRenderer: Reallocating scene render targets to support 1216x572 Format 26 NumSamples 1 (Frame:1).
[2019.09.15-09.00.45:458][  0]LogContentBrowser: Native class hierarchy updated for 'HierarchicalLODOutliner' in 0.0003 seconds. Added 0 classes and 0 folders.
[2019.09.15-09.00.45:458][  0]LogLoad: (Engine Initialization) Total time: 17.13 seconds
[2019.09.15-09.00.45:458][  0]LogLoad: (Engine Initialization) Total Blueprint compile time: 0.00 seconds
[2019.09.15-09.00.45:479][  0]LogOcInput: OculusInput is initialized
[2019.09.15-09.00.45:513][  0]LogAssetRegistry: Asset discovery search completed in 11.4602 seconds
[2019.09.15-09.00.45:515][  0]LogCollectionManager: Rebuilt the object cache for 0 collections in 0.000000 seconds (found 0 objects)
[2019.09.15-09.00.45:516][  0]LogCollectionManager: Fixed up redirectors for 0 collections in 0.000128 seconds (updated 0 objects)
[2019.09.15-09.00.45:520][  0]LogContentStreaming: Texture pool size now 600 MB
[2019.09.15-09.00.45:557][  0]LogSlate: Took 0.000334 seconds to synchronously load lazily loaded font '../../../Engine/Content/Slate/Fonts/Roboto-Light.ttf' (167K)
[2019.09.15-09.00.45:815][  1]LogSlate: New Slate User Created.  User Index 8, Is Virtual User: 1
[2019.09.15-09.00.45:815][  1]LogSlate: Slate User Registered.  User Index 8, Is Virtual User: 1
[2019.09.15-09.01.04:969][ 61]LogSlate: Warning: Legacy localized fallback font '../../../Engine/Content/Slate/Fonts/DroidSansFallback.ttf' was requested. Font: '/Engine/EngineFonts/Faces/RobotoBold.RobotoBold', Character: 'の (U+306e)'
Legacy localized fallback fonts were deprecated in 4.22 and will be removed in a future version!
Please update your composite fonts to use localized sub-font families: https://docs.unrealengine.com/en-US/Engine/UMG/UserGuide/Fonts/Overview
[2019.09.15-09.01.04:971][ 61]LogSlate: Took 0.002079 seconds to synchronously load lazily loaded font '../../../Engine/Content/Slate/Fonts/DroidSansFallback.ttf' (3848K)
[2019.09.15-09.02.57:077][368]LogSlate: FSceneViewport::OnFocusLost() reason 0
[2019.09.15-09.02.57:187][381]LogTemp: Repeating last play command: VR プレビュー
[2019.09.15-09.02.57:213][381]LogBlueprintUserMessages: Early PlayInEditor Detection: Level '/Game/My/Map/Map1.Map1:PersistentLevel' has LevelScriptBlueprint '/Game/My/Map/Map1.Map1:PersistentLevel.Map1' with GeneratedClass '/Game/My/Map/Map1.Map1_C' with ClassGeneratedBy '/Game/My/Map/Map1.Map1:PersistentLevel.Map1'
[2019.09.15-09.02.57:213][381]LogPlayLevel: PlayLevel: No blueprints needed recompiling
[2019.09.15-09.02.57:213][381]LogHMD: Initializing OVRPlugin session
[2019.09.15-09.02.57:341][381]LogHMD: Allocating Oculus 2688 x 1600 rendertarget swapchain
[2019.09.15-09.02.57:343][381]PIE: New page: PIEセッション: Map1 (2019/09/16 3:02:57)
[2019.09.15-09.02.57:356][381]LogPlayLevel: Creating play world package: /Game/My/Map/UEDPIE_0_Map1
[2019.09.15-09.02.57:400][381]LogPlayLevel: PIE: StaticDuplicateObject took: (0.043206s)
[2019.09.15-09.02.57:400][381]LogAIModule: Creating AISystem for world Map1
[2019.09.15-09.02.57:401][381]LogPlayLevel: PIE: World Init took: (0.001001s)
[2019.09.15-09.02.57:401][381]LogPlayLevel: PIE: Created PIE world by copying editor world from /Game/My/Map/Map1.Map1 to /Game/My/Map/UEDPIE_0_Map1.Map1 (0.044578s)
[2019.09.15-09.02.57:430][381]LogUObjectHash: Compacting FUObjectHashTables data took   1.86ms
[2019.09.15-09.02.57:476][381]LogInit: XAudio2 using 'スピーカー (Realtek High Definition Audio)' : 2 channels at 48 kHz using 32 bits per sample (channel mask 0x3)
[2019.09.15-09.02.57:497][381]LogInit: FAudioDevice initialized.
[2019.09.15-09.02.57:503][381]LogSlate: Updating window title bar state: overlay mode, drag disabled, window buttons hidden, title bar hidden
[2019.09.15-09.02.57:571][381]LogUObjectGlobals: Warning: オブジェクト 'Class なし.' が見つかりませんでした
[2019.09.15-09.02.57:571][381]LogLoad: Game class is 'GameModeBase'
[2019.09.15-09.02.57:577][381]LogWorld: Bringing World /Game/My/Map/UEDPIE_0_Map1.Map1 up for play (max tick rate 0) at 2019.09.15-18.02.57
[2019.09.15-09.02.57:578][381]LogWorld: Bringing up level for play took: 0.006035
[2019.09.15-09.02.57:614][381]LogContentBrowser: Native class hierarchy updated for 'MovieSceneCapture' in 0.0004 seconds. Added 20 classes and 0 folders.
[2019.09.15-09.02.57:622][381]Cmd: Stereo On
[2019.09.15-09.02.57:622][381]Warning: Stereo On is deprecated. Use vr.bEnableStereo True instead
[2019.09.15-09.02.57:625][381]PIE: /Game/My/Map/UEDPIE_0_Map1 0.341のプレイ イン エディタの開始時間
[2019.09.15-09.02.57:626][381]LogBlueprintUserMessages: Late PlayInEditor Detection: Level '/Game/My/Map/Map1.Map1:PersistentLevel' has LevelScriptBlueprint '/Game/My/Map/Map1.Map1:PersistentLevel.Map1' with GeneratedClass '/Game/My/Map/Map1.Map1_C' with ClassGeneratedBy '/Game/My/Map/Map1.Map1:PersistentLevel.Map1'
[2019.09.15-09.02.57:626][381]LogEngine: Changing dynamic resolution state.
[2019.09.15-09.02.57:651][381]LogRenderer: Reallocating scene render targets to support 1912x1136 Format 26 NumSamples 1 (Frame:1).
[2019.09.15-09.03.33:255][267]LogBlueprintUserMessages: Early EndPlayMap Detection: Level '/Game/My/Map/Map1.Map1:PersistentLevel' has LevelScriptBlueprint '/Game/My/Map/Map1.Map1:PersistentLevel.Map1' with GeneratedClass '/Game/My/Map/Map1.Map1_C' with ClassGeneratedBy '/Game/My/Map/Map1.Map1:PersistentLevel.Map1'
[2019.09.15-09.03.33:331][267]LogSlate: Updating window title bar state: overlay mode, drag disabled, window buttons hidden, title bar hidden
[2019.09.15-09.03.33:400][267]LogSlate: Window 'UEVRtrasco ゲームプレビュー Standalone (64-ビット/PCD3D_SM5)' being destroyed
[2019.09.15-09.03.33:439][267]LogPlayLevel: Display: Shutting down PIE online subsystems
[2019.09.15-09.03.33:439][267]LogBlueprintUserMessages: Late EndPlayMap Detection: Level '/Game/My/Map/Map1.Map1:PersistentLevel' has LevelScriptBlueprint '/Game/My/Map/Map1.Map1:PersistentLevel.Map1' with GeneratedClass '/Game/My/Map/Map1.Map1_C' with ClassGeneratedBy '/Game/My/Map/Map1.Map1:PersistentLevel.Map1'
[2019.09.15-09.03.33:488][267]LogUObjectHash: Compacting FUObjectHashTables data took   2.72ms
[2019.09.15-09.03.33:510][268]LogPlayLevel: Display: Destroying online subsystem :Context_3
[2019.09.15-09.03.33:511][268]LogEngine: Changing dynamic resolution state.
[2019.09.15-09.08.01:224][383]LogTemp: Repeating last play command: VR プレビュー
[2019.09.15-09.08.01:245][383]LogBlueprintUserMessages: Early PlayInEditor Detection: Level '/Game/My/Map/Map1.Map1:PersistentLevel' has LevelScriptBlueprint '/Game/My/Map/Map1.Map1:PersistentLevel.Map1' with GeneratedClass '/Game/My/Map/Map1.Map1_C' with ClassGeneratedBy '/Game/My/Map/Map1.Map1:PersistentLevel.Map1'
[2019.09.15-09.08.01:245][383]LogPlayLevel: PlayLevel: No blueprints needed recompiling
[2019.09.15-09.08.01:245][383]LogHMD: Initializing OVRPlugin session
[2019.09.15-09.08.01:315][383]LogHMD: Allocating Oculus 2688 x 1600 rendertarget swapchain
[2019.09.15-09.08.01:315][383]PIE: New page: PIEセッション: Map1 (2019/09/16 3:08:01)
[2019.09.15-09.08.01:316][383]LogPlayLevel: Creating play world package: /Game/My/Map/UEDPIE_0_Map1
[2019.09.15-09.08.01:346][383]LogPlayLevel: PIE: StaticDuplicateObject took: (0.029969s)
[2019.09.15-09.08.01:346][383]LogAIModule: Creating AISystem for world Map1
[2019.09.15-09.08.01:347][383]LogPlayLevel: PIE: World Init took: (0.000841s)
[2019.09.15-09.08.01:347][383]LogPlayLevel: PIE: Created PIE world by copying editor world from /Game/My/Map/Map1.Map1 to /Game/My/Map/UEDPIE_0_Map1.Map1 (0.031024s)
[2019.09.15-09.08.01:376][383]LogUObjectHash: Compacting FUObjectHashTables data took   1.53ms
[2019.09.15-09.08.01:385][383]LogInit: XAudio2 using 'スピーカー (Realtek High Definition Audio)' : 2 channels at 48 kHz using 32 bits per sample (channel mask 0x3)
[2019.09.15-09.08.01:408][383]LogInit: FAudioDevice initialized.
[2019.09.15-09.08.01:415][383]LogSlate: Updating window title bar state: overlay mode, drag disabled, window buttons hidden, title bar hidden
[2019.09.15-09.08.01:476][383]LogUObjectGlobals: Warning: オブジェクト 'Class なし.' が見つかりませんでした
[2019.09.15-09.08.01:476][383]LogLoad: Game class is 'GameModeBase'
[2019.09.15-09.08.01:482][383]LogWorld: Bringing World /Game/My/Map/UEDPIE_0_Map1.Map1 up for play (max tick rate 0) at 2019.09.15-18.08.01
[2019.09.15-09.08.01:483][383]LogWorld: Bringing up level for play took: 0.006362
[2019.09.15-09.08.01:502][383]Cmd: Stereo On
[2019.09.15-09.08.01:502][383]Warning: Stereo On is deprecated. Use vr.bEnableStereo True instead
[2019.09.15-09.08.01:504][383]PIE: /Game/My/Map/UEDPIE_0_Map1 0.22のプレイ イン エディタの開始時間
[2019.09.15-09.08.01:505][383]LogBlueprintUserMessages: Late PlayInEditor Detection: Level '/Game/My/Map/Map1.Map1:PersistentLevel' has LevelScriptBlueprint '/Game/My/Map/Map1.Map1:PersistentLevel.Map1' with GeneratedClass '/Game/My/Map/Map1.Map1_C' with ClassGeneratedBy '/Game/My/Map/Map1.Map1:PersistentLevel.Map1'
[2019.09.15-09.08.01:505][383]LogEngine: Changing dynamic resolution state.
[2019.09.15-09.15.46:628][413]LogEngine: Changing dynamic resolution state.
[2019.09.15-09.15.46:705][414]LogUnrealEdMisc: Warning: Heartbeat event firing too frequently (5.064 sec). This should never happen. Something is wrong with the timer delegate!
[2019.09.15-09.15.48:719][418]LogInit: XAudio2 using 'スピーカー (Realtek High Definition Audio)' : 2 channels at 48 kHz using 32 bits per sample (channel mask 0x3)
[2019.09.15-09.15.48:798][418]LogInit: XAudio2 using 'スピーカー (Realtek High Definition Audio)' : 2 channels at 48 kHz using 32 bits per sample (channel mask 0x3)
[2019.09.15-09.15.51:346][424]LogHMD: Initializing OVRPlugin session
[2019.09.15-09.15.54:230][424]LogHMD: Allocating Oculus 2688 x 1600 rendertarget swapchain
[2019.09.15-09.15.54:385][424]LogInit: XAudio2 using 'スピーカー (Realtek High Definition Audio)' : 2 channels at 48 kHz using 32 bits per sample (channel mask 0x3)
[2019.09.15-09.15.54:422][424]LogInit: XAudio2 using 'スピーカー (Realtek High Definition Audio)' : 2 channels at 48 kHz using 32 bits per sample (channel mask 0x3)
[2019.09.15-09.15.54:438][425]LogEngine: Changing dynamic resolution state.
